#
# There is insufficient memory for the Java Runtime Environment to continue.
# Native memory allocation (malloc) failed to allocate 46137344 bytes for committing reserved memory.
# Possible reasons:
#   The system is out of physical RAM or swap space
#   In 32 bit mode, the process size limit was hit
# Possible solutions:
#   Reduce memory load on the system
#   Increase physical memory or swap space
#   Check if swap backing store is full
#   Use 64 bit Java on a 64 bit OS
#   Decrease Java heap size (-Xmx/-Xms)
#   Decrease number of Java threads
#   Decrease Java thread stack sizes (-Xss)
#   Set larger code cache with -XX:ReservedCodeCacheSize=
# This output file may be truncated or incomplete.
#
#  Out of Memory Error (os_linux.cpp:2827), pid=3865, tid=140448858314496
#
# JRE version: OpenJDK Runtime Environment (7.0_101) (build 1.7.0_101-b00)
# Java VM: OpenJDK 64-Bit Server VM (24.95-b01 mixed mode linux-amd64 compressed oops)
# Derivative: IcedTea 2.6.6
# Distribution: Debian GNU/Linux 8.2 (jessie), package 7u101-2.6.6-1~deb8u1
# Failed to write core dump. Core dumps have been disabled. To enable core dumping, try "ulimit -c unlimited" before starting Java again
#

---------------  T H R E A D  ---------------

Current thread (0x00007fbcc8076000):  VMThread [stack: 0x00007fbccc3f1000,0x00007fbccc4f2000] [id=3905]

Stack: [0x00007fbccc3f1000,0x00007fbccc4f2000],  sp=0x00007fbccc4f04e0,  free space=1021k
Native frames: (J=compiled Java code, j=interpreted, Vv=VM code, C=native code)
V  [libjvm.so+0x9893b6]
V  [libjvm.so+0x493832]
V  [libjvm.so+0x7fb2db]
V  [libjvm.so+0x7f59be]
V  [libjvm.so+0x86937b]
V  [libjvm.so+0x86a233]
V  [libjvm.so+0x86a94b]
V  [libjvm.so+0x8662b1]
V  [libjvm.so+0x866b28]
V  [libjvm.so+0x81e603]
V  [libjvm.so+0x98ac82]
V  [libjvm.so+0x98f107]
V  [libjvm.so+0x98d87b]
V  [libjvm.so+0x98df26]
V  [libjvm.so+0x98e3f1]
V  [libjvm.so+0x7f8202]

VM_Operation (0x00007fbcbc704fd0): ParallelGCFailedAllocation, mode: safepoint, requested by thread 0x00007fbcc8197800


---------------  P R O C E S S  ---------------

Java Threads: ( => current thread )
  0x00007fbcc8197800 JavaThread "pool-2-thread-4" [_thread_blocked, id=3942, stack(0x00007fbcbc606000,0x00007fbcbc707000)]
  0x00007fbcc8196000 JavaThread "pool-2-thread-3" [_thread_blocked, id=3941, stack(0x00007fbcbc707000,0x00007fbcbc808000)]
  0x00007fbcc8194800 JavaThread "pool-2-thread-2" [_thread_blocked, id=3940, stack(0x00007fbcbc808000,0x00007fbcbc909000)]
  0x00007fbcc8191800 JavaThread "pool-3-thread-1" [_thread_blocked, id=3938, stack(0x00007fbcbc909000,0x00007fbcbca0a000)]
  0x00007fbcc8190000 JavaThread "pool-2-thread-1" [_thread_blocked, id=3937, stack(0x00007fbcc4002000,0x00007fbcc4103000)]
  0x00007fbcc80b0800 JavaThread "Service Thread" daemon [_thread_blocked, id=3925, stack(0x00007fbcc4bfc000,0x00007fbcc4cfd000)]
  0x00007fbcc80ae000 JavaThread "C2 CompilerThread1" daemon [_thread_blocked, id=3924, stack(0x00007fbcc4cfd000,0x00007fbcc4dfe000)]
  0x00007fbcc80ab000 JavaThread "C2 CompilerThread0" daemon [_thread_blocked, id=3923, stack(0x00007fbcc4dfe000,0x00007fbcc4eff000)]
  0x00007fbcc80a9000 JavaThread "Signal Dispatcher" daemon [_thread_blocked, id=3916, stack(0x00007fbcc4eff000,0x00007fbcc5000000)]
  0x00007fbcc807c800 JavaThread "Finalizer" daemon [_thread_blocked, id=3911, stack(0x00007fbccc1ef000,0x00007fbccc2f0000)]
  0x00007fbcc807a800 JavaThread "Reference Handler" daemon [_thread_blocked, id=3908, stack(0x00007fbccc2f0000,0x00007fbccc3f1000)]
  0x00007fbcc800a800 JavaThread "main" [_thread_blocked, id=3885, stack(0x00007fbcd15cf000,0x00007fbcd16d0000)]

Other Threads:
=>0x00007fbcc8076000 VMThread [stack: 0x00007fbccc3f1000,0x00007fbccc4f2000] [id=3905]
  0x00007fbcc80bb800 WatcherThread [stack: 0x00007fbcc4afb000,0x00007fbcc4bfc000] [id=3926]

VM state:at safepoint (normal execution)

VM Mutex/Monitor currently owned by a thread:  ([mutex/lock_event])
[0x00007fbcc8006b80] Threads_lock - owner thread: 0x00007fbcc8076000
[0x00007fbcc8007080] Heap_lock - owner thread: 0x00007fbcc8197800

Heap
 PSYoungGen      total 34304K, used 2528K [0x00000000eaa80000, 0x00000000ece80000, 0x0000000100000000)
  eden space 31744K, 0% used [0x00000000eaa80000,0x00000000eaa80000,0x00000000ec980000)
  from space 2560K, 98% used [0x00000000ec980000,0x00000000ecbf8028,0x00000000ecc00000)
  to   space 2560K, 0% used [0x00000000ecc00000,0x00000000ecc00000,0x00000000ece80000)
 ParOldGen       total 40960K, used 12480K [0x00000000c0000000, 0x00000000c2800000, 0x00000000eaa80000)
  object space 40960K, 30% used [0x00000000c0000000,0x00000000c0c30018,0x00000000c2800000)
 PSPermGen       total 21504K, used 6260K [0x00000000b5a00000, 0x00000000b6f00000, 0x00000000c0000000)
  object space 21504K, 29% used [0x00000000b5a00000,0x00000000b601d1c0,0x00000000b6f00000)

Card table byte_map: [0x00007fbccdf9a000,0x00007fbcce1ee000] byte_map_base: 0x00007fbccd9ed000

Polling page: 0x00007fbcd16f2000

Code Cache  [0x00007fbcc5000000, 0x00007fbcc5270000, 0x00007fbcc8000000)
 total_blobs=458 nmethods=228 adapters=183 free_code_cache=48289Kb largest_free_block=49420480

Compilation events (10 events):
Event: 7.258 Thread 0x00007fbcc80ab000 nmethod 226 0x00007fbcc50cd2d0 code [0x00007fbcc50cd420, 0x00007fbcc50cd558]
Event: 7.258 Thread 0x00007fbcc80ab000  227             com.android.dx.ssa.SsaInsn::mapRegisters (35 bytes)
Event: 7.311 Thread 0x00007fbcc80ab000 nmethod 227 0x00007fbcc50ce090 code [0x00007fbcc50ce2a0, 0x00007fbcc50ce980]
Event: 7.311 Thread 0x00007fbcc80ab000  228             com.android.dx.rop.code.RegisterSpec::getNextReg (10 bytes)
Event: 7.312 Thread 0x00007fbcc80ab000 nmethod 228 0x00007fbcc50d0810 code [0x00007fbcc50d0960, 0x00007fbcc50d0a18]
Event: 7.312 Thread 0x00007fbcc80ab000  229             com.android.dx.rop.code.BasicBlockList$RegCountVisitor::processReg (19 bytes)
Event: 7.336 Thread 0x00007fbcc80ab000 nmethod 229 0x00007fbcc50cb1d0 code [0x00007fbcc50cb320, 0x00007fbcc50cb3f8]
Event: 7.336 Thread 0x00007fbcc80ab000  230             com.android.dx.ssa.SsaRenamer::access$000 (5 bytes)
Event: 7.336 Thread 0x00007fbcc80ab000 nmethod 230 0x00007fbcc5060c10 code [0x00007fbcc5060d40, 0x00007fbcc5060d98]
Event: 7.336 Thread 0x00007fbcc80ab000  231             com.android.dx.ssa.SCCP::run (298 bytes)

GC Heap History (9 events):
Event: 2.954 GC heap before
{Heap before GC invocations=1 (full 0):
 PSYoungGen      total 18432K, used 15872K [0x00000000eaa80000, 0x00000000ebf00000, 0x0000000100000000)
  eden space 15872K, 100% used [0x00000000eaa80000,0x00000000eba00000,0x00000000eba00000)
  from space 2560K, 0% used [0x00000000ebc80000,0x00000000ebc80000,0x00000000ebf00000)
  to   space 2560K, 0% used [0x00000000eba00000,0x00000000eba00000,0x00000000ebc80000)
 ParOldGen       total 40960K, used 0K [0x00000000c0000000, 0x00000000c2800000, 0x00000000eaa80000)
  object space 40960K, 0% used [0x00000000c0000000,0x00000000c0000000,0x00000000c2800000)
 PSPermGen       total 21504K, used 5638K [0x00000000b5a00000, 0x00000000b6f00000, 0x00000000c0000000)
  object space 21504K, 26% used [0x00000000b5a00000,0x00000000b5f81840,0x00000000b6f00000)
Event: 2.959 GC heap after
Heap after GC invocations=1 (full 0):
 PSYoungGen      total 18432K, used 2497K [0x00000000eaa80000, 0x00000000ebf00000, 0x0000000100000000)
  eden space 15872K, 0% used [0x00000000eaa80000,0x00000000eaa80000,0x00000000eba00000)
  from space 2560K, 97% used [0x00000000eba00000,0x00000000ebc706a8,0x00000000ebc80000)
  to   space 2560K, 0% used [0x00000000ebc80000,0x00000000ebc80000,0x00000000ebf00000)
 ParOldGen       total 40960K, used 0K [0x00000000c0000000, 0x00000000c2800000, 0x00000000eaa80000)
  object space 40960K, 0% used [0x00000000c0000000,0x00000000c0000000,0x00000000c2800000)
 PSPermGen       total 21504K, used 5638K [0x00000000b5a00000, 0x00000000b6f00000, 0x00000000c0000000)
  object space 21504K, 26% used [0x00000000b5a00000,0x00000000b5f81840,0x00000000b6f00000)
}
Event: 4.181 GC heap before
{Heap before GC invocations=2 (full 0):
 PSYoungGen      total 18432K, used 18369K [0x00000000eaa80000, 0x00000000ebf00000, 0x0000000100000000)
  eden space 15872K, 100% used [0x00000000eaa80000,0x00000000eba00000,0x00000000eba00000)
  from space 2560K, 97% used [0x00000000eba00000,0x00000000ebc706a8,0x00000000ebc80000)
  to   space 2560K, 0% used [0x00000000ebc80000,0x00000000ebc80000,0x00000000ebf00000)
 ParOldGen       total 40960K, used 0K [0x00000000c0000000, 0x00000000c2800000, 0x00000000eaa80000)
  object space 40960K, 0% used [0x00000000c0000000,0x00000000c0000000,0x00000000c2800000)
 PSPermGen       total 21504K, used 6092K [0x00000000b5a00000, 0x00000000b6f00000, 0x00000000c0000000)
  object space 21504K, 28% used [0x00000000b5a00000,0x00000000b5ff3380,0x00000000b6f00000)
Event: 4.220 GC heap after
Heap after GC invocations=2 (full 0):
 PSYoungGen      total 18432K, used 2538K [0x00000000eaa80000, 0x00000000ece80000, 0x0000000100000000)
  eden space 15872K, 0% used [0x00000000eaa80000,0x00000000eaa80000,0x00000000eba00000)
  from space 2560K, 99% used [0x00000000ebc80000,0x00000000ebefaaa8,0x00000000ebf00000)
  to   space 2560K, 0% used [0x00000000eba00000,0x00000000eba00000,0x00000000ebc80000)
 ParOldGen       total 40960K, used 1252K [0x00000000c0000000, 0x00000000c2800000, 0x00000000eaa80000)
  object space 40960K, 3% used [0x00000000c0000000,0x00000000c01393a8,0x00000000c2800000)
 PSPermGen       total 21504K, used 6092K [0x00000000b5a00000, 0x00000000b6f00000, 0x00000000c0000000)
  object space 21504K, 28% used [0x00000000b5a00000,0x00000000b5ff3380,0x00000000b6f00000)
}
Event: 5.077 GC heap before
{Heap before GC invocations=3 (full 0):
 PSYoungGen      total 18432K, used 18410K [0x00000000eaa80000, 0x00000000ece80000, 0x0000000100000000)
  eden space 15872K, 100% used [0x00000000eaa80000,0x00000000eba00000,0x00000000eba00000)
  from space 2560K, 99% used [0x00000000ebc80000,0x00000000ebefaaa8,0x00000000ebf00000)
  to   space 2560K, 0% used [0x00000000eba00000,0x00000000eba00000,0x00000000ebc80000)
 ParOldGen       total 40960K, used 1252K [0x00000000c0000000, 0x00000000c2800000, 0x00000000eaa80000)
  object space 40960K, 3% used [0x00000000c0000000,0x00000000c01393a8,0x00000000c2800000)
 PSPermGen       total 21504K, used 6191K [0x00000000b5a00000, 0x00000000b6f00000, 0x00000000c0000000)
  object space 21504K, 28% used [0x00000000b5a00000,0x00000000b600bf08,0x00000000b6f00000)
Event: 5.103 GC heap after
Heap after GC invocations=3 (full 0):
 PSYoungGen      total 18432K, used 2544K [0x00000000eaa80000, 0x00000000ece80000, 0x0000000100000000)
  eden space 15872K, 0% used [0x00000000eaa80000,0x00000000eaa80000,0x00000000eba00000)
  from space 2560K, 99% used [0x00000000eba00000,0x00000000ebc7c038,0x00000000ebc80000)
  to   space 2560K, 0% used [0x00000000ecc00000,0x00000000ecc00000,0x00000000ece80000)
 ParOldGen       total 40960K, used 3726K [0x00000000c0000000, 0x00000000c2800000, 0x00000000eaa80000)
  object space 40960K, 9% used [0x00000000c0000000,0x00000000c03a3aa0,0x00000000c2800000)
 PSPermGen       total 21504K, used 6191K [0x00000000b5a00000, 0x00000000b6f00000, 0x00000000c0000000)
  object space 21504K, 28% used [0x00000000b5a00000,0x00000000b600bf08,0x00000000b6f00000)
}
Event: 6.116 GC heap before
{Heap before GC invocations=4 (full 0):
 PSYoungGen      total 18432K, used 18416K [0x00000000eaa80000, 0x00000000ece80000, 0x0000000100000000)
  eden space 15872K, 100% used [0x00000000eaa80000,0x00000000eba00000,0x00000000eba00000)
  from space 2560K, 99% used [0x00000000eba00000,0x00000000ebc7c038,0x00000000ebc80000)
  to   space 2560K, 0% used [0x00000000ecc00000,0x00000000ecc00000,0x00000000ece80000)
 ParOldGen       total 40960K, used 3726K [0x00000000c0000000, 0x00000000c2800000, 0x00000000eaa80000)
  object space 40960K, 9% used [0x00000000c0000000,0x00000000c03a3aa0,0x00000000c2800000)
 PSPermGen       total 21504K, used 6232K [0x00000000b5a00000, 0x00000000b6f00000, 0x00000000c0000000)
  object space 21504K, 28% used [0x00000000b5a00000,0x00000000b6016078,0x00000000b6f00000)
Event: 6.159 GC heap after
Heap after GC invocations=4 (full 0):
 PSYoungGen      total 34304K, used 2544K [0x00000000eaa80000, 0x00000000ece80000, 0x0000000100000000)
  eden space 31744K, 0% used [0x00000000eaa80000,0x00000000eaa80000,0x00000000ec980000)
  from space 2560K, 99% used [0x00000000ecc00000,0x00000000ece7c038,0x00000000ece80000)
  to   space 2560K, 0% used [0x00000000ec980000,0x00000000ec980000,0x00000000ecc00000)
 ParOldGen       total 40960K, used 6870K [0x00000000c0000000, 0x00000000c2800000, 0x00000000eaa80000)
  object space 40960K, 16% used [0x00000000c0000000,0x00000000c06b5b30,0x00000000c2800000)
 PSPermGen       total 21504K, used 6232K [0x00000000b5a00000, 0x00000000b6f00000, 0x00000000c0000000)
  object space 21504K, 28% used [0x00000000b5a00000,0x00000000b6016078,0x00000000b6f00000)
}
Event: 10.253 GC heap before
{Heap before GC invocations=5 (full 0):
 PSYoungGen      total 34304K, used 34288K [0x00000000eaa80000, 0x00000000ece80000, 0x0000000100000000)
  eden space 31744K, 100% used [0x00000000eaa80000,0x00000000ec980000,0x00000000ec980000)
  from space 2560K, 99% used [0x00000000ecc00000,0x00000000ece7c038,0x00000000ece80000)
  to   space 2560K, 0% used [0x00000000ec980000,0x00000000ec980000,0x00000000ecc00000)
 ParOldGen       total 40960K, used 6870K [0x00000000c0000000, 0x00000000c2800000, 0x00000000eaa80000)
  object space 40960K, 16% used [0x00000000c0000000,0x00000000c06b5b30,0x00000000c2800000)
 PSPermGen       total 21504K, used 6260K [0x00000000b5a00000, 0x00000000b6f00000, 0x00000000c0000000)
  object space 21504K, 29% used [0x00000000b5a00000,0x00000000b601d1c0,0x00000000b6f00000)

Deoptimization events (5 events):
Event: 2.537 Thread 0x00007fbcc800a800 Uncommon trap: reason=unstable_if action=reinterpret pc=0x00007fbcc5069b70 method=java.lang.String.indexOf(II)I @ 49
Event: 2.537 Thread 0x00007fbcc800a800 Uncommon trap: reason=unstable_if action=reinterpret pc=0x00007fbcc5060c34 method=java.lang.String.indexOf(II)I @ 49
Event: 5.107 Thread 0x00007fbcc8196000 Uncommon trap: reason=null_check action=make_not_entrant pc=0x00007fbcc508e518 method=com.android.dx.rop.type.Type.equals(Ljava/lang/Object;)Z @ 8
Event: 5.425 Thread 0x00007fbcc8190000 Uncommon trap: reason=unstable_if action=reinterpret pc=0x00007fbcc50b4ca0 method=java.util.BitSet.clone()Ljava/lang/Object; @ 4
Event: 8.063 Thread 0x00007fbcc800a800 Uncommon trap: reason=unstable_if action=reinterpret pc=0x00007fbcc50d35f4 method=com.android.dx.ssa.SCCP.simulateBranch(Lcom/android/dx/ssa/SsaInsn;)V @ 548

Internal exceptions (10 events):
Event: 3.458 Thread 0x00007fbcc800a800 Threw 0x00000000eb072128 at /home/jmm/jdk4/openjdk-7-7u101-2.6.6/build/openjdk/hotspot/src/share/vm/prims/jvm.cpp:1322
Event: 3.486 Thread 0x00007fbcc800a800 Threw 0x00000000eb095170 at /home/jmm/jdk4/openjdk-7-7u101-2.6.6/build/openjdk/hotspot/src/share/vm/prims/jvm.cpp:1322
Event: 3.525 Thread 0x00007fbcc8196000 Threw 0x00000000eb142b68 at /home/jmm/jdk4/openjdk-7-7u101-2.6.6/build/openjdk/hotspot/src/share/vm/prims/jvm.cpp:1322
Event: 3.617 Thread 0x00007fbcc800a800 Threw 0x00000000eb1c6190 at /home/jmm/jdk4/openjdk-7-7u101-2.6.6/build/openjdk/hotspot/src/share/vm/prims/jvm.cpp:1322
Event: 3.618 Thread 0x00007fbcc800a800 Threw 0x00000000eb1c9388 at /home/jmm/jdk4/openjdk-7-7u101-2.6.6/build/openjdk/hotspot/src/share/vm/prims/jvm.cpp:1322
Event: 3.718 Thread 0x00007fbcc8194800 Threw 0x00000000eb3fc020 at /home/jmm/jdk4/openjdk-7-7u101-2.6.6/build/openjdk/hotspot/src/share/vm/prims/jvm.cpp:1322
Event: 3.718 Thread 0x00007fbcc8194800 Threw 0x00000000eb402290 at /home/jmm/jdk4/openjdk-7-7u101-2.6.6/build/openjdk/hotspot/src/share/vm/prims/jvm.cpp:1322
Event: 3.719 Thread 0x00007fbcc8194800 Threw 0x00000000eb408328 at /home/jmm/jdk4/openjdk-7-7u101-2.6.6/build/openjdk/hotspot/src/share/vm/prims/jvm.cpp:1322
Event: 5.107 Thread 0x00007fbcc8196000 Implicit null exception at 0x00007fbcc508e412 to 0x00007fbcc508e50b
Event: 5.640 Thread 0x00007fbcc800a800 Threw 0x00000000eb2c4810 at /home/jmm/jdk4/openjdk-7-7u101-2.6.6/build/openjdk/hotspot/src/share/vm/prims/jvm.cpp:1322

Events (10 events):
Event: 6.318 Executing VM operation: RevokeBias
Event: 6.318 Executing VM operation: RevokeBias done
Event: 6.320 Executing VM operation: BulkRevokeBias
Event: 6.320 Executing VM operation: BulkRevokeBias done
Event: 7.336 Thread 0x00007fbcc80ab000 flushing nmethod 0x00007fbcc50609d0
Event: 7.336 Thread 0x00007fbcc80ab000 flushing nmethod 0x00007fbcc5069910
Event: 8.063 Thread 0x00007fbcc800a800 Uncommon trap: trap_request=0xffffff75 fr.pc=0x00007fbcc50d35f4
Event: 8.063 Thread 0x00007fbcc800a800 DEOPT PACKING pc=0x00007fbcc50d35f4 sp=0x00007fbcd16cd8f0
Event: 8.063 Thread 0x00007fbcc800a800 DEOPT UNPACKING pc=0x00007fbcc5039445 sp=0x00007fbcd16cd8c8 mode 2
Event: 9.776 Executing VM operation: ParallelGCFailedAllocation


Dynamic libraries:
00400000-00401000 r-xp 00000000 08:0a 5115756                            /usr/lib/jvm/java-7-openjdk-amd64/jre/bin/java
00600000-00601000 r--p 00000000 08:0a 5115756                            /usr/lib/jvm/java-7-openjdk-amd64/jre/bin/java
00601000-00602000 rw-p 00001000 08:0a 5115756                            /usr/lib/jvm/java-7-openjdk-amd64/jre/bin/java
006af000-006d0000 rw-p 00000000 00:00 0                                  [heap]
b5a00000-b6f00000 rw-p 00000000 00:00 0 
b6f00000-c0000000 rw-p 00000000 00:00 0 
c0000000-c2800000 rw-p 00000000 00:00 0 
c2800000-eaa80000 rw-p 00000000 00:00 0 
eaa80000-ece80000 rw-p 00000000 00:00 0 
efa80000-100000000 rw-p 00000000 00:00 0 
7fbc78000000-7fbc78027000 rw-p 00000000 00:00 0 
7fbc78027000-7fbc7c000000 ---p 00000000 00:00 0 
7fbc7c000000-7fbc7c021000 rw-p 00000000 00:00 0 
7fbc7c021000-7fbc80000000 ---p 00000000 00:00 0 
7fbc80000000-7fbc80022000 rw-p 00000000 00:00 0 
7fbc80022000-7fbc84000000 ---p 00000000 00:00 0 
7fbc84000000-7fbc84021000 rw-p 00000000 00:00 0 
7fbc84021000-7fbc88000000 ---p 00000000 00:00 0 
7fbc88000000-7fbc88021000 rw-p 00000000 00:00 0 
7fbc88021000-7fbc8c000000 ---p 00000000 00:00 0 
7fbc8c000000-7fbc8c029000 rw-p 00000000 00:00 0 
7fbc8c029000-7fbc90000000 ---p 00000000 00:00 0 
7fbc90000000-7fbc90e3d000 rw-p 00000000 00:00 0 
7fbc90e3d000-7fbc94000000 ---p 00000000 00:00 0 
7fbc94000000-7fbc94021000 rw-p 00000000 00:00 0 
7fbc94021000-7fbc98000000 ---p 00000000 00:00 0 
7fbc98000000-7fbc98021000 rw-p 00000000 00:00 0 
7fbc98021000-7fbc9c000000 ---p 00000000 00:00 0 
7fbc9c000000-7fbc9d808000 rw-p 00000000 00:00 0 
7fbc9d808000-7fbca0000000 ---p 00000000 00:00 0 
7fbca0000000-7fbca0021000 rw-p 00000000 00:00 0 
7fbca0021000-7fbca4000000 ---p 00000000 00:00 0 
7fbca4000000-7fbca4021000 rw-p 00000000 00:00 0 
7fbca4021000-7fbca8000000 ---p 00000000 00:00 0 
7fbca8000000-7fbca8021000 rw-p 00000000 00:00 0 
7fbca8021000-7fbcac000000 ---p 00000000 00:00 0 
7fbcb0000000-7fbcb0021000 rw-p 00000000 00:00 0 
7fbcb0021000-7fbcb4000000 ---p 00000000 00:00 0 
7fbcb4000000-7fbcb4021000 rw-p 00000000 00:00 0 
7fbcb4021000-7fbcb8000000 ---p 00000000 00:00 0 
7fbcb8000000-7fbcb8021000 rw-p 00000000 00:00 0 
7fbcb8021000-7fbcbc000000 ---p 00000000 00:00 0 
7fbcbc606000-7fbcbc609000 ---p 00000000 00:00 0 
7fbcbc609000-7fbcbc707000 rw-p 00000000 00:00 0                          [stack:3942]
7fbcbc707000-7fbcbc70a000 ---p 00000000 00:00 0 
7fbcbc70a000-7fbcbc808000 rw-p 00000000 00:00 0                          [stack:3941]
7fbcbc808000-7fbcbc80b000 ---p 00000000 00:00 0 
7fbcbc80b000-7fbcbc909000 rw-p 00000000 00:00 0                          [stack:3940]
7fbcbc909000-7fbcbc90c000 ---p 00000000 00:00 0 
7fbcbc90c000-7fbcbcd0b000 rw-p 00000000 00:00 0                          [stack:3938]
7fbcbcd0b000-7fbcbcd77000 r-xp 00000000 08:0a 4849710                    /lib/x86_64-linux-gnu/libpcre.so.3.13.1
7fbcbcd77000-7fbcbcf77000 ---p 0006c000 08:0a 4849710                    /lib/x86_64-linux-gnu/libpcre.so.3.13.1
7fbcbcf77000-7fbcbcf78000 r--p 0006c000 08:0a 4849710                    /lib/x86_64-linux-gnu/libpcre.so.3.13.1
7fbcbcf78000-7fbcbcf79000 rw-p 0006d000 08:0a 4849710                    /lib/x86_64-linux-gnu/libpcre.so.3.13.1
7fbcbcf79000-7fbcbcf80000 r-xp 00000000 08:0a 4198832                    /usr/lib/x86_64-linux-gnu/libffi.so.6.0.2
7fbcbcf80000-7fbcbd17f000 ---p 00007000 08:0a 4198832                    /usr/lib/x86_64-linux-gnu/libffi.so.6.0.2
7fbcbd17f000-7fbcbd180000 r--p 00006000 08:0a 4198832                    /usr/lib/x86_64-linux-gnu/libffi.so.6.0.2
7fbcbd180000-7fbcbd181000 rw-p 00007000 08:0a 4198832                    /usr/lib/x86_64-linux-gnu/libffi.so.6.0.2
7fbcbd181000-7fbcbd195000 r-xp 00000000 08:0a 4849686                    /lib/x86_64-linux-gnu/libresolv-2.19.so
7fbcbd195000-7fbcbd394000 ---p 00014000 08:0a 4849686                    /lib/x86_64-linux-gnu/libresolv-2.19.so
7fbcbd394000-7fbcbd395000 r--p 00013000 08:0a 4849686                    /lib/x86_64-linux-gnu/libresolv-2.19.so
7fbcbd395000-7fbcbd396000 rw-p 00014000 08:0a 4849686                    /lib/x86_64-linux-gnu/libresolv-2.19.so
7fbcbd396000-7fbcbd398000 rw-p 00000000 00:00 0 
7fbcbd398000-7fbcbd3b9000 r-xp 00000000 08:0a 4849763                    /lib/x86_64-linux-gnu/libselinux.so.1
7fbcbd3b9000-7fbcbd5b9000 ---p 00021000 08:0a 4849763                    /lib/x86_64-linux-gnu/libselinux.so.1
7fbcbd5b9000-7fbcbd5ba000 r--p 00021000 08:0a 4849763                    /lib/x86_64-linux-gnu/libselinux.so.1
7fbcbd5ba000-7fbcbd5bb000 rw-p 00022000 08:0a 4849763                    /lib/x86_64-linux-gnu/libselinux.so.1
7fbcbd5bb000-7fbcbd5bd000 rw-p 00000000 00:00 0 
7fbcbd5bd000-7fbcbd5c0000 r-xp 00000000 08:0a 4201883                    /usr/lib/x86_64-linux-gnu/libgmodule-2.0.so.0.4200.1
7fbcbd5c0000-7fbcbd7bf000 ---p 00003000 08:0a 4201883                    /usr/lib/x86_64-linux-gnu/libgmodule-2.0.so.0.4200.1
7fbcbd7bf000-7fbcbd7c0000 r--p 00002000 08:0a 4201883                    /usr/lib/x86_64-linux-gnu/libgmodule-2.0.so.0.4200.1
7fbcbd7c0000-7fbcbd7c1000 rw-p 00003000 08:0a 4201883                    /usr/lib/x86_64-linux-gnu/libgmodule-2.0.so.0.4200.1
7fbcbd7c1000-7fbcbd8cd000 r-xp 00000000 08:0a 4850183                    /lib/x86_64-linux-gnu/libglib-2.0.so.0.4200.1
7fbcbd8cd000-7fbcbdacd000 ---p 0010c000 08:0a 4850183                    /lib/x86_64-linux-gnu/libglib-2.0.so.0.4200.1
7fbcbdacd000-7fbcbdace000 r--p 0010c000 08:0a 4850183                    /lib/x86_64-linux-gnu/libglib-2.0.so.0.4200.1
7fbcbdace000-7fbcbdacf000 rw-p 0010d000 08:0a 4850183                    /lib/x86_64-linux-gnu/libglib-2.0.so.0.4200.1
7fbcbdacf000-7fbcc0000000 rw-p 00000000 00:00 0 
7fbcc0000000-7fbcc0021000 rw-p 00000000 00:00 0 
7fbcc0021000-7fbcc4000000 ---p 00000000 00:00 0 
7fbcc4002000-7fbcc4005000 ---p 00000000 00:00 0 
7fbcc4005000-7fbcc4103000 rw-p 00000000 00:00 0                          [stack:3937]
7fbcc4103000-7fbcc4154000 r-xp 00000000 08:0a 4201882                    /usr/lib/x86_64-linux-gnu/libgobject-2.0.so.0.4200.1
7fbcc4154000-7fbcc4354000 ---p 00051000 08:0a 4201882                    /usr/lib/x86_64-linux-gnu/libgobject-2.0.so.0.4200.1
7fbcc4354000-7fbcc4355000 r--p 00051000 08:0a 4201882                    /usr/lib/x86_64-linux-gnu/libgobject-2.0.so.0.4200.1
7fbcc4355000-7fbcc4356000 rw-p 00052000 08:0a 4201882                    /usr/lib/x86_64-linux-gnu/libgobject-2.0.so.0.4200.1
7fbcc4356000-7fbcc44c8000 r-xp 00000000 08:0a 4201885                    /usr/lib/x86_64-linux-gnu/libgio-2.0.so.0.4200.1
7fbcc44c8000-7fbcc46c8000 ---p 00172000 08:0a 4201885                    /usr/lib/x86_64-linux-gnu/libgio-2.0.so.0.4200.1
7fbcc46c8000-7fbcc46cc000 r--p 00172000 08:0a 4201885                    /usr/lib/x86_64-linux-gnu/libgio-2.0.so.0.4200.1
7fbcc46cc000-7fbcc46ce000 rw-p 00176000 08:0a 4201885                    /usr/lib/x86_64-linux-gnu/libgio-2.0.so.0.4200.1
7fbcc46ce000-7fbcc46d0000 rw-p 00000000 00:00 0 
7fbcc46d0000-7fbcc46e8000 r-xp 00000000 08:0a 4986150                    /usr/lib/jvm/java-7-openjdk-amd64/jre/lib/amd64/libnet.so
7fbcc46e8000-7fbcc48e7000 ---p 00018000 08:0a 4986150                    /usr/lib/jvm/java-7-openjdk-amd64/jre/lib/amd64/libnet.so
7fbcc48e7000-7fbcc48e8000 r--p 00017000 08:0a 4986150                    /usr/lib/jvm/java-7-openjdk-amd64/jre/lib/amd64/libnet.so
7fbcc48e8000-7fbcc48e9000 rw-p 00018000 08:0a 4986150                    /usr/lib/jvm/java-7-openjdk-amd64/jre/lib/amd64/libnet.so
7fbcc48e9000-7fbcc48fa000 r-xp 00000000 08:0a 4986137                    /usr/lib/jvm/java-7-openjdk-amd64/jre/lib/amd64/libnio.so
7fbcc48fa000-7fbcc4af9000 ---p 00011000 08:0a 4986137                    /usr/lib/jvm/java-7-openjdk-amd64/jre/lib/amd64/libnio.so
7fbcc4af9000-7fbcc4afa000 r--p 00010000 08:0a 4986137                    /usr/lib/jvm/java-7-openjdk-amd64/jre/lib/amd64/libnio.so
7fbcc4afa000-7fbcc4afb000 rw-p 00011000 08:0a 4986137                    /usr/lib/jvm/java-7-openjdk-amd64/jre/lib/amd64/libnio.so
7fbcc4afb000-7fbcc4afc000 ---p 00000000 00:00 0 
7fbcc4afc000-7fbcc4bfc000 rw-p 00000000 00:00 0                          [stack:3926]
7fbcc4bfc000-7fbcc4bff000 ---p 00000000 00:00 0 
7fbcc4bff000-7fbcc4cfd000 rw-p 00000000 00:00 0                          [stack:3925]
7fbcc4cfd000-7fbcc4d00000 ---p 00000000 00:00 0 
7fbcc4d00000-7fbcc4dfe000 rw-p 00000000 00:00 0                          [stack:3924]
7fbcc4dfe000-7fbcc4e01000 ---p 00000000 00:00 0 
7fbcc4e01000-7fbcc4eff000 rw-p 00000000 00:00 0                          [stack:3923]
7fbcc4eff000-7fbcc4f02000 ---p 00000000 00:00 0 
7fbcc4f02000-7fbcc5000000 rw-p 00000000 00:00 0                          [stack:3916]
7fbcc5000000-7fbcc5270000 rwxp 00000000 00:00 0 
7fbcc5270000-7fbcc81cc000 rw-p 00000000 00:00 0 
7fbcc81cc000-7fbccc000000 ---p 00000000 00:00 0 
7fbccc049000-7fbccc057000 r--s 00081000 08:0a 3150542                    /home/kamalnrf/Projects/AndroidApplications/Wallet/app/build/intermediates/exploded-aar/com.google.android.gms/play-services-basement/9.0.0/jars/classes.jar
7fbccc057000-7fbccc066000 r--s 000df000 08:0a 918663                     /home/kamalnrf/Software/DevlopmentKit/android-sdk-linux/build-tools/23.0.2/lib/dx.jar
7fbccc066000-7fbccc1ef000 r--p 00000000 08:0a 4198184                    /usr/lib/locale/locale-archive
7fbccc1ef000-7fbccc1f2000 ---p 00000000 00:00 0 
7fbccc1f2000-7fbccc2f0000 rw-p 00000000 00:00 0                          [stack:3911]
7fbccc2f0000-7fbccc2f3000 ---p 00000000 00:00 0 
7fbccc2f3000-7fbccc3f1000 rw-p 00000000 00:00 0                          [stack:3908]
7fbccc3f1000-7fbccc3f2000 ---p 00000000 00:00 0 
7fbccc3f2000-7fbccd4ef000 rw-p 00000000 00:00 0                          [stack:3905]
7fbccd4ef000-7fbccd6a1000 r--s 01d32000 08:0a 4726050                    /usr/lib/jvm/java-7-openjdk-amd64/jre/lib/rt.jar
7fbccd6a1000-7fbccd9ed000 rw-p 00000000 00:00 0 
7fbccd9ed000-7fbccd9ee000 ---p 00000000 00:00 0 
7fbccd9ee000-7fbccdaee000 rw-p 00000000 00:00 0                          [stack:3893]
7fbccdaee000-7fbccdaef000 ---p 00000000 00:00 0 
7fbccdaef000-7fbccdbef000 rw-p 00000000 00:00 0                          [stack:3892]
7fbccdbef000-7fbccdbf0000 ---p 00000000 00:00 0 
7fbccdbf0000-7fbccdcf0000 rw-p 00000000 00:00 0                          [stack:3890]
7fbccdcf0000-7fbccdcf1000 ---p 00000000 00:00 0 
7fbccdcf1000-7fbccddfc000 rw-p 00000000 00:00 0                          [stack:3887]
7fbccddfc000-7fbccde44000 rw-p 00000000 00:00 0 
7fbccde44000-7fbccde58000 rw-p 00000000 00:00 0 
7fbccde58000-7fbccdf9a000 rw-p 00000000 00:00 0 
7fbccdf9a000-7fbccdfa5000 rw-p 00000000 00:00 0 
7fbccdfa5000-7fbccdfed000 rw-p 00000000 00:00 0 
7fbccdfed000-7fbcce001000 rw-p 00000000 00:00 0 
7fbcce001000-7fbcce142000 rw-p 00000000 00:00 0 
7fbcce142000-7fbcce155000 rw-p 00000000 00:00 0 
7fbcce155000-7fbcce1ed000 rw-p 00000000 00:00 0 
7fbcce1ed000-7fbcce1ee000 rw-p 00000000 00:00 0 
7fbcce1ee000-7fbcce1f6000 r-xp 00000000 08:0a 4986132                    /usr/lib/jvm/java-7-openjdk-amd64/jre/lib/amd64/libzip.so
7fbcce1f6000-7fbcce3f5000 ---p 00008000 08:0a 4986132                    /usr/lib/jvm/java-7-openjdk-amd64/jre/lib/amd64/libzip.so
7fbcce3f5000-7fbcce3f6000 r--p 00007000 08:0a 4986132                    /usr/lib/jvm/java-7-openjdk-amd64/jre/lib/amd64/libzip.so
7fbcce3f6000-7fbcce3f7000 rw-p 00008000 08:0a 4986132                    /usr/lib/jvm/java-7-openjdk-amd64/jre/lib/amd64/libzip.so
7fbcce3f7000-7fbcce402000 r-xp 00000000 08:0a 4849681                    /lib/x86_64-linux-gnu/libnss_files-2.19.so
7fbcce402000-7fbcce601000 ---p 0000b000 08:0a 4849681                    /lib/x86_64-linux-gnu/libnss_files-2.19.so
7fbcce601000-7fbcce602000 r--p 0000a000 08:0a 4849681                    /lib/x86_64-linux-gnu/libnss_files-2.19.so
7fbcce602000-7fbcce603000 rw-p 0000b000 08:0a 4849681                    /lib/x86_64-linux-gnu/libnss_files-2.19.so
7fbcce603000-7fbcce60d000 r-xp 00000000 08:0a 4849683                    /lib/x86_64-linux-gnu/libnss_nis-2.19.so
7fbcce60d000-7fbcce80c000 ---p 0000a000 08:0a 4849683                    /lib/x86_64-linux-gnu/libnss_nis-2.19.so
7fbcce80c000-7fbcce80d000 r--p 00009000 08:0a 4849683                    /lib/x86_64-linux-gnu/libnss_nis-2.19.so
7fbcce80d000-7fbcce80e000 rw-p 0000a000 08:0a 4849683                    /lib/x86_64-linux-gnu/libnss_nis-2.19.so
7fbcce80e000-7fbcce823000 r-xp 00000000 08:0a 4849678                    /lib/x86_64-linux-gnu/libnsl-2.19.so
7fbcce823000-7fbccea22000 ---p 00015000 08:0a 4849678                    /lib/x86_64-linux-gnu/libnsl-2.19.so
7fbccea22000-7fbccea23000 r--p 00014000 08:0a 4849678                    /lib/x86_64-linux-gnu/libnsl-2.19.so
7fbccea23000-7fbccea24000 rw-p 00015000 08:0a 4849678                    /lib/x86_64-linux-gnu/libnsl-2.19.so
7fbccea24000-7fbccea26000 rw-p 00000000 00:00 0 
7fbccea26000-7fbccea2d000 r-xp 00000000 08:0a 4849679                    /lib/x86_64-linux-gnu/libnss_compat-2.19.so
7fbccea2d000-7fbccec2c000 ---p 00007000 08:0a 4849679                    /lib/x86_64-linux-gnu/libnss_compat-2.19.so
7fbccec2c000-7fbccec2d000 r--p 00006000 08:0a 4849679                    /lib/x86_64-linux-gnu/libnss_compat-2.19.so
7fbccec2d000-7fbccec2e000 rw-p 00007000 08:0a 4849679                    /lib/x86_64-linux-gnu/libnss_compat-2.19.so
7fbccec2e000-7fbccec5b000 r-xp 00000000 08:0a 4986159                    /usr/lib/jvm/java-7-openjdk-amd64/jre/lib/amd64/libjava.so
7fbccec5b000-7fbccee5a000 ---p 0002d000 08:0a 4986159                    /usr/lib/jvm/java-7-openjdk-amd64/jre/lib/amd64/libjava.so
7fbccee5a000-7fbccee5b000 r--p 0002c000 08:0a 4986159                    /usr/lib/jvm/java-7-openjdk-amd64/jre/lib/amd64/libjava.so
7fbccee5b000-7fbccee5d000 rw-p 0002d000 08:0a 4986159                    /usr/lib/jvm/java-7-openjdk-amd64/jre/lib/amd64/libjava.so
7fbccee5d000-7fbccee6c000 r-xp 00000000 08:0a 4986127                    /usr/lib/jvm/java-7-openjdk-amd64/jre/lib/amd64/libverify.so
7fbccee6c000-7fbccf06b000 ---p 0000f000 08:0a 4986127                    /usr/lib/jvm/java-7-openjdk-amd64/jre/lib/amd64/libverify.so
7fbccf06b000-7fbccf06e000 r--p 0000e000 08:0a 4986127                    /usr/lib/jvm/java-7-openjdk-amd64/jre/lib/amd64/libverify.so
7fbccf06e000-7fbccf06f000 rw-p 00011000 08:0a 4986127                    /usr/lib/jvm/java-7-openjdk-amd64/jre/lib/amd64/libverify.so
7fbccf06f000-7fbccf076000 r-xp 00000000 08:0a 4849687                    /lib/x86_64-linux-gnu/librt-2.19.so
7fbccf076000-7fbccf275000 ---p 00007000 08:0a 4849687                    /lib/x86_64-linux-gnu/librt-2.19.so
7fbccf275000-7fbccf276000 r--p 00006000 08:0a 4849687                    /lib/x86_64-linux-gnu/librt-2.19.so
7fbccf276000-7fbccf277000 rw-p 00007000 08:0a 4849687                    /lib/x86_64-linux-gnu/librt-2.19.so
7fbccf277000-7fbccf28d000 r-xp 00000000 08:0a 4849668                    /lib/x86_64-linux-gnu/libgcc_s.so.1
7fbccf28d000-7fbccf48c000 ---p 00016000 08:0a 4849668                    /lib/x86_64-linux-gnu/libgcc_s.so.1
7fbccf48c000-7fbccf48d000 rw-p 00015000 08:0a 4849668                    /lib/x86_64-linux-gnu/libgcc_s.so.1
7fbccf48d000-7fbccf58d000 r-xp 00000000 08:0a 4849676                    /lib/x86_64-linux-gnu/libm-2.19.so
7fbccf58d000-7fbccf78c000 ---p 00100000 08:0a 4849676                    /lib/x86_64-linux-gnu/libm-2.19.so
7fbccf78c000-7fbccf78d000 r--p 000ff000 08:0a 4849676                    /lib/x86_64-linux-gnu/libm-2.19.so
7fbccf78d000-7fbccf78e000 rw-p 00100000 08:0a 4849676                    /lib/x86_64-linux-gnu/libm-2.19.so
7fbccf78e000-7fbccf87a000 r-xp 00000000 08:0a 4199245                    /usr/lib/x86_64-linux-gnu/libstdc++.so.6.0.20
7fbccf87a000-7fbccfa7a000 ---p 000ec000 08:0a 4199245                    /usr/lib/x86_64-linux-gnu/libstdc++.so.6.0.20
7fbccfa7a000-7fbccfa82000 r--p 000ec000 08:0a 4199245                    /usr/lib/x86_64-linux-gnu/libstdc++.so.6.0.20
7fbccfa82000-7fbccfa84000 rw-p 000f4000 08:0a 4199245                    /usr/lib/x86_64-linux-gnu/libstdc++.so.6.0.20
7fbccfa84000-7fbccfa99000 rw-p 00000000 00:00 0 
7fbccfa99000-7fbcd05f0000 r-xp 00000000 08:0a 5115728                    /usr/lib/jvm/java-7-openjdk-amd64/jre/lib/amd64/server/libjvm.so
7fbcd05f0000-7fbcd07f0000 ---p 00b57000 08:0a 5115728                    /usr/lib/jvm/java-7-openjdk-amd64/jre/lib/amd64/server/libjvm.so
7fbcd07f0000-7fbcd088f000 r--p 00b57000 08:0a 5115728                    /usr/lib/jvm/java-7-openjdk-amd64/jre/lib/amd64/server/libjvm.so
7fbcd088f000-7fbcd08b2000 rw-p 00bf6000 08:0a 5115728                    /usr/lib/jvm/java-7-openjdk-amd64/jre/lib/amd64/server/libjvm.so
7fbcd08b2000-7fbcd08e0000 rw-p 00000000 00:00 0 
7fbcd08e0000-7fbcd08fa000 r-xp 00000000 08:0a 4849764                    /lib/x86_64-linux-gnu/libz.so.1.2.8
7fbcd08fa000-7fbcd0af9000 ---p 0001a000 08:0a 4849764                    /lib/x86_64-linux-gnu/libz.so.1.2.8
7fbcd0af9000-7fbcd0afa000 r--p 00019000 08:0a 4849764                    /lib/x86_64-linux-gnu/libz.so.1.2.8
7fbcd0afa000-7fbcd0afb000 rw-p 0001a000 08:0a 4849764                    /lib/x86_64-linux-gnu/libz.so.1.2.8
7fbcd0afb000-7fbcd0c9d000 r-xp 00000000 08:0a 4849672                    /lib/x86_64-linux-gnu/libc-2.19.so
7fbcd0c9d000-7fbcd0e9c000 ---p 001a2000 08:0a 4849672                    /lib/x86_64-linux-gnu/libc-2.19.so
7fbcd0e9c000-7fbcd0ea0000 r--p 001a1000 08:0a 4849672                    /lib/x86_64-linux-gnu/libc-2.19.so
7fbcd0ea0000-7fbcd0ea2000 rw-p 001a5000 08:0a 4849672                    /lib/x86_64-linux-gnu/libc-2.19.so
7fbcd0ea2000-7fbcd0ea6000 rw-p 00000000 00:00 0 
7fbcd0ea6000-7fbcd0ea9000 r-xp 00000000 08:0a 4849675                    /lib/x86_64-linux-gnu/libdl-2.19.so
7fbcd0ea9000-7fbcd10a8000 ---p 00003000 08:0a 4849675                    /lib/x86_64-linux-gnu/libdl-2.19.so
7fbcd10a8000-7fbcd10a9000 r--p 00002000 08:0a 4849675                    /lib/x86_64-linux-gnu/libdl-2.19.so
7fbcd10a9000-7fbcd10aa000 rw-p 00003000 08:0a 4849675                    /lib/x86_64-linux-gnu/libdl-2.19.so
7fbcd10aa000-7fbcd10b7000 r-xp 00000000 08:0a 4986130                    /usr/lib/jvm/java-7-openjdk-amd64/jre/lib/amd64/jli/libjli.so
7fbcd10b7000-7fbcd12b6000 ---p 0000d000 08:0a 4986130                    /usr/lib/jvm/java-7-openjdk-amd64/jre/lib/amd64/jli/libjli.so
7fbcd12b6000-7fbcd12b7000 r--p 0000c000 08:0a 4986130                    /usr/lib/jvm/java-7-openjdk-amd64/jre/lib/amd64/jli/libjli.so
7fbcd12b7000-7fbcd12b8000 rw-p 0000d000 08:0a 4986130                    /usr/lib/jvm/java-7-openjdk-amd64/jre/lib/amd64/jli/libjli.so
7fbcd12b8000-7fbcd12d0000 r-xp 00000000 08:0a 4849667                    /lib/x86_64-linux-gnu/libpthread-2.19.so
7fbcd12d0000-7fbcd14cf000 ---p 00018000 08:0a 4849667                    /lib/x86_64-linux-gnu/libpthread-2.19.so
7fbcd14cf000-7fbcd14d0000 r--p 00017000 08:0a 4849667                    /lib/x86_64-linux-gnu/libpthread-2.19.so
7fbcd14d0000-7fbcd14d1000 rw-p 00018000 08:0a 4849667                    /lib/x86_64-linux-gnu/libpthread-2.19.so
7fbcd14d1000-7fbcd14d5000 rw-p 00000000 00:00 0 
7fbcd14d5000-7fbcd14f5000 r-xp 00000000 08:0a 4849669                    /lib/x86_64-linux-gnu/ld-2.19.so
7fbcd14f6000-7fbcd1519000 rw-p 00000000 00:00 0 
7fbcd1519000-7fbcd15cf000 rw-p 00000000 00:00 0 
7fbcd15cf000-7fbcd15d2000 ---p 00000000 00:00 0 
7fbcd15d2000-7fbcd16d5000 rw-p 00000000 00:00 0                          [stack:3885]
7fbcd16d5000-7fbcd16d9000 r--s 00034000 08:0a 4850854                    /usr/lib/jvm/java-7-openjdk-amd64/jre/lib/ext/sunjce_provider.jar
7fbcd16d9000-7fbcd16db000 r--s 00012000 08:0a 4850848                    /usr/lib/jvm/java-7-openjdk-amd64/jre/lib/ext/zipfs.jar
7fbcd16db000-7fbcd16dd000 r--s 00006000 08:0a 4724788                    /usr/share/java/java-atk-wrapper.jar
7fbcd16dd000-7fbcd16e1000 r--s 00085000 08:0a 4850849                    /usr/lib/jvm/java-7-openjdk-amd64/jre/lib/ext/localedata.jar
7fbcd16e1000-7fbcd16e2000 r--s 00002000 08:0a 4850850                    /usr/lib/jvm/java-7-openjdk-amd64/jre/lib/ext/dnsns.jar
7fbcd16e2000-7fbcd16e6000 r--s 0003c000 08:0a 4850852                    /usr/lib/jvm/java-7-openjdk-amd64/jre/lib/ext/sunpkcs11.jar
7fbcd16e6000-7fbcd16e9000 r--s 0000f000 08:0a 4850851                    /usr/lib/jvm/java-7-openjdk-amd64/jre/lib/ext/icedtea-sound.jar
7fbcd16e9000-7fbcd16f1000 rw-s 00000000 08:0a 4466373                    /tmp/hsperfdata_kamalnrf/3865
7fbcd16f1000-7fbcd16f2000 rw-p 00000000 00:00 0 
7fbcd16f2000-7fbcd16f3000 ---p 00000000 00:00 0 
7fbcd16f3000-7fbcd16f5000 rw-p 00000000 00:00 0 
7fbcd16f5000-7fbcd16f6000 r--p 00020000 08:0a 4849669                    /lib/x86_64-linux-gnu/ld-2.19.so
7fbcd16f6000-7fbcd16f7000 rw-p 00021000 08:0a 4849669                    /lib/x86_64-linux-gnu/ld-2.19.so
7fbcd16f7000-7fbcd16f8000 rw-p 00000000 00:00 0 
7ffc66a79000-7ffc66a9a000 rw-p 00000000 00:00 0                          [stack]
7ffc66aa6000-7ffc66aa8000 r-xp 00000000 00:00 0                          [vdso]
7ffc66aa8000-7ffc66aaa000 r--p 00000000 00:00 0                          [vvar]
ffffffffff600000-ffffffffff601000 r-xp 00000000 00:00 0                  [vsyscall]

VM Arguments:
jvm_args: -Djava.awt.headless=true -Xmx1024M -Dfile.encoding=UTF-8 -Duser.country=IN -Duser.language=en -Duser.variant 
java_command: com.android.dx.command.Main --dex --force-jumbo --num-threads=4 --multi-dex --output /home/kamalnrf/Projects/AndroidApplications/Wallet/app/build/intermediates/transforms/dex/debug/folders/1000/10/com.google.android.gms-play-services-basement-9.0.0_502b013ce7a789f45092cfd506b6a0d6b906ddfb /home/kamalnrf/Projects/AndroidApplications/Wallet/app/build/intermediates/exploded-aar/com.google.android.gms/play-services-basement/9.0.0/jars/classes.jar
Launcher Type: SUN_STANDARD

Environment Variables:
JAVA_HOME=/home/kamalnrf/Software/DevlopmentKit/usr/java/jdk1.8.0_91
PATH=/usr/local/bin:/usr/bin:/bin:/usr/local/games:/usr/games:/home/kamalnrf/bin:/usr/local/java/jdk1.8.0_92/bin
USERNAME=kamalnrf
LD_LIBRARY_PATH=./Software/IDE/android-studio/bin:
SHELL=/bin/bash
DISPLAY=:0

Signal Handlers:
SIGSEGV: [libjvm.so+0x989ea0], sa_mask[0]=0x7ffbfeff, sa_flags=0x10000004
SIGBUS: [libjvm.so+0x989ea0], sa_mask[0]=0x7ffbfeff, sa_flags=0x10000004
SIGFPE: [libjvm.so+0x7f6820], sa_mask[0]=0x7ffbfeff, sa_flags=0x10000004
SIGPIPE: [libjvm.so+0x7f6820], sa_mask[0]=0x7ffbfeff, sa_flags=0x10000004
SIGXFSZ: [libjvm.so+0x7f6820], sa_mask[0]=0x7ffbfeff, sa_flags=0x10000004
SIGILL: [libjvm.so+0x7f6820], sa_mask[0]=0x7ffbfeff, sa_flags=0x10000004
SIGUSR1: SIG_DFL, sa_mask[0]=0x00000000, sa_flags=0x00000000
SIGUSR2: [libjvm.so+0x7f66a0], sa_mask[0]=0x00000004, sa_flags=0x10000004
SIGHUP: [libjvm.so+0x7f68a0], sa_mask[0]=0x7ffbfeff, sa_flags=0x10000004
SIGINT: [libjvm.so+0x7f68a0], sa_mask[0]=0x7ffbfeff, sa_flags=0x10000004
SIGTERM: [libjvm.so+0x7f68a0], sa_mask[0]=0x7ffbfeff, sa_flags=0x10000004
SIGQUIT: [libjvm.so+0x7f68a0], sa_mask[0]=0x7ffbfeff, sa_flags=0x10000004
SIGTRAP: SIG_DFL, sa_mask[0]=0x00000000, sa_flags=0x00000000


---------------  S Y S T E M  ---------------

OS:8.4

uname:Linux 3.16.0-4-amd64 #1 SMP Debian 3.16.7-ckt25-2 (2016-04-08) x86_64
libc:glibc 2.19 NPTL 2.19 
rlimit: STACK 8192k, CORE 0k, NPROC 15083, NOFILE 65536, AS infinity
load average:46.54 32.67 16.82

/proc/meminfo:
MemTotal:        3948420 kB
MemFree:          222876 kB
MemAvailable:     228840 kB
Buffers:            5040 kB
Cached:           758476 kB
SwapCached:            0 kB
Active:          2835472 kB
Inactive:         734840 kB
Active(anon):    2816944 kB
Inactive(anon):   601804 kB
Active(file):      18528 kB
Inactive(file):   133036 kB
Unevictable:         304 kB
Mlocked:             304 kB
SwapTotal:             0 kB
SwapFree:              0 kB
Dirty:                72 kB
Writeback:           136 kB
AnonPages:       2807176 kB
Mapped:           584028 kB
Shmem:            611668 kB
Slab:              71524 kB
SReclaimable:      29288 kB
SUnreclaim:        42236 kB
KernelStack:       11120 kB
PageTables:        39500 kB
NFS_Unstable:          0 kB
Bounce:                0 kB
WritebackTmp:          0 kB
CommitLimit:     1974208 kB
Committed_AS:    7934852 kB
VmallocTotal:   34359738367 kB
VmallocUsed:      543496 kB
VmallocChunk:   34359177800 kB
HardwareCorrupted:     0 kB
AnonHugePages:         0 kB
HugePages_Total:       0
HugePages_Free:        0
HugePages_Rsvd:        0
HugePages_Surp:        0
Hugepagesize:       2048 kB
DirectMap4k:       88832 kB
DirectMap2M:     2947072 kB
DirectMap1G:     1048576 kB


CPU:total 4 (2 cores per cpu, 2 threads per core) family 6 model 69 stepping 1, cmov, cx8, fxsr, mmx, sse, sse2, sse3, ssse3, sse4.1, sse4.2, popcnt, avx, avx2, aes, erms, ht, tsc, tscinvbit

/proc/cpuinfo:
processor	: 0
vendor_id	: GenuineIntel
cpu family	: 6
model		: 69
model name	: Intel(R) Core(TM) i5-4210U CPU @ 1.70GHz
stepping	: 1
microcode	: 0x17
cpu MHz		: 2560.968
cache size	: 3072 KB
physical id	: 0
siblings	: 4
core id		: 0
cpu cores	: 2
apicid		: 0
initial apicid	: 0
fpu		: yes
fpu_exception	: yes
cpuid level	: 13
wp		: yes
flags		: fpu vme de pse tsc msr pae mce cx8 apic sep mtrr pge mca cmov pat pse36 clflush dts acpi mmx fxsr sse sse2 ss ht tm pbe syscall nx pdpe1gb rdtscp lm constant_tsc arch_perfmon pebs bts rep_good nopl xtopology nonstop_tsc aperfmperf eagerfpu pni pclmulqdq dtes64 monitor ds_cpl vmx est tm2 ssse3 fma cx16 xtpr pdcm pcid sse4_1 sse4_2 movbe popcnt tsc_deadline_timer aes xsave avx f16c rdrand lahf_lm abm ida arat epb xsaveopt pln pts dtherm tpr_shadow vnmi flexpriority ept vpid fsgsbase tsc_adjust bmi1 avx2 smep bmi2 erms invpcid
bogomips	: 4789.24
clflush size	: 64
cache_alignment	: 64
address sizes	: 39 bits physical, 48 bits virtual
power management:

processor	: 1
vendor_id	: GenuineIntel
cpu family	: 6
model		: 69
model name	: Intel(R) Core(TM) i5-4210U CPU @ 1.70GHz
stepping	: 1
microcode	: 0x17
cpu MHz		: 2400.000
cache size	: 3072 KB
physical id	: 0
siblings	: 4
core id		: 0
cpu cores	: 2
apicid		: 1
initial apicid	: 1
fpu		: yes
fpu_exception	: yes
cpuid level	: 13
wp		: yes
flags		: fpu vme de pse tsc msr pae mce cx8 apic sep mtrr pge mca cmov pat pse36 clflush dts acpi mmx fxsr sse sse2 ss ht tm pbe syscall nx pdpe1gb rdtscp lm constant_tsc arch_perfmon pebs bts rep_good nopl xtopology nonstop_tsc aperfmperf eagerfpu pni pclmulqdq dtes64 monitor ds_cpl vmx est tm2 ssse3 fma cx16 xtpr pdcm pcid sse4_1 sse4_2 movbe popcnt tsc_deadline_timer aes xsave avx f16c rdrand lahf_lm abm ida arat epb xsaveopt pln pts dtherm tpr_shadow vnmi flexpriority ept vpid fsgsbase tsc_adjust bmi1 avx2 smep bmi2 erms invpcid
bogomips	: 4789.24
clflush size	: 64
cache_alignment	: 64
address sizes	: 39 bits physical, 48 bits virtual
power management:

processor	: 2
vendor_id	: GenuineIntel
cpu family	: 6
model		: 69
model name	: Intel(R) Core(TM) i5-4210U CPU @ 1.70GHz
stepping	: 1
microcode	: 0x17
cpu MHz		: 2399.906
cache size	: 3072 KB
physical id	: 0
siblings	: 4
core id		: 1
cpu cores	: 2
apicid		: 2
initial apicid	: 2
fpu		: yes
fpu_exception	: yes
cpuid level	: 13
wp		: yes
flags		: fpu vme de pse tsc msr pae mce cx8 apic sep mtrr pge mca cmov pat pse36 clflush dts acpi mmx fxsr sse sse2 ss ht tm pbe syscall nx pdpe1gb rdtscp lm constant_tsc arch_perfmon pebs bts rep_good nopl xtopology nonstop_tsc aperfmperf eagerfpu pni pclmulqdq dtes64 monitor ds_cpl vmx est tm2 ssse3 fma cx16 xtpr pdcm pcid sse4_1 sse4_2 movbe popcnt tsc_deadline_timer aes xsave avx f16c rdrand lahf_lm abm ida arat epb xsaveopt pln pts dtherm tpr_shadow vnmi flexpriority ept vpid fsgsbase tsc_adjust bmi1 avx2 smep bmi2 erms invpcid
bogomips	: 4789.24
clflush size	: 64
cache_alignment	: 64
address sizes	: 39 bits physical, 48 bits virtual
power management:

processor	: 3
vendor_id	: GenuineIntel
cpu family	: 6
model		: 69
model name	: Intel(R) Core(TM) i5-4210U CPU @ 1.70GHz
stepping	: 1
microcode	: 0x17
cpu MHz		: 2400.000
cache size	: 3072 KB
physical id	: 0
siblings	: 4
core id		: 1
cpu cores	: 2
apicid		: 3
initial apicid	: 3
fpu		: yes
fpu_exception	: yes
cpuid level	: 13
wp		: yes
flags		: fpu vme de pse tsc msr pae mce cx8 apic sep mtrr pge mca cmov pat pse36 clflush dts acpi mmx fxsr sse sse2 ss ht tm pbe syscall nx pdpe1gb rdtscp lm constant_tsc arch_perfmon pebs bts rep_good nopl xtopology nonstop_tsc aperfmperf eagerfpu pni pclmulqdq dtes64 monitor ds_cpl vmx est tm2 ssse3 fma cx16 xtpr pdcm pcid sse4_1 sse4_2 movbe popcnt tsc_deadline_timer aes xsave avx f16c rdrand lahf_lm abm ida arat epb xsaveopt pln pts dtherm tpr_shadow vnmi flexpriority ept vpid fsgsbase tsc_adjust bmi1 avx2 smep bmi2 erms invpcid
bogomips	: 4789.24
clflush size	: 64
cache_alignment	: 64
address sizes	: 39 bits physical, 48 bits virtual
power management:



Memory: 4k page, physical 3948420k(222628k free), swap 0k(0k free)

vm_info: OpenJDK 64-Bit Server VM (24.95-b01) for linux-amd64 JRE (1.7.0_101-b00), built on Apr 25 2016 09:53:23 by "jmm" with gcc 4.9.2

time: Mon Jun 13 14:23:42 2016
elapsed time: 187 seconds

