#
# There is insufficient memory for the Java Runtime Environment to continue.
# Native memory allocation (malloc) failed to allocate 147849216 bytes for committing reserved memory.
# Possible reasons:
#   The system is out of physical RAM or swap space
#   In 32 bit mode, the process size limit was hit
# Possible solutions:
#   Reduce memory load on the system
#   Increase physical memory or swap space
#   Check if swap backing store is full
#   Use 64 bit Java on a 64 bit OS
#   Decrease Java heap size (-Xmx/-Xms)
#   Decrease number of Java threads
#   Decrease Java thread stack sizes (-Xss)
#   Set larger code cache with -XX:ReservedCodeCacheSize=
# This output file may be truncated or incomplete.
#
#  Out of Memory Error (os_linux.cpp:2827), pid=14057, tid=140707302487808
#
# JRE version: OpenJDK Runtime Environment (7.0_101) (build 1.7.0_101-b00)
# Java VM: OpenJDK 64-Bit Server VM (24.95-b01 mixed mode linux-amd64 compressed oops)
# Derivative: IcedTea 2.6.6
# Distribution: Debian GNU/Linux 8.2 (jessie), package 7u101-2.6.6-1~deb8u1
# Failed to write core dump. Core dumps have been disabled. To enable core dumping, try "ulimit -c unlimited" before starting Java again
#

---------------  T H R E A D  ---------------

Current thread (0x00007ff8f4076000):  VMThread [stack: 0x00007ff8f8b83000,0x00007ff8f8c84000] [id=14066]

Stack: [0x00007ff8f8b83000,0x00007ff8f8c84000],  sp=0x00007ff8f8c824e0,  free space=1021k
Native frames: (J=compiled Java code, j=interpreted, Vv=VM code, C=native code)
V  [libjvm.so+0x9893b6]
V  [libjvm.so+0x493832]
V  [libjvm.so+0x7fb2db]
V  [libjvm.so+0x7f59be]
V  [libjvm.so+0x86937b]
V  [libjvm.so+0x86a233]
V  [libjvm.so+0x86a94b]
V  [libjvm.so+0x8662b1]
V  [libjvm.so+0x866b28]
V  [libjvm.so+0x81e603]
V  [libjvm.so+0x98ac82]
V  [libjvm.so+0x98f107]
V  [libjvm.so+0x98d87b]
V  [libjvm.so+0x98df26]
V  [libjvm.so+0x98e3f1]
V  [libjvm.so+0x7f8202]

VM_Operation (0x00007ff8ed01ff40): ParallelGCFailedAllocation, mode: safepoint, requested by thread 0x00007ff8f4194800


---------------  P R O C E S S  ---------------

Java Threads: ( => current thread )
  0x00007ff8f4197800 JavaThread "pool-2-thread-4" [_thread_blocked, id=14078, stack(0x00007ff8ecd1f000,0x00007ff8ece20000)]
  0x00007ff8f4196000 JavaThread "pool-2-thread-3" [_thread_blocked, id=14077, stack(0x00007ff8ece20000,0x00007ff8ecf21000)]
  0x00007ff8f4194800 JavaThread "pool-2-thread-2" [_thread_blocked, id=14076, stack(0x00007ff8ecf21000,0x00007ff8ed022000)]
  0x00007ff8f4191800 JavaThread "pool-3-thread-1" [_thread_blocked, id=14075, stack(0x00007ff8ed022000,0x00007ff8ed123000)]
  0x00007ff8f418f800 JavaThread "pool-2-thread-1" [_thread_blocked, id=14074, stack(0x00007ff8ed123000,0x00007ff8ed224000)]
  0x00007ff8f40ae800 JavaThread "Service Thread" daemon [_thread_blocked, id=14072, stack(0x00007ff8f83f4000,0x00007ff8f84f5000)]
  0x00007ff8f40ac000 JavaThread "C2 CompilerThread1" daemon [_thread_blocked, id=14071, stack(0x00007ff8f84f5000,0x00007ff8f85f6000)]
  0x00007ff8f40a9000 JavaThread "C2 CompilerThread0" daemon [_thread_in_native, id=14070, stack(0x00007ff8f85f6000,0x00007ff8f86f7000)]
  0x00007ff8f40a7000 JavaThread "Signal Dispatcher" daemon [_thread_blocked, id=14069, stack(0x00007ff8f86f7000,0x00007ff8f87f8000)]
  0x00007ff8f407c800 JavaThread "Finalizer" daemon [_thread_blocked, id=14068, stack(0x00007ff8f8981000,0x00007ff8f8a82000)]
  0x00007ff8f407a800 JavaThread "Reference Handler" daemon [_thread_blocked, id=14067, stack(0x00007ff8f8a82000,0x00007ff8f8b83000)]
  0x00007ff8f400a800 JavaThread "main" [_thread_blocked, id=14059, stack(0x00007ff8fdd61000,0x00007ff8fde62000)]

Other Threads:
=>0x00007ff8f4076000 VMThread [stack: 0x00007ff8f8b83000,0x00007ff8f8c84000] [id=14066]
  0x00007ff8f40b9000 WatcherThread [stack: 0x00007ff8f82f3000,0x00007ff8f83f4000] [id=14073]

VM state:at safepoint (normal execution)

VM Mutex/Monitor currently owned by a thread:  ([mutex/lock_event])
[0x00007ff8f4006b40] Threads_lock - owner thread: 0x00007ff8f4076000
[0x00007ff8f4007040] Heap_lock - owner thread: 0x00007ff8f4194800

Heap
 PSYoungGen      total 141824K, used 17385K [0x00000000eaa80000, 0x00000000f4880000, 0x0000000100000000)
  eden space 124416K, 0% used [0x00000000eaa80000,0x00000000eaa80000,0x00000000f2400000)
  from space 17408K, 99% used [0x00000000f2400000,0x00000000f34fa748,0x00000000f3500000)
  to   space 14848K, 0% used [0x00000000f3500000,0x00000000f3500000,0x00000000f4380000)
 ParOldGen       total 40960K, used 37589K [0x00000000c0000000, 0x00000000c2800000, 0x00000000eaa80000)
  object space 40960K, 91% used [0x00000000c0000000,0x00000000c24b5730,0x00000000c2800000)
 PSPermGen       total 21504K, used 6447K [0x00000000b5a00000, 0x00000000b6f00000, 0x00000000c0000000)
  object space 21504K, 29% used [0x00000000b5a00000,0x00000000b604bda0,0x00000000b6f00000)

Card table byte_map: [0x00007ff8fa72c000,0x00007ff8fa980000] byte_map_base: 0x00007ff8fa17f000

Polling page: 0x00007ff8fde84000

Code Cache  [0x00007ff8f1000000, 0x00007ff8f1270000, 0x00007ff8f4000000)
 total_blobs=557 nmethods=326 adapters=184 free_code_cache=47643Kb largest_free_block=48735040

Compilation events (10 events):
Event: 22.279 Thread 0x00007ff8f40ac000 nmethod 335 0x00007ff8f1165050 code [0x00007ff8f11651c0, 0x00007ff8f11656d8]
Event: 22.280 Thread 0x00007ff8f40ac000  336             com.android.dx.ssa.NormalSsaInsn::<init> (15 bytes)
Event: 22.301 Thread 0x00007ff8f40ac000 nmethod 336 0x00007ff8f1164d90 code [0x00007ff8f1164ee0, 0x00007ff8f1164f98]
Event: 22.301 Thread 0x00007ff8f40ac000  337             com.android.dx.rop.code.RegisterSpec::equals (51 bytes)
Event: 22.304 Thread 0x00007ff8f40ac000 nmethod 337 0x00007ff8f11644d0 code [0x00007ff8f1164620, 0x00007ff8f11649f8]
Event: 22.304 Thread 0x00007ff8f40ac000  338             com.android.dx.ssa.DomFront::calcDomFronts (154 bytes)
Event: 22.433 Thread 0x00007ff8f40ac000 nmethod 338 0x00007ff8f1160bd0 code [0x00007ff8f1160d80, 0x00007ff8f11616b8]
Event: 22.433 Thread 0x00007ff8f40ac000  339             com.android.dx.cf.code.BaseMachine::storeResults (90 bytes)
Event: 22.530 Thread 0x00007ff8f40ac000 nmethod 339 0x00007ff8f10c5a50 code [0x00007ff8f10c5ce0, 0x00007ff8f10c6980]
Event: 22.530 Thread 0x00007ff8f40ac000  340             com.android.dx.cf.code.RopperMachine::getSources (264 bytes)

GC Heap History (10 events):
Event: 3.214 GC heap after
Heap after GC invocations=2 (full 0):
 PSYoungGen      total 34304K, used 2537K [0x00000000eaa80000, 0x00000000ece80000, 0x0000000100000000)
  eden space 31744K, 0% used [0x00000000eaa80000,0x00000000eaa80000,0x00000000ec980000)
  from space 2560K, 99% used [0x00000000ecc00000,0x00000000ece7a7e0,0x00000000ece80000)
  to   space 2560K, 0% used [0x00000000ec980000,0x00000000ec980000,0x00000000ecc00000)
 ParOldGen       total 40960K, used 1791K [0x00000000c0000000, 0x00000000c2800000, 0x00000000eaa80000)
  object space 40960K, 4% used [0x00000000c0000000,0x00000000c01bfe60,0x00000000c2800000)
 PSPermGen       total 21504K, used 6048K [0x00000000b5a00000, 0x00000000b6f00000, 0x00000000c0000000)
  object space 21504K, 28% used [0x00000000b5a00000,0x00000000b5fe80a0,0x00000000b6f00000)
}
Event: 5.976 GC heap before
{Heap before GC invocations=3 (full 0):
 PSYoungGen      total 34304K, used 34281K [0x00000000eaa80000, 0x00000000ece80000, 0x0000000100000000)
  eden space 31744K, 100% used [0x00000000eaa80000,0x00000000ec980000,0x00000000ec980000)
  from space 2560K, 99% used [0x00000000ecc00000,0x00000000ece7a7e0,0x00000000ece80000)
  to   space 2560K, 0% used [0x00000000ec980000,0x00000000ec980000,0x00000000ecc00000)
 ParOldGen       total 40960K, used 1791K [0x00000000c0000000, 0x00000000c2800000, 0x00000000eaa80000)
  object space 40960K, 4% used [0x00000000c0000000,0x00000000c01bfe60,0x00000000c2800000)
 PSPermGen       total 21504K, used 6240K [0x00000000b5a00000, 0x00000000b6f00000, 0x00000000c0000000)
  object space 21504K, 29% used [0x00000000b5a00000,0x00000000b60182d8,0x00000000b6f00000)
Event: 6.037 GC heap after
Heap after GC invocations=3 (full 0):
 PSYoungGen      total 34304K, used 2545K [0x00000000eaa80000, 0x00000000eed80000, 0x0000000100000000)
  eden space 31744K, 0% used [0x00000000eaa80000,0x00000000eaa80000,0x00000000ec980000)
  from space 2560K, 99% used [0x00000000ec980000,0x00000000ecbfc5e8,0x00000000ecc00000)
  to   space 2560K, 0% used [0x00000000eeb00000,0x00000000eeb00000,0x00000000eed80000)
 ParOldGen       total 40960K, used 7626K [0x00000000c0000000, 0x00000000c2800000, 0x00000000eaa80000)
  object space 40960K, 18% used [0x00000000c0000000,0x00000000c0772958,0x00000000c2800000)
 PSPermGen       total 21504K, used 6240K [0x00000000b5a00000, 0x00000000b6f00000, 0x00000000c0000000)
  object space 21504K, 29% used [0x00000000b5a00000,0x00000000b60182d8,0x00000000b6f00000)
}
Event: 8.148 GC heap before
{Heap before GC invocations=4 (full 0):
 PSYoungGen      total 34304K, used 34289K [0x00000000eaa80000, 0x00000000eed80000, 0x0000000100000000)
  eden space 31744K, 100% used [0x00000000eaa80000,0x00000000ec980000,0x00000000ec980000)
  from space 2560K, 99% used [0x00000000ec980000,0x00000000ecbfc5e8,0x00000000ecc00000)
  to   space 2560K, 0% used [0x00000000eeb00000,0x00000000eeb00000,0x00000000eed80000)
 ParOldGen       total 40960K, used 7626K [0x00000000c0000000, 0x00000000c2800000, 0x00000000eaa80000)
  object space 40960K, 18% used [0x00000000c0000000,0x00000000c0772958,0x00000000c2800000)
 PSPermGen       total 21504K, used 6285K [0x00000000b5a00000, 0x00000000b6f00000, 0x00000000c0000000)
  object space 21504K, 29% used [0x00000000b5a00000,0x00000000b60236d0,0x00000000b6f00000)
Event: 8.196 GC heap after
Heap after GC invocations=4 (full 0):
 PSYoungGen      total 66048K, used 2545K [0x00000000eaa80000, 0x00000000eed80000, 0x0000000100000000)
  eden space 63488K, 0% used [0x00000000eaa80000,0x00000000eaa80000,0x00000000ee880000)
  from space 2560K, 99% used [0x00000000eeb00000,0x00000000eed7c5e8,0x00000000eed80000)
  to   space 2560K, 0% used [0x00000000ee880000,0x00000000ee880000,0x00000000eeb00000)
 ParOldGen       total 40960K, used 12858K [0x00000000c0000000, 0x00000000c2800000, 0x00000000eaa80000)
  object space 40960K, 31% used [0x00000000c0000000,0x00000000c0c8eb80,0x00000000c2800000)
 PSPermGen       total 21504K, used 6285K [0x00000000b5a00000, 0x00000000b6f00000, 0x00000000c0000000)
  object space 21504K, 29% used [0x00000000b5a00000,0x00000000b60236d0,0x00000000b6f00000)
}
Event: 11.716 GC heap before
{Heap before GC invocations=5 (full 0):
 PSYoungGen      total 66048K, used 66033K [0x00000000eaa80000, 0x00000000eed80000, 0x0000000100000000)
  eden space 63488K, 100% used [0x00000000eaa80000,0x00000000ee880000,0x00000000ee880000)
  from space 2560K, 99% used [0x00000000eeb00000,0x00000000eed7c5e8,0x00000000eed80000)
  to   space 2560K, 0% used [0x00000000ee880000,0x00000000ee880000,0x00000000eeb00000)
 ParOldGen       total 40960K, used 12858K [0x00000000c0000000, 0x00000000c2800000, 0x00000000eaa80000)
  object space 40960K, 31% used [0x00000000c0000000,0x00000000c0c8eb80,0x00000000c2800000)
 PSPermGen       total 21504K, used 6322K [0x00000000b5a00000, 0x00000000b6f00000, 0x00000000c0000000)
  object space 21504K, 29% used [0x00000000b5a00000,0x00000000b602caf0,0x00000000b6f00000)
Event: 11.841 GC heap after
Heap after GC invocations=5 (full 0):
 PSYoungGen      total 66048K, used 2545K [0x00000000eaa80000, 0x00000000f4380000, 0x0000000100000000)
  eden space 63488K, 0% used [0x00000000eaa80000,0x00000000eaa80000,0x00000000ee880000)
  from space 2560K, 99% used [0x00000000ee880000,0x00000000eeafc5e8,0x00000000eeb00000)
  to   space 14848K, 0% used [0x00000000f3500000,0x00000000f3500000,0x00000000f4380000)
 ParOldGen       total 40960K, used 22586K [0x00000000c0000000, 0x00000000c2800000, 0x00000000eaa80000)
  object space 40960K, 55% used [0x00000000c0000000,0x00000000c160eb38,0x00000000c2800000)
 PSPermGen       total 21504K, used 6322K [0x00000000b5a00000, 0x00000000b6f00000, 0x00000000c0000000)
  object space 21504K, 29% used [0x00000000b5a00000,0x00000000b602caf0,0x00000000b6f00000)
}
Event: 15.720 GC heap before
{Heap before GC invocations=6 (full 0):
 PSYoungGen      total 66048K, used 66033K [0x00000000eaa80000, 0x00000000f4380000, 0x0000000100000000)
  eden space 63488K, 100% used [0x00000000eaa80000,0x00000000ee880000,0x00000000ee880000)
  from space 2560K, 99% used [0x00000000ee880000,0x00000000eeafc5e8,0x00000000eeb00000)
  to   space 14848K, 0% used [0x00000000f3500000,0x00000000f3500000,0x00000000f4380000)
 ParOldGen       total 40960K, used 22586K [0x00000000c0000000, 0x00000000c2800000, 0x00000000eaa80000)
  object space 40960K, 55% used [0x00000000c0000000,0x00000000c160eb38,0x00000000c2800000)
 PSPermGen       total 21504K, used 6367K [0x00000000b5a00000, 0x00000000b6f00000, 0x00000000c0000000)
  object space 21504K, 29% used [0x00000000b5a00000,0x00000000b6037d98,0x00000000b6f00000)
Event: 15.851 GC heap after
Heap after GC invocations=6 (full 0):
 PSYoungGen      total 139264K, used 13618K [0x00000000eaa80000, 0x00000000f4880000, 0x0000000100000000)
  eden space 124416K, 0% used [0x00000000eaa80000,0x00000000eaa80000,0x00000000f2400000)
  from space 14848K, 91% used [0x00000000f3500000,0x00000000f424c9b8,0x00000000f4380000)
  to   space 17408K, 0% used [0x00000000f2400000,0x00000000f2400000,0x00000000f3500000)
 ParOldGen       total 40960K, used 22586K [0x00000000c0000000, 0x00000000c2800000, 0x00000000eaa80000)
  object space 40960K, 55% used [0x00000000c0000000,0x00000000c160eb38,0x00000000c2800000)
 PSPermGen       total 21504K, used 6367K [0x00000000b5a00000, 0x00000000b6f00000, 0x00000000c0000000)
  object space 21504K, 29% used [0x00000000b5a00000,0x00000000b6037d98,0x00000000b6f00000)
}
Event: 22.614 GC heap before
{Heap before GC invocations=7 (full 0):
 PSYoungGen      total 139264K, used 138034K [0x00000000eaa80000, 0x00000000f4880000, 0x0000000100000000)
  eden space 124416K, 100% used [0x00000000eaa80000,0x00000000f2400000,0x00000000f2400000)
  from space 14848K, 91% used [0x00000000f3500000,0x00000000f424c9b8,0x00000000f4380000)
  to   space 17408K, 0% used [0x00000000f2400000,0x00000000f2400000,0x00000000f3500000)
 ParOldGen       total 40960K, used 22586K [0x00000000c0000000, 0x00000000c2800000, 0x00000000eaa80000)
  object space 40960K, 55% used [0x00000000c0000000,0x00000000c160eb38,0x00000000c2800000)
 PSPermGen       total 21504K, used 6447K [0x00000000b5a00000, 0x00000000b6f00000, 0x00000000c0000000)
  object space 21504K, 29% used [0x00000000b5a00000,0x00000000b604bda0,0x00000000b6f00000)

Deoptimization events (10 events):
Event: 7.265 Thread 0x00007ff8f4196000 Uncommon trap: reason=class_check action=maybe_recompile pc=0x00007ff8f10af024 method=java.util.HashMap.put(Ljava/lang/Object;Ljava/lang/Object;)Ljava/lang/Object; @ 83
Event: 7.265 Thread 0x00007ff8f4196000 Uncommon trap: reason=class_check action=maybe_recompile pc=0x00007ff8f10af024 method=java.util.HashMap.put(Ljava/lang/Object;Ljava/lang/Object;)Ljava/lang/Object; @ 83
Event: 7.265 Thread 0x00007ff8f4196000 Uncommon trap: reason=class_check action=maybe_recompile pc=0x00007ff8f10af024 method=java.util.HashMap.put(Ljava/lang/Object;Ljava/lang/Object;)Ljava/lang/Object; @ 83
Event: 7.265 Thread 0x00007ff8f4196000 Uncommon trap: reason=class_check action=maybe_recompile pc=0x00007ff8f10af024 method=java.util.HashMap.put(Ljava/lang/Object;Ljava/lang/Object;)Ljava/lang/Object; @ 83
Event: 7.309 Thread 0x00007ff8f418f800 Uncommon trap: reason=null_check action=make_not_entrant pc=0x00007ff8f10c4260 method=com.android.dx.ssa.SsaRenamer.getLocalForNewReg(I)Lcom/android/dx/rop/code/LocalItem; @ 19
Event: 7.553 Thread 0x00007ff8f400a800 Uncommon trap: reason=null_check action=make_not_entrant pc=0x00007ff8f10be2a8 method=com.android.dx.rop.type.Type.putIntern(Lcom/android/dx/rop/type/Type;)Lcom/android/dx/rop/type/Type; @ 18
Event: 12.913 Thread 0x00007ff8f400a800 Uncommon trap: reason=unloaded action=reinterpret pc=0x00007ff8f10ec06c method=com.android.dx.cf.cst.ConstantPoolParser.parse0(ILjava/util/BitSet;)Lcom/android/dx/rop/cst/Constant; @ 220
Event: 13.206 Thread 0x00007ff8f4196000 Uncommon trap: reason=unstable_if action=reinterpret pc=0x00007ff8f10f3dcc method=com.android.dx.ssa.SCCP.simulateBranch(Lcom/android/dx/ssa/SsaInsn;)V @ 548
Event: 14.694 Thread 0x00007ff8f4196000 Uncommon trap: reason=null_check action=make_not_entrant pc=0x00007ff8f11333bc method=com.android.dx.cf.code.Ropper$CatchInfo.getSetup(Lcom/android/dx/rop/type/Type;)Lcom/android/dx/cf/code/Ropper$ExceptionHandlerSetup; @ 10
Event: 19.118 Thread 0x00007ff8f4194800 Uncommon trap: reason=unstable_if action=reinterpret pc=0x00007ff8f10ddff0 method=com.android.dx.ssa.Dominators.run()V @ 346

Internal exceptions (10 events):
Event: 2.539 Thread 0x00007ff8f4194800 Threw 0x00000000eb5117f8 at /home/jmm/jdk4/openjdk-7-7u101-2.6.6/build/openjdk/hotspot/src/share/vm/prims/jvm.cpp:1322
Event: 2.830 Thread 0x00007ff8f400a800 Threw 0x00000000eb6c7a98 at /home/jmm/jdk4/openjdk-7-7u101-2.6.6/build/openjdk/hotspot/src/share/vm/prims/jvm.cpp:1322
Event: 3.955 Thread 0x00007ff8f4194800 Threw 0x00000000eb015d28 at /home/jmm/jdk4/openjdk-7-7u101-2.6.6/build/openjdk/hotspot/src/share/vm/prims/jvm.cpp:1322
Event: 5.823 Thread 0x00007ff8f400a800 Threw 0x00000000ec7b1a70 at /home/jmm/jdk4/openjdk-7-7u101-2.6.6/build/openjdk/hotspot/src/share/vm/prims/jvm.cpp:1322
Event: 6.052 Thread 0x00007ff8f400a800 Threw 0x00000000eab4efa8 at /home/jmm/jdk4/openjdk-7-7u101-2.6.6/build/openjdk/hotspot/src/share/vm/prims/jvm.cpp:1322
Event: 7.308 Thread 0x00007ff8f418f800 Implicit null exception at 0x00007ff8f10c279d to 0x00007ff8f10c423d
Event: 7.553 Thread 0x00007ff8f400a800 Implicit null exception at 0x00007ff8f10bdbb3 to 0x00007ff8f10be299
Event: 8.207 Thread 0x00007ff8f400a800 Threw 0x00000000eab29158 at /home/jmm/jdk4/openjdk-7-7u101-2.6.6/build/openjdk/hotspot/src/share/vm/prims/jvm.cpp:1322
Event: 14.694 Thread 0x00007ff8f4196000 Implicit null exception at 0x00007ff8f112f3dd to 0x00007ff8f113337d
Event: 15.648 Thread 0x00007ff8f400a800 Threw 0x00000000ee728050 at /home/jmm/jdk4/openjdk-7-7u101-2.6.6/build/openjdk/hotspot/src/share/vm/prims/jvm.cpp:1322

Events (10 events):
Event: 18.263 Thread 0x00007ff8f40a9000 flushing nmethod 0x00007ff8f108e210
Event: 18.281 Thread 0x00007ff8f40a9000 flushing nmethod 0x00007ff8f1093c10
Event: 18.304 Thread 0x00007ff8f40a9000 flushing nmethod 0x00007ff8f10af8d0
Event: 19.118 Thread 0x00007ff8f4194800 Uncommon trap: trap_request=0xffffff75 fr.pc=0x00007ff8f10ddff0
Event: 19.118 Thread 0x00007ff8f4194800 DEOPT PACKING pc=0x00007ff8f10ddff0 sp=0x00007ff8ed0200b0
Event: 19.118 Thread 0x00007ff8f4194800 DEOPT UNPACKING pc=0x00007ff8f1039445 sp=0x00007ff8ed0200c8 mode 2
Event: 21.888 Thread 0x00007ff8f40ac000 flushing nmethod 0x00007ff8f10ae710
Event: 21.888 Thread 0x00007ff8f40ac000 flushing nmethod 0x00007ff8f10bd350
Event: 21.920 Thread 0x00007ff8f40ac000 flushing nmethod 0x00007ff8f10c1410
Event: 22.603 Executing VM operation: ParallelGCFailedAllocation


Dynamic libraries:
00400000-00401000 r-xp 00000000 08:0a 5115756                            /usr/lib/jvm/java-7-openjdk-amd64/jre/bin/java
00600000-00601000 r--p 00000000 08:0a 5115756                            /usr/lib/jvm/java-7-openjdk-amd64/jre/bin/java
00601000-00602000 rw-p 00001000 08:0a 5115756                            /usr/lib/jvm/java-7-openjdk-amd64/jre/bin/java
0155b000-0157c000 rw-p 00000000 00:00 0                                  [heap]
b5a00000-b6f00000 rw-p 00000000 00:00 0 
b6f00000-c0000000 rw-p 00000000 00:00 0 
c0000000-c2800000 rw-p 00000000 00:00 0 
c2800000-eaa80000 rw-p 00000000 00:00 0 
eaa80000-f4880000 rw-p 00000000 00:00 0 
fd580000-100000000 rw-p 00000000 00:00 0 
7ff8a8000000-7ff8a8021000 rw-p 00000000 00:00 0 
7ff8a8021000-7ff8ac000000 ---p 00000000 00:00 0 
7ff8ac000000-7ff8ac021000 rw-p 00000000 00:00 0 
7ff8ac021000-7ff8b0000000 ---p 00000000 00:00 0 
7ff8b0000000-7ff8b0021000 rw-p 00000000 00:00 0 
7ff8b0021000-7ff8b4000000 ---p 00000000 00:00 0 
7ff8b4000000-7ff8b4029000 rw-p 00000000 00:00 0 
7ff8b4029000-7ff8b8000000 ---p 00000000 00:00 0 
7ff8b8000000-7ff8b8021000 rw-p 00000000 00:00 0 
7ff8b8021000-7ff8bc000000 ---p 00000000 00:00 0 
7ff8bc000000-7ff8bc032000 rw-p 00000000 00:00 0 
7ff8bc032000-7ff8c0000000 ---p 00000000 00:00 0 
7ff8c0000000-7ff8c1802000 rw-p 00000000 00:00 0 
7ff8c1802000-7ff8c4000000 ---p 00000000 00:00 0 
7ff8c4000000-7ff8c4021000 rw-p 00000000 00:00 0 
7ff8c4021000-7ff8c8000000 ---p 00000000 00:00 0 
7ff8c8000000-7ff8c8021000 rw-p 00000000 00:00 0 
7ff8c8021000-7ff8cc000000 ---p 00000000 00:00 0 
7ff8cc000000-7ff8cd819000 rw-p 00000000 00:00 0 
7ff8cd819000-7ff8d0000000 ---p 00000000 00:00 0 
7ff8d0000000-7ff8d0021000 rw-p 00000000 00:00 0 
7ff8d0021000-7ff8d4000000 ---p 00000000 00:00 0 
7ff8d4000000-7ff8d4021000 rw-p 00000000 00:00 0 
7ff8d4021000-7ff8d8000000 ---p 00000000 00:00 0 
7ff8d8000000-7ff8d8021000 rw-p 00000000 00:00 0 
7ff8d8021000-7ff8dc000000 ---p 00000000 00:00 0 
7ff8dc000000-7ff8dc021000 rw-p 00000000 00:00 0 
7ff8dc021000-7ff8e0000000 ---p 00000000 00:00 0 
7ff8e0000000-7ff8e0021000 rw-p 00000000 00:00 0 
7ff8e0021000-7ff8e4000000 ---p 00000000 00:00 0 
7ff8e4000000-7ff8e4021000 rw-p 00000000 00:00 0 
7ff8e4021000-7ff8e8000000 ---p 00000000 00:00 0 
7ff8e8000000-7ff8e8021000 rw-p 00000000 00:00 0 
7ff8e8021000-7ff8ec000000 ---p 00000000 00:00 0 
7ff8ecd1f000-7ff8ecd22000 ---p 00000000 00:00 0 
7ff8ecd22000-7ff8ece20000 rw-p 00000000 00:00 0                          [stack:14078]
7ff8ece20000-7ff8ece23000 ---p 00000000 00:00 0 
7ff8ece23000-7ff8ecf21000 rw-p 00000000 00:00 0                          [stack:14077]
7ff8ecf21000-7ff8ecf24000 ---p 00000000 00:00 0 
7ff8ecf24000-7ff8ed022000 rw-p 00000000 00:00 0                          [stack:14076]
7ff8ed022000-7ff8ed025000 ---p 00000000 00:00 0 
7ff8ed025000-7ff8ed123000 rw-p 00000000 00:00 0                          [stack:14075]
7ff8ed123000-7ff8ed126000 ---p 00000000 00:00 0 
7ff8ed126000-7ff8ed525000 rw-p 00000000 00:00 0                          [stack:14074]
7ff8ed525000-7ff8ed591000 r-xp 00000000 08:0a 4849710                    /lib/x86_64-linux-gnu/libpcre.so.3.13.1
7ff8ed591000-7ff8ed791000 ---p 0006c000 08:0a 4849710                    /lib/x86_64-linux-gnu/libpcre.so.3.13.1
7ff8ed791000-7ff8ed792000 r--p 0006c000 08:0a 4849710                    /lib/x86_64-linux-gnu/libpcre.so.3.13.1
7ff8ed792000-7ff8ed793000 rw-p 0006d000 08:0a 4849710                    /lib/x86_64-linux-gnu/libpcre.so.3.13.1
7ff8ed793000-7ff8ed79a000 r-xp 00000000 08:0a 4198832                    /usr/lib/x86_64-linux-gnu/libffi.so.6.0.2
7ff8ed79a000-7ff8ed999000 ---p 00007000 08:0a 4198832                    /usr/lib/x86_64-linux-gnu/libffi.so.6.0.2
7ff8ed999000-7ff8ed99a000 r--p 00006000 08:0a 4198832                    /usr/lib/x86_64-linux-gnu/libffi.so.6.0.2
7ff8ed99a000-7ff8ed99b000 rw-p 00007000 08:0a 4198832                    /usr/lib/x86_64-linux-gnu/libffi.so.6.0.2
7ff8ed99b000-7ff8ed9af000 r-xp 00000000 08:0a 4849686                    /lib/x86_64-linux-gnu/libresolv-2.19.so
7ff8ed9af000-7ff8edbae000 ---p 00014000 08:0a 4849686                    /lib/x86_64-linux-gnu/libresolv-2.19.so
7ff8edbae000-7ff8edbaf000 r--p 00013000 08:0a 4849686                    /lib/x86_64-linux-gnu/libresolv-2.19.so
7ff8edbaf000-7ff8edbb0000 rw-p 00014000 08:0a 4849686                    /lib/x86_64-linux-gnu/libresolv-2.19.so
7ff8edbb0000-7ff8edbb2000 rw-p 00000000 00:00 0 
7ff8edbb2000-7ff8edbd3000 r-xp 00000000 08:0a 4849763                    /lib/x86_64-linux-gnu/libselinux.so.1
7ff8edbd3000-7ff8eddd3000 ---p 00021000 08:0a 4849763                    /lib/x86_64-linux-gnu/libselinux.so.1
7ff8eddd3000-7ff8eddd4000 r--p 00021000 08:0a 4849763                    /lib/x86_64-linux-gnu/libselinux.so.1
7ff8eddd4000-7ff8eddd5000 rw-p 00022000 08:0a 4849763                    /lib/x86_64-linux-gnu/libselinux.so.1
7ff8eddd5000-7ff8eddd7000 rw-p 00000000 00:00 0 
7ff8eddd7000-7ff8eddda000 r-xp 00000000 08:0a 4201883                    /usr/lib/x86_64-linux-gnu/libgmodule-2.0.so.0.4200.1
7ff8eddda000-7ff8edfd9000 ---p 00003000 08:0a 4201883                    /usr/lib/x86_64-linux-gnu/libgmodule-2.0.so.0.4200.1
7ff8edfd9000-7ff8edfda000 r--p 00002000 08:0a 4201883                    /usr/lib/x86_64-linux-gnu/libgmodule-2.0.so.0.4200.1
7ff8edfda000-7ff8edfdb000 rw-p 00003000 08:0a 4201883                    /usr/lib/x86_64-linux-gnu/libgmodule-2.0.so.0.4200.1
7ff8edfdb000-7ff8ee0e7000 r-xp 00000000 08:0a 4850183                    /lib/x86_64-linux-gnu/libglib-2.0.so.0.4200.1
7ff8ee0e7000-7ff8ee2e7000 ---p 0010c000 08:0a 4850183                    /lib/x86_64-linux-gnu/libglib-2.0.so.0.4200.1
7ff8ee2e7000-7ff8ee2e8000 r--p 0010c000 08:0a 4850183                    /lib/x86_64-linux-gnu/libglib-2.0.so.0.4200.1
7ff8ee2e8000-7ff8ee2e9000 rw-p 0010d000 08:0a 4850183                    /lib/x86_64-linux-gnu/libglib-2.0.so.0.4200.1
7ff8ee2e9000-7ff8ee2ea000 rw-p 00000000 00:00 0 
7ff8ee2ea000-7ff8ee33b000 r-xp 00000000 08:0a 4201882                    /usr/lib/x86_64-linux-gnu/libgobject-2.0.so.0.4200.1
7ff8ee33b000-7ff8ee53b000 ---p 00051000 08:0a 4201882                    /usr/lib/x86_64-linux-gnu/libgobject-2.0.so.0.4200.1
7ff8ee53b000-7ff8ee53c000 r--p 00051000 08:0a 4201882                    /usr/lib/x86_64-linux-gnu/libgobject-2.0.so.0.4200.1
7ff8ee53c000-7ff8ee53d000 rw-p 00052000 08:0a 4201882                    /usr/lib/x86_64-linux-gnu/libgobject-2.0.so.0.4200.1
7ff8ee53d000-7ff8ee6af000 r-xp 00000000 08:0a 4201885                    /usr/lib/x86_64-linux-gnu/libgio-2.0.so.0.4200.1
7ff8ee6af000-7ff8ee8af000 ---p 00172000 08:0a 4201885                    /usr/lib/x86_64-linux-gnu/libgio-2.0.so.0.4200.1
7ff8ee8af000-7ff8ee8b3000 r--p 00172000 08:0a 4201885                    /usr/lib/x86_64-linux-gnu/libgio-2.0.so.0.4200.1
7ff8ee8b3000-7ff8ee8b5000 rw-p 00176000 08:0a 4201885                    /usr/lib/x86_64-linux-gnu/libgio-2.0.so.0.4200.1
7ff8ee8b5000-7ff8ee8b7000 rw-p 00000000 00:00 0 
7ff8ee8b7000-7ff8ee8cf000 r-xp 00000000 08:0a 4986150                    /usr/lib/jvm/java-7-openjdk-amd64/jre/lib/amd64/libnet.so
7ff8ee8cf000-7ff8eeace000 ---p 00018000 08:0a 4986150                    /usr/lib/jvm/java-7-openjdk-amd64/jre/lib/amd64/libnet.so
7ff8eeace000-7ff8eeacf000 r--p 00017000 08:0a 4986150                    /usr/lib/jvm/java-7-openjdk-amd64/jre/lib/amd64/libnet.so
7ff8eeacf000-7ff8eead0000 rw-p 00018000 08:0a 4986150                    /usr/lib/jvm/java-7-openjdk-amd64/jre/lib/amd64/libnet.so
7ff8eead0000-7ff8f1000000 rw-p 00000000 00:00 0 
7ff8f1000000-7ff8f1270000 rwxp 00000000 00:00 0 
7ff8f1270000-7ff8f41ec000 rw-p 00000000 00:00 0 
7ff8f41ec000-7ff8f8000000 ---p 00000000 00:00 0 
7ff8f80bc000-7ff8f80cd000 r-xp 00000000 08:0a 4986137                    /usr/lib/jvm/java-7-openjdk-amd64/jre/lib/amd64/libnio.so
7ff8f80cd000-7ff8f82cc000 ---p 00011000 08:0a 4986137                    /usr/lib/jvm/java-7-openjdk-amd64/jre/lib/amd64/libnio.so
7ff8f82cc000-7ff8f82cd000 r--p 00010000 08:0a 4986137                    /usr/lib/jvm/java-7-openjdk-amd64/jre/lib/amd64/libnio.so
7ff8f82cd000-7ff8f82ce000 rw-p 00011000 08:0a 4986137                    /usr/lib/jvm/java-7-openjdk-amd64/jre/lib/amd64/libnio.so
7ff8f82ce000-7ff8f82e4000 r--s 000f1000 08:0a 3803555                    /home/kamalnrf/Projects/AndroidApplications/Wallet/app/build/intermediates/exploded-aar/com.android.support/support-v4/23.4.0/jars/classes.jar
7ff8f82e4000-7ff8f82f3000 r--s 000df000 08:0a 918663                     /home/kamalnrf/Software/DevlopmentKit/android-sdk-linux/build-tools/23.0.2/lib/dx.jar
7ff8f82f3000-7ff8f82f4000 ---p 00000000 00:00 0 
7ff8f82f4000-7ff8f83f4000 rw-p 00000000 00:00 0                          [stack:14073]
7ff8f83f4000-7ff8f83f7000 ---p 00000000 00:00 0 
7ff8f83f7000-7ff8f84f5000 rw-p 00000000 00:00 0                          [stack:14072]
7ff8f84f5000-7ff8f84f8000 ---p 00000000 00:00 0 
7ff8f84f8000-7ff8f85f6000 rw-p 00000000 00:00 0                          [stack:14071]
7ff8f85f6000-7ff8f85f9000 ---p 00000000 00:00 0 
7ff8f85f9000-7ff8f86f7000 rw-p 00000000 00:00 0                          [stack:14070]
7ff8f86f7000-7ff8f86fa000 ---p 00000000 00:00 0 
7ff8f86fa000-7ff8f87f8000 rw-p 00000000 00:00 0                          [stack:14069]
7ff8f87f8000-7ff8f8981000 r--p 00000000 08:0a 4198184                    /usr/lib/locale/locale-archive
7ff8f8981000-7ff8f8984000 ---p 00000000 00:00 0 
7ff8f8984000-7ff8f8a82000 rw-p 00000000 00:00 0                          [stack:14068]
7ff8f8a82000-7ff8f8a85000 ---p 00000000 00:00 0 
7ff8f8a85000-7ff8f8b83000 rw-p 00000000 00:00 0                          [stack:14067]
7ff8f8b83000-7ff8f8b84000 ---p 00000000 00:00 0 
7ff8f8b84000-7ff8f9c81000 rw-p 00000000 00:00 0                          [stack:14066]
7ff8f9c81000-7ff8f9e33000 r--s 01d32000 08:0a 4726050                    /usr/lib/jvm/java-7-openjdk-amd64/jre/lib/rt.jar
7ff8f9e33000-7ff8fa17f000 rw-p 00000000 00:00 0 
7ff8fa17f000-7ff8fa180000 ---p 00000000 00:00 0 
7ff8fa180000-7ff8fa280000 rw-p 00000000 00:00 0                          [stack:14065]
7ff8fa280000-7ff8fa281000 ---p 00000000 00:00 0 
7ff8fa281000-7ff8fa381000 rw-p 00000000 00:00 0                          [stack:14064]
7ff8fa381000-7ff8fa382000 ---p 00000000 00:00 0 
7ff8fa382000-7ff8fa482000 rw-p 00000000 00:00 0                          [stack:14063]
7ff8fa482000-7ff8fa483000 ---p 00000000 00:00 0 
7ff8fa483000-7ff8fa58e000 rw-p 00000000 00:00 0                          [stack:14061]
7ff8fa58e000-7ff8fa5d6000 rw-p 00000000 00:00 0 
7ff8fa5d6000-7ff8fa5ea000 rw-p 00000000 00:00 0 
7ff8fa5ea000-7ff8fa72c000 rw-p 00000000 00:00 0 
7ff8fa72c000-7ff8fa737000 rw-p 00000000 00:00 0 
7ff8fa737000-7ff8fa77f000 rw-p 00000000 00:00 0 
7ff8fa77f000-7ff8fa793000 rw-p 00000000 00:00 0 
7ff8fa793000-7ff8fa8d4000 rw-p 00000000 00:00 0 
7ff8fa8d4000-7ff8fa924000 rw-p 00000000 00:00 0 
7ff8fa924000-7ff8fa97f000 rw-p 00000000 00:00 0 
7ff8fa97f000-7ff8fa980000 rw-p 00000000 00:00 0 
7ff8fa980000-7ff8fa988000 r-xp 00000000 08:0a 4986132                    /usr/lib/jvm/java-7-openjdk-amd64/jre/lib/amd64/libzip.so
7ff8fa988000-7ff8fab87000 ---p 00008000 08:0a 4986132                    /usr/lib/jvm/java-7-openjdk-amd64/jre/lib/amd64/libzip.so
7ff8fab87000-7ff8fab88000 r--p 00007000 08:0a 4986132                    /usr/lib/jvm/java-7-openjdk-amd64/jre/lib/amd64/libzip.so
7ff8fab88000-7ff8fab89000 rw-p 00008000 08:0a 4986132                    /usr/lib/jvm/java-7-openjdk-amd64/jre/lib/amd64/libzip.so
7ff8fab89000-7ff8fab94000 r-xp 00000000 08:0a 4849681                    /lib/x86_64-linux-gnu/libnss_files-2.19.so
7ff8fab94000-7ff8fad93000 ---p 0000b000 08:0a 4849681                    /lib/x86_64-linux-gnu/libnss_files-2.19.so
7ff8fad93000-7ff8fad94000 r--p 0000a000 08:0a 4849681                    /lib/x86_64-linux-gnu/libnss_files-2.19.so
7ff8fad94000-7ff8fad95000 rw-p 0000b000 08:0a 4849681                    /lib/x86_64-linux-gnu/libnss_files-2.19.so
7ff8fad95000-7ff8fad9f000 r-xp 00000000 08:0a 4849683                    /lib/x86_64-linux-gnu/libnss_nis-2.19.so
7ff8fad9f000-7ff8faf9e000 ---p 0000a000 08:0a 4849683                    /lib/x86_64-linux-gnu/libnss_nis-2.19.so
7ff8faf9e000-7ff8faf9f000 r--p 00009000 08:0a 4849683                    /lib/x86_64-linux-gnu/libnss_nis-2.19.so
7ff8faf9f000-7ff8fafa0000 rw-p 0000a000 08:0a 4849683                    /lib/x86_64-linux-gnu/libnss_nis-2.19.so
7ff8fafa0000-7ff8fafb5000 r-xp 00000000 08:0a 4849678                    /lib/x86_64-linux-gnu/libnsl-2.19.so
7ff8fafb5000-7ff8fb1b4000 ---p 00015000 08:0a 4849678                    /lib/x86_64-linux-gnu/libnsl-2.19.so
7ff8fb1b4000-7ff8fb1b5000 r--p 00014000 08:0a 4849678                    /lib/x86_64-linux-gnu/libnsl-2.19.so
7ff8fb1b5000-7ff8fb1b6000 rw-p 00015000 08:0a 4849678                    /lib/x86_64-linux-gnu/libnsl-2.19.so
7ff8fb1b6000-7ff8fb1b8000 rw-p 00000000 00:00 0 
7ff8fb1b8000-7ff8fb1bf000 r-xp 00000000 08:0a 4849679                    /lib/x86_64-linux-gnu/libnss_compat-2.19.so
7ff8fb1bf000-7ff8fb3be000 ---p 00007000 08:0a 4849679                    /lib/x86_64-linux-gnu/libnss_compat-2.19.so
7ff8fb3be000-7ff8fb3bf000 r--p 00006000 08:0a 4849679                    /lib/x86_64-linux-gnu/libnss_compat-2.19.so
7ff8fb3bf000-7ff8fb3c0000 rw-p 00007000 08:0a 4849679                    /lib/x86_64-linux-gnu/libnss_compat-2.19.so
7ff8fb3c0000-7ff8fb3ed000 r-xp 00000000 08:0a 4986159                    /usr/lib/jvm/java-7-openjdk-amd64/jre/lib/amd64/libjava.so
7ff8fb3ed000-7ff8fb5ec000 ---p 0002d000 08:0a 4986159                    /usr/lib/jvm/java-7-openjdk-amd64/jre/lib/amd64/libjava.so
7ff8fb5ec000-7ff8fb5ed000 r--p 0002c000 08:0a 4986159                    /usr/lib/jvm/java-7-openjdk-amd64/jre/lib/amd64/libjava.so
7ff8fb5ed000-7ff8fb5ef000 rw-p 0002d000 08:0a 4986159                    /usr/lib/jvm/java-7-openjdk-amd64/jre/lib/amd64/libjava.so
7ff8fb5ef000-7ff8fb5fe000 r-xp 00000000 08:0a 4986127                    /usr/lib/jvm/java-7-openjdk-amd64/jre/lib/amd64/libverify.so
7ff8fb5fe000-7ff8fb7fd000 ---p 0000f000 08:0a 4986127                    /usr/lib/jvm/java-7-openjdk-amd64/jre/lib/amd64/libverify.so
7ff8fb7fd000-7ff8fb800000 r--p 0000e000 08:0a 4986127                    /usr/lib/jvm/java-7-openjdk-amd64/jre/lib/amd64/libverify.so
7ff8fb800000-7ff8fb801000 rw-p 00011000 08:0a 4986127                    /usr/lib/jvm/java-7-openjdk-amd64/jre/lib/amd64/libverify.so
7ff8fb801000-7ff8fb808000 r-xp 00000000 08:0a 4849687                    /lib/x86_64-linux-gnu/librt-2.19.so
7ff8fb808000-7ff8fba07000 ---p 00007000 08:0a 4849687                    /lib/x86_64-linux-gnu/librt-2.19.so
7ff8fba07000-7ff8fba08000 r--p 00006000 08:0a 4849687                    /lib/x86_64-linux-gnu/librt-2.19.so
7ff8fba08000-7ff8fba09000 rw-p 00007000 08:0a 4849687                    /lib/x86_64-linux-gnu/librt-2.19.so
7ff8fba09000-7ff8fba1f000 r-xp 00000000 08:0a 4849668                    /lib/x86_64-linux-gnu/libgcc_s.so.1
7ff8fba1f000-7ff8fbc1e000 ---p 00016000 08:0a 4849668                    /lib/x86_64-linux-gnu/libgcc_s.so.1
7ff8fbc1e000-7ff8fbc1f000 rw-p 00015000 08:0a 4849668                    /lib/x86_64-linux-gnu/libgcc_s.so.1
7ff8fbc1f000-7ff8fbd1f000 r-xp 00000000 08:0a 4849676                    /lib/x86_64-linux-gnu/libm-2.19.so
7ff8fbd1f000-7ff8fbf1e000 ---p 00100000 08:0a 4849676                    /lib/x86_64-linux-gnu/libm-2.19.so
7ff8fbf1e000-7ff8fbf1f000 r--p 000ff000 08:0a 4849676                    /lib/x86_64-linux-gnu/libm-2.19.so
7ff8fbf1f000-7ff8fbf20000 rw-p 00100000 08:0a 4849676                    /lib/x86_64-linux-gnu/libm-2.19.so
7ff8fbf20000-7ff8fc00c000 r-xp 00000000 08:0a 4199245                    /usr/lib/x86_64-linux-gnu/libstdc++.so.6.0.20
7ff8fc00c000-7ff8fc20c000 ---p 000ec000 08:0a 4199245                    /usr/lib/x86_64-linux-gnu/libstdc++.so.6.0.20
7ff8fc20c000-7ff8fc214000 r--p 000ec000 08:0a 4199245                    /usr/lib/x86_64-linux-gnu/libstdc++.so.6.0.20
7ff8fc214000-7ff8fc216000 rw-p 000f4000 08:0a 4199245                    /usr/lib/x86_64-linux-gnu/libstdc++.so.6.0.20
7ff8fc216000-7ff8fc22b000 rw-p 00000000 00:00 0 
7ff8fc22b000-7ff8fcd82000 r-xp 00000000 08:0a 5115728                    /usr/lib/jvm/java-7-openjdk-amd64/jre/lib/amd64/server/libjvm.so
7ff8fcd82000-7ff8fcf82000 ---p 00b57000 08:0a 5115728                    /usr/lib/jvm/java-7-openjdk-amd64/jre/lib/amd64/server/libjvm.so
7ff8fcf82000-7ff8fd021000 r--p 00b57000 08:0a 5115728                    /usr/lib/jvm/java-7-openjdk-amd64/jre/lib/amd64/server/libjvm.so
7ff8fd021000-7ff8fd044000 rw-p 00bf6000 08:0a 5115728                    /usr/lib/jvm/java-7-openjdk-amd64/jre/lib/amd64/server/libjvm.so
7ff8fd044000-7ff8fd072000 rw-p 00000000 00:00 0 
7ff8fd072000-7ff8fd08c000 r-xp 00000000 08:0a 4849764                    /lib/x86_64-linux-gnu/libz.so.1.2.8
7ff8fd08c000-7ff8fd28b000 ---p 0001a000 08:0a 4849764                    /lib/x86_64-linux-gnu/libz.so.1.2.8
7ff8fd28b000-7ff8fd28c000 r--p 00019000 08:0a 4849764                    /lib/x86_64-linux-gnu/libz.so.1.2.8
7ff8fd28c000-7ff8fd28d000 rw-p 0001a000 08:0a 4849764                    /lib/x86_64-linux-gnu/libz.so.1.2.8
7ff8fd28d000-7ff8fd42f000 r-xp 00000000 08:0a 4849672                    /lib/x86_64-linux-gnu/libc-2.19.so
7ff8fd42f000-7ff8fd62e000 ---p 001a2000 08:0a 4849672                    /lib/x86_64-linux-gnu/libc-2.19.so
7ff8fd62e000-7ff8fd632000 r--p 001a1000 08:0a 4849672                    /lib/x86_64-linux-gnu/libc-2.19.so
7ff8fd632000-7ff8fd634000 rw-p 001a5000 08:0a 4849672                    /lib/x86_64-linux-gnu/libc-2.19.so
7ff8fd634000-7ff8fd638000 rw-p 00000000 00:00 0 
7ff8fd638000-7ff8fd63b000 r-xp 00000000 08:0a 4849675                    /lib/x86_64-linux-gnu/libdl-2.19.so
7ff8fd63b000-7ff8fd83a000 ---p 00003000 08:0a 4849675                    /lib/x86_64-linux-gnu/libdl-2.19.so
7ff8fd83a000-7ff8fd83b000 r--p 00002000 08:0a 4849675                    /lib/x86_64-linux-gnu/libdl-2.19.so
7ff8fd83b000-7ff8fd83c000 rw-p 00003000 08:0a 4849675                    /lib/x86_64-linux-gnu/libdl-2.19.so
7ff8fd83c000-7ff8fd849000 r-xp 00000000 08:0a 4986130                    /usr/lib/jvm/java-7-openjdk-amd64/jre/lib/amd64/jli/libjli.so
7ff8fd849000-7ff8fda48000 ---p 0000d000 08:0a 4986130                    /usr/lib/jvm/java-7-openjdk-amd64/jre/lib/amd64/jli/libjli.so
7ff8fda48000-7ff8fda49000 r--p 0000c000 08:0a 4986130                    /usr/lib/jvm/java-7-openjdk-amd64/jre/lib/amd64/jli/libjli.so
7ff8fda49000-7ff8fda4a000 rw-p 0000d000 08:0a 4986130                    /usr/lib/jvm/java-7-openjdk-amd64/jre/lib/amd64/jli/libjli.so
7ff8fda4a000-7ff8fda62000 r-xp 00000000 08:0a 4849667                    /lib/x86_64-linux-gnu/libpthread-2.19.so
7ff8fda62000-7ff8fdc61000 ---p 00018000 08:0a 4849667                    /lib/x86_64-linux-gnu/libpthread-2.19.so
7ff8fdc61000-7ff8fdc62000 r--p 00017000 08:0a 4849667                    /lib/x86_64-linux-gnu/libpthread-2.19.so
7ff8fdc62000-7ff8fdc63000 rw-p 00018000 08:0a 4849667                    /lib/x86_64-linux-gnu/libpthread-2.19.so
7ff8fdc63000-7ff8fdc67000 rw-p 00000000 00:00 0 
7ff8fdc67000-7ff8fdc87000 r-xp 00000000 08:0a 4849669                    /lib/x86_64-linux-gnu/ld-2.19.so
7ff8fdc88000-7ff8fdcab000 rw-p 00000000 00:00 0 
7ff8fdcab000-7ff8fdd61000 rw-p 00000000 00:00 0 
7ff8fdd61000-7ff8fdd64000 ---p 00000000 00:00 0 
7ff8fdd64000-7ff8fde67000 rw-p 00000000 00:00 0                          [stack:14059]
7ff8fde67000-7ff8fde6b000 r--s 00034000 08:0a 4850854                    /usr/lib/jvm/java-7-openjdk-amd64/jre/lib/ext/sunjce_provider.jar
7ff8fde6b000-7ff8fde6d000 r--s 00012000 08:0a 4850848                    /usr/lib/jvm/java-7-openjdk-amd64/jre/lib/ext/zipfs.jar
7ff8fde6d000-7ff8fde6f000 r--s 00006000 08:0a 4724788                    /usr/share/java/java-atk-wrapper.jar
7ff8fde6f000-7ff8fde73000 r--s 00085000 08:0a 4850849                    /usr/lib/jvm/java-7-openjdk-amd64/jre/lib/ext/localedata.jar
7ff8fde73000-7ff8fde74000 r--s 00002000 08:0a 4850850                    /usr/lib/jvm/java-7-openjdk-amd64/jre/lib/ext/dnsns.jar
7ff8fde74000-7ff8fde78000 r--s 0003c000 08:0a 4850852                    /usr/lib/jvm/java-7-openjdk-amd64/jre/lib/ext/sunpkcs11.jar
7ff8fde78000-7ff8fde7b000 r--s 0000f000 08:0a 4850851                    /usr/lib/jvm/java-7-openjdk-amd64/jre/lib/ext/icedtea-sound.jar
7ff8fde7b000-7ff8fde83000 rw-s 00000000 08:0a 4464746                    /tmp/hsperfdata_kamalnrf/14057
7ff8fde83000-7ff8fde84000 rw-p 00000000 00:00 0 
7ff8fde84000-7ff8fde85000 ---p 00000000 00:00 0 
7ff8fde85000-7ff8fde87000 rw-p 00000000 00:00 0 
7ff8fde87000-7ff8fde88000 r--p 00020000 08:0a 4849669                    /lib/x86_64-linux-gnu/ld-2.19.so
7ff8fde88000-7ff8fde89000 rw-p 00021000 08:0a 4849669                    /lib/x86_64-linux-gnu/ld-2.19.so
7ff8fde89000-7ff8fde8a000 rw-p 00000000 00:00 0 
7ffffa650000-7ffffa671000 rw-p 00000000 00:00 0                          [stack]
7ffffa7cb000-7ffffa7cd000 r-xp 00000000 00:00 0                          [vdso]
7ffffa7cd000-7ffffa7cf000 r--p 00000000 00:00 0                          [vvar]
ffffffffff600000-ffffffffff601000 r-xp 00000000 00:00 0                  [vsyscall]

VM Arguments:
jvm_args: -Djava.awt.headless=true -Xmx1024M -Dfile.encoding=UTF-8 -Duser.country=IN -Duser.language=en -Duser.variant 
java_command: com.android.dx.command.Main --dex --force-jumbo --num-threads=4 --multi-dex --output /home/kamalnrf/Projects/AndroidApplications/Wallet/app/build/intermediates/transforms/dex/debug/folders/1000/10/com.android.support-support-v4-23.4.0_204c2098c3bbc0bbc183253a795dd1d641d5dcc7 /home/kamalnrf/Projects/AndroidApplications/Wallet/app/build/intermediates/exploded-aar/com.android.support/support-v4/23.4.0/jars/classes.jar
Launcher Type: SUN_STANDARD

Environment Variables:
PATH=/usr/local/bin:/usr/bin:/bin:/usr/local/games:/usr/games
USERNAME=kamalnrf
LD_LIBRARY_PATH=./Software/IDE/android-studio/bin:
SHELL=/bin/bash
DISPLAY=:0

Signal Handlers:
SIGSEGV: [libjvm.so+0x989ea0], sa_mask[0]=0x7ffbfeff, sa_flags=0x10000004
SIGBUS: [libjvm.so+0x989ea0], sa_mask[0]=0x7ffbfeff, sa_flags=0x10000004
SIGFPE: [libjvm.so+0x7f6820], sa_mask[0]=0x7ffbfeff, sa_flags=0x10000004
SIGPIPE: [libjvm.so+0x7f6820], sa_mask[0]=0x7ffbfeff, sa_flags=0x10000004
SIGXFSZ: [libjvm.so+0x7f6820], sa_mask[0]=0x7ffbfeff, sa_flags=0x10000004
SIGILL: [libjvm.so+0x7f6820], sa_mask[0]=0x7ffbfeff, sa_flags=0x10000004
SIGUSR1: SIG_DFL, sa_mask[0]=0x00000000, sa_flags=0x00000000
SIGUSR2: [libjvm.so+0x7f66a0], sa_mask[0]=0x00000004, sa_flags=0x10000004
SIGHUP: [libjvm.so+0x7f68a0], sa_mask[0]=0x7ffbfeff, sa_flags=0x10000004
SIGINT: [libjvm.so+0x7f68a0], sa_mask[0]=0x7ffbfeff, sa_flags=0x10000004
SIGTERM: [libjvm.so+0x7f68a0], sa_mask[0]=0x7ffbfeff, sa_flags=0x10000004
SIGQUIT: [libjvm.so+0x7f68a0], sa_mask[0]=0x7ffbfeff, sa_flags=0x10000004
SIGTRAP: SIG_DFL, sa_mask[0]=0x00000000, sa_flags=0x00000000


---------------  S Y S T E M  ---------------

OS:8.4

uname:Linux 3.16.0-4-amd64 #1 SMP Debian 3.16.7-ckt25-2 (2016-04-08) x86_64
libc:glibc 2.19 NPTL 2.19 
rlimit: STACK 8192k, CORE 0k, NPROC 15090, NOFILE 65536, AS infinity
load average:13.43 5.47 2.95

/proc/meminfo:
MemTotal:        3948420 kB
MemFree:          117864 kB
MemAvailable:     105460 kB
Buffers:            6228 kB
Cached:           330516 kB
SwapCached:            0 kB
Active:          3404696 kB
Inactive:         278908 kB
Active(anon):    3349192 kB
Inactive(anon):   226300 kB
Active(file):      55504 kB
Inactive(file):    52608 kB
Unevictable:         136 kB
Mlocked:             136 kB
SwapTotal:             0 kB
SwapFree:              0 kB
Dirty:              2924 kB
Writeback:             0 kB
AnonPages:       3347472 kB
Mapped:            94888 kB
Shmem:            228212 kB
Slab:              74916 kB
SReclaimable:      36004 kB
SUnreclaim:        38912 kB
KernelStack:       10160 kB
PageTables:        31748 kB
NFS_Unstable:          0 kB
Bounce:                0 kB
WritebackTmp:          0 kB
CommitLimit:     1974208 kB
Committed_AS:    7018440 kB
VmallocTotal:   34359738367 kB
VmallocUsed:      543560 kB
VmallocChunk:   34359118088 kB
HardwareCorrupted:     0 kB
AnonHugePages:         0 kB
HugePages_Total:       0
HugePages_Free:        0
HugePages_Rsvd:        0
HugePages_Surp:        0
Hugepagesize:       2048 kB
DirectMap4k:       90880 kB
DirectMap2M:     3993600 kB
DirectMap1G:           0 kB


CPU:total 4 (2 cores per cpu, 2 threads per core) family 6 model 69 stepping 1, cmov, cx8, fxsr, mmx, sse, sse2, sse3, ssse3, sse4.1, sse4.2, popcnt, avx, avx2, aes, erms, ht, tsc, tscinvbit

/proc/cpuinfo:
processor	: 0
vendor_id	: GenuineIntel
cpu family	: 6
model		: 69
model name	: Intel(R) Core(TM) i5-4210U CPU @ 1.70GHz
stepping	: 1
microcode	: 0x17
cpu MHz		: 2400.000
cache size	: 3072 KB
physical id	: 0
siblings	: 4
core id		: 0
cpu cores	: 2
apicid		: 0
initial apicid	: 0
fpu		: yes
fpu_exception	: yes
cpuid level	: 13
wp		: yes
flags		: fpu vme de pse tsc msr pae mce cx8 apic sep mtrr pge mca cmov pat pse36 clflush dts acpi mmx fxsr sse sse2 ss ht tm pbe syscall nx pdpe1gb rdtscp lm constant_tsc arch_perfmon pebs bts rep_good nopl xtopology nonstop_tsc aperfmperf eagerfpu pni pclmulqdq dtes64 monitor ds_cpl vmx est tm2 ssse3 fma cx16 xtpr pdcm pcid sse4_1 sse4_2 movbe popcnt tsc_deadline_timer aes xsave avx f16c rdrand lahf_lm abm ida arat epb xsaveopt pln pts dtherm tpr_shadow vnmi flexpriority ept vpid fsgsbase tsc_adjust bmi1 avx2 smep bmi2 erms invpcid
bogomips	: 4788.72
clflush size	: 64
cache_alignment	: 64
address sizes	: 39 bits physical, 48 bits virtual
power management:

processor	: 1
vendor_id	: GenuineIntel
cpu family	: 6
model		: 69
model name	: Intel(R) Core(TM) i5-4210U CPU @ 1.70GHz
stepping	: 1
microcode	: 0x17
cpu MHz		: 2400.000
cache size	: 3072 KB
physical id	: 0
siblings	: 4
core id		: 0
cpu cores	: 2
apicid		: 1
initial apicid	: 1
fpu		: yes
fpu_exception	: yes
cpuid level	: 13
wp		: yes
flags		: fpu vme de pse tsc msr pae mce cx8 apic sep mtrr pge mca cmov pat pse36 clflush dts acpi mmx fxsr sse sse2 ss ht tm pbe syscall nx pdpe1gb rdtscp lm constant_tsc arch_perfmon pebs bts rep_good nopl xtopology nonstop_tsc aperfmperf eagerfpu pni pclmulqdq dtes64 monitor ds_cpl vmx est tm2 ssse3 fma cx16 xtpr pdcm pcid sse4_1 sse4_2 movbe popcnt tsc_deadline_timer aes xsave avx f16c rdrand lahf_lm abm ida arat epb xsaveopt pln pts dtherm tpr_shadow vnmi flexpriority ept vpid fsgsbase tsc_adjust bmi1 avx2 smep bmi2 erms invpcid
bogomips	: 4788.72
clflush size	: 64
cache_alignment	: 64
address sizes	: 39 bits physical, 48 bits virtual
power management:

processor	: 2
vendor_id	: GenuineIntel
cpu family	: 6
model		: 69
model name	: Intel(R) Core(TM) i5-4210U CPU @ 1.70GHz
stepping	: 1
microcode	: 0x17
cpu MHz		: 2400.000
cache size	: 3072 KB
physical id	: 0
siblings	: 4
core id		: 1
cpu cores	: 2
apicid		: 2
initial apicid	: 2
fpu		: yes
fpu_exception	: yes
cpuid level	: 13
wp		: yes
flags		: fpu vme de pse tsc msr pae mce cx8 apic sep mtrr pge mca cmov pat pse36 clflush dts acpi mmx fxsr sse sse2 ss ht tm pbe syscall nx pdpe1gb rdtscp lm constant_tsc arch_perfmon pebs bts rep_good nopl xtopology nonstop_tsc aperfmperf eagerfpu pni pclmulqdq dtes64 monitor ds_cpl vmx est tm2 ssse3 fma cx16 xtpr pdcm pcid sse4_1 sse4_2 movbe popcnt tsc_deadline_timer aes xsave avx f16c rdrand lahf_lm abm ida arat epb xsaveopt pln pts dtherm tpr_shadow vnmi flexpriority ept vpid fsgsbase tsc_adjust bmi1 avx2 smep bmi2 erms invpcid
bogomips	: 4788.72
clflush size	: 64
cache_alignment	: 64
address sizes	: 39 bits physical, 48 bits virtual
power management:

processor	: 3
vendor_id	: GenuineIntel
cpu family	: 6
model		: 69
model name	: Intel(R) Core(TM) i5-4210U CPU @ 1.70GHz
stepping	: 1
microcode	: 0x17
cpu MHz		: 2400.000
cache size	: 3072 KB
physical id	: 0
siblings	: 4
core id		: 1
cpu cores	: 2
apicid		: 3
initial apicid	: 3
fpu		: yes
fpu_exception	: yes
cpuid level	: 13
wp		: yes
flags		: fpu vme de pse tsc msr pae mce cx8 apic sep mtrr pge mca cmov pat pse36 clflush dts acpi mmx fxsr sse sse2 ss ht tm pbe syscall nx pdpe1gb rdtscp lm constant_tsc arch_perfmon pebs bts rep_good nopl xtopology nonstop_tsc aperfmperf eagerfpu pni pclmulqdq dtes64 monitor ds_cpl vmx est tm2 ssse3 fma cx16 xtpr pdcm pcid sse4_1 sse4_2 movbe popcnt tsc_deadline_timer aes xsave avx f16c rdrand lahf_lm abm ida arat epb xsaveopt pln pts dtherm tpr_shadow vnmi flexpriority ept vpid fsgsbase tsc_adjust bmi1 avx2 smep bmi2 erms invpcid
bogomips	: 4788.72
clflush size	: 64
cache_alignment	: 64
address sizes	: 39 bits physical, 48 bits virtual
power management:



Memory: 4k page, physical 3948420k(117616k free), swap 0k(0k free)

vm_info: OpenJDK 64-Bit Server VM (24.95-b01) for linux-amd64 JRE (1.7.0_101-b00), built on Apr 25 2016 09:53:23 by "jmm" with gcc 4.9.2

time: Thu Jun  2 11:55:22 2016
elapsed time: 22 seconds

