#
# There is insufficient memory for the Java Runtime Environment to continue.
# Native memory allocation (malloc) failed to allocate 85983232 bytes for committing reserved memory.
# Possible reasons:
#   The system is out of physical RAM or swap space
#   In 32 bit mode, the process size limit was hit
# Possible solutions:
#   Reduce memory load on the system
#   Increase physical memory or swap space
#   Check if swap backing store is full
#   Use 64 bit Java on a 64 bit OS
#   Decrease Java heap size (-Xmx/-Xms)
#   Decrease number of Java threads
#   Decrease Java thread stack sizes (-Xss)
#   Set larger code cache with -XX:ReservedCodeCacheSize=
# This output file may be truncated or incomplete.
#
#  Out of Memory Error (os_linux.cpp:2827), pid=17807, tid=139925887330048
#
# JRE version: OpenJDK Runtime Environment (7.0_101) (build 1.7.0_101-b00)
# Java VM: OpenJDK 64-Bit Server VM (24.95-b01 mixed mode linux-amd64 compressed oops)
# Derivative: IcedTea 2.6.6
# Distribution: Debian GNU/Linux 8.2 (jessie), package 7u101-2.6.6-1~deb8u1
# Failed to write core dump. Core dumps have been disabled. To enable core dumping, try "ulimit -c unlimited" before starting Java again
#

---------------  T H R E A D  ---------------

Current thread (0x00007f4304076000):  VMThread [stack: 0x00007f4308bf2000,0x00007f4308cf3000] [id=17842]

Stack: [0x00007f4308bf2000,0x00007f4308cf3000],  sp=0x00007f4308cf14e0,  free space=1021k
Native frames: (J=compiled Java code, j=interpreted, Vv=VM code, C=native code)
V  [libjvm.so+0x9893b6]
V  [libjvm.so+0x493832]
V  [libjvm.so+0x7fb2db]
V  [libjvm.so+0x7f59be]
V  [libjvm.so+0x86937b]
V  [libjvm.so+0x86a233]
V  [libjvm.so+0x86a94b]
V  [libjvm.so+0x8662b1]
V  [libjvm.so+0x866b28]
V  [libjvm.so+0x81e603]
V  [libjvm.so+0x98ac82]
V  [libjvm.so+0x98f107]
V  [libjvm.so+0x98d87b]
V  [libjvm.so+0x98df26]
V  [libjvm.so+0x98e3f1]
V  [libjvm.so+0x7f8202]

VM_Operation (0x00007f430813b0c0): ParallelGCFailedAllocation, mode: safepoint, requested by thread 0x00007f430418d000


---------------  P R O C E S S  ---------------

Java Threads: ( => current thread )
  0x00007f4304195000 JavaThread "pool-1-thread-4" [_thread_blocked, id=17885, stack(0x00007f42fce20000,0x00007f42fcf21000)]
  0x00007f4304194000 JavaThread "pool-1-thread-3" [_thread_blocked, id=17883, stack(0x00007f42fcf21000,0x00007f42fd022000)]
  0x00007f4304192000 JavaThread "pool-1-thread-2" [_thread_blocked, id=17881, stack(0x00007f42fd022000,0x00007f42fd123000)]
  0x00007f430418e800 JavaThread "pool-2-thread-1" [_thread_blocked, id=17880, stack(0x00007f42fd123000,0x00007f42fd224000)]
  0x00007f430418d000 JavaThread "pool-1-thread-1" [_thread_blocked, id=17879, stack(0x00007f430803c000,0x00007f430813d000)]
  0x00007f43040ae800 JavaThread "Service Thread" daemon [_thread_blocked, id=17862, stack(0x00007f4308463000,0x00007f4308564000)]
  0x00007f43040ac000 JavaThread "C2 CompilerThread1" daemon [_thread_blocked, id=17861, stack(0x00007f4308564000,0x00007f4308665000)]
  0x00007f43040a9000 JavaThread "C2 CompilerThread0" daemon [_thread_in_native, id=17860, stack(0x00007f4308665000,0x00007f4308766000)]
  0x00007f43040a7000 JavaThread "Signal Dispatcher" daemon [_thread_blocked, id=17859, stack(0x00007f4308766000,0x00007f4308867000)]
  0x00007f430407c800 JavaThread "Finalizer" daemon [_thread_blocked, id=17850, stack(0x00007f43089f0000,0x00007f4308af1000)]
  0x00007f430407a000 JavaThread "Reference Handler" daemon [_thread_blocked, id=17849, stack(0x00007f4308af1000,0x00007f4308bf2000)]
  0x00007f430400a800 JavaThread "main" [_thread_blocked, id=17812, stack(0x00007f430ddd0000,0x00007f430ded1000)]

Other Threads:
=>0x00007f4304076000 VMThread [stack: 0x00007f4308bf2000,0x00007f4308cf3000] [id=17842]
  0x00007f43040b9000 WatcherThread [stack: 0x00007f4308362000,0x00007f4308463000] [id=17863]

VM state:at safepoint (normal execution)

VM Mutex/Monitor currently owned by a thread:  ([mutex/lock_event])
[0x00007f4304006b00] Threads_lock - owner thread: 0x00007f4304076000
[0x00007f4304007000] Heap_lock - owner thread: 0x00007f430418d000

Heap
 PSYoungGen      total 66048K, used 2538K [0x00000000eaa80000, 0x00000000eed80000, 0x0000000100000000)
  eden space 63488K, 0% used [0x00000000eaa80000,0x00000000eaa80000,0x00000000ee880000)
  from space 2560K, 99% used [0x00000000ee880000,0x00000000eeafab20,0x00000000eeb00000)
  to   space 2560K, 0% used [0x00000000eeb00000,0x00000000eeb00000,0x00000000eed80000)
 ParOldGen       total 40960K, used 22376K [0x00000000c0000000, 0x00000000c2800000, 0x00000000eaa80000)
  object space 40960K, 54% used [0x00000000c0000000,0x00000000c15da2e8,0x00000000c2800000)
 PSPermGen       total 21504K, used 6333K [0x00000000b5a00000, 0x00000000b6f00000, 0x00000000c0000000)
  object space 21504K, 29% used [0x00000000b5a00000,0x00000000b602f530,0x00000000b6f00000)

Card table byte_map: [0x00007f430a79b000,0x00007f430a9ef000] byte_map_base: 0x00007f430a1ee000

Polling page: 0x00007f430def3000

Code Cache  [0x00007f4301000000, 0x00007f4301270000, 0x00007f4304000000)
 total_blobs=496 nmethods=265 adapters=184 free_code_cache=48014Kb largest_free_block=49110912

Compilation events (10 events):
Event: 12.602 Thread 0x00007f43040ac000 nmethod 267 0x00007f430111bf90 code [0x00007f430111c6c0, 0x00007f4301122740]
Event: 12.602 Thread 0x00007f43040ac000  268             com.android.dx.util.BitIntSet$1::hasNext (13 bytes)
Event: 12.603 Thread 0x00007f43040ac000 nmethod 268 0x00007f43010f9b50 code [0x00007f43010f9c80, 0x00007f43010f9cd8]
Event: 12.603 Thread 0x00007f43040ac000  269             java.util.Collections$UnmodifiableCollection$1::<init> (26 bytes)
Event: 12.638 Thread 0x00007f43040ac000 nmethod 269 0x00007f430108b650 code [0x00007f430108b7c0, 0x00007f430108ba18]
Event: 12.638 Thread 0x00007f43040ac000  270             java.util.Collections$UnmodifiableCollection::iterator (9 bytes)
Event: 12.651 Thread 0x00007f43040ac000 nmethod 270 0x00007f430108af90 code [0x00007f430108b100, 0x00007f430108b398]
Event: 12.652 Thread 0x00007f43040ac000  271             com.android.dx.util.LabeledList::set (45 bytes)
Event: 12.681 Thread 0x00007f43040ac000 nmethod 271 0x00007f430110acd0 code [0x00007f430110ae60, 0x00007f430110b0b8]
Event: 12.681 Thread 0x00007f43040ac000  272   !         com.android.dx.cf.code.BytecodeArray::parseInstruction (2764 bytes)

GC Heap History (9 events):
Event: 1.131 GC heap before
{Heap before GC invocations=1 (full 0):
 PSYoungGen      total 18432K, used 15872K [0x00000000eaa80000, 0x00000000ebf00000, 0x0000000100000000)
  eden space 15872K, 100% used [0x00000000eaa80000,0x00000000eba00000,0x00000000eba00000)
  from space 2560K, 0% used [0x00000000ebc80000,0x00000000ebc80000,0x00000000ebf00000)
  to   space 2560K, 0% used [0x00000000eba00000,0x00000000eba00000,0x00000000ebc80000)
 ParOldGen       total 40960K, used 0K [0x00000000c0000000, 0x00000000c2800000, 0x00000000eaa80000)
  object space 40960K, 0% used [0x00000000c0000000,0x00000000c0000000,0x00000000c2800000)
 PSPermGen       total 21504K, used 5948K [0x00000000b5a00000, 0x00000000b6f00000, 0x00000000c0000000)
  object space 21504K, 27% used [0x00000000b5a00000,0x00000000b5fcf368,0x00000000b6f00000)
Event: 1.162 GC heap after
Heap after GC invocations=1 (full 0):
 PSYoungGen      total 18432K, used 2533K [0x00000000eaa80000, 0x00000000ece80000, 0x0000000100000000)
  eden space 15872K, 0% used [0x00000000eaa80000,0x00000000eaa80000,0x00000000eba00000)
  from space 2560K, 98% used [0x00000000eba00000,0x00000000ebc79608,0x00000000ebc80000)
  to   space 2560K, 0% used [0x00000000ecc00000,0x00000000ecc00000,0x00000000ece80000)
 ParOldGen       total 40960K, used 1317K [0x00000000c0000000, 0x00000000c2800000, 0x00000000eaa80000)
  object space 40960K, 3% used [0x00000000c0000000,0x00000000c0149558,0x00000000c2800000)
 PSPermGen       total 21504K, used 5948K [0x00000000b5a00000, 0x00000000b6f00000, 0x00000000c0000000)
  object space 21504K, 27% used [0x00000000b5a00000,0x00000000b5fcf368,0x00000000b6f00000)
}
Event: 2.546 GC heap before
{Heap before GC invocations=2 (full 0):
 PSYoungGen      total 18432K, used 18405K [0x00000000eaa80000, 0x00000000ece80000, 0x0000000100000000)
  eden space 15872K, 100% used [0x00000000eaa80000,0x00000000eba00000,0x00000000eba00000)
  from space 2560K, 98% used [0x00000000eba00000,0x00000000ebc79608,0x00000000ebc80000)
  to   space 2560K, 0% used [0x00000000ecc00000,0x00000000ecc00000,0x00000000ece80000)
 ParOldGen       total 40960K, used 1317K [0x00000000c0000000, 0x00000000c2800000, 0x00000000eaa80000)
  object space 40960K, 3% used [0x00000000c0000000,0x00000000c0149558,0x00000000c2800000)
 PSPermGen       total 21504K, used 6167K [0x00000000b5a00000, 0x00000000b6f00000, 0x00000000c0000000)
  object space 21504K, 28% used [0x00000000b5a00000,0x00000000b6005dd0,0x00000000b6f00000)
Event: 2.568 GC heap after
Heap after GC invocations=2 (full 0):
 PSYoungGen      total 34304K, used 2542K [0x00000000eaa80000, 0x00000000ece80000, 0x0000000100000000)
  eden space 31744K, 0% used [0x00000000eaa80000,0x00000000eaa80000,0x00000000ec980000)
  from space 2560K, 99% used [0x00000000ecc00000,0x00000000ece7bb70,0x00000000ece80000)
  to   space 2560K, 0% used [0x00000000ec980000,0x00000000ec980000,0x00000000ecc00000)
 ParOldGen       total 40960K, used 3411K [0x00000000c0000000, 0x00000000c2800000, 0x00000000eaa80000)
  object space 40960K, 8% used [0x00000000c0000000,0x00000000c0354cb0,0x00000000c2800000)
 PSPermGen       total 21504K, used 6167K [0x00000000b5a00000, 0x00000000b6f00000, 0x00000000c0000000)
  object space 21504K, 28% used [0x00000000b5a00000,0x00000000b6005dd0,0x00000000b6f00000)
}
Event: 6.063 GC heap before
{Heap before GC invocations=3 (full 0):
 PSYoungGen      total 34304K, used 34286K [0x00000000eaa80000, 0x00000000ece80000, 0x0000000100000000)
  eden space 31744K, 100% used [0x00000000eaa80000,0x00000000ec980000,0x00000000ec980000)
  from space 2560K, 99% used [0x00000000ecc00000,0x00000000ece7bb70,0x00000000ece80000)
  to   space 2560K, 0% used [0x00000000ec980000,0x00000000ec980000,0x00000000ecc00000)
 ParOldGen       total 40960K, used 3411K [0x00000000c0000000, 0x00000000c2800000, 0x00000000eaa80000)
  object space 40960K, 8% used [0x00000000c0000000,0x00000000c0354cb0,0x00000000c2800000)
 PSPermGen       total 21504K, used 6259K [0x00000000b5a00000, 0x00000000b6f00000, 0x00000000c0000000)
  object space 21504K, 29% used [0x00000000b5a00000,0x00000000b601cd90,0x00000000b6f00000)
Event: 6.115 GC heap after
Heap after GC invocations=3 (full 0):
 PSYoungGen      total 34304K, used 2535K [0x00000000eaa80000, 0x00000000eed80000, 0x0000000100000000)
  eden space 31744K, 0% used [0x00000000eaa80000,0x00000000eaa80000,0x00000000ec980000)
  from space 2560K, 99% used [0x00000000ec980000,0x00000000ecbf9eb0,0x00000000ecc00000)
  to   space 2560K, 0% used [0x00000000eeb00000,0x00000000eeb00000,0x00000000eed80000)
 ParOldGen       total 40960K, used 8350K [0x00000000c0000000, 0x00000000c2800000, 0x00000000eaa80000)
  object space 40960K, 20% used [0x00000000c0000000,0x00000000c08278e8,0x00000000c2800000)
 PSPermGen       total 21504K, used 6259K [0x00000000b5a00000, 0x00000000b6f00000, 0x00000000c0000000)
  object space 21504K, 29% used [0x00000000b5a00000,0x00000000b601cd90,0x00000000b6f00000)
}
Event: 8.652 GC heap before
{Heap before GC invocations=4 (full 0):
 PSYoungGen      total 34304K, used 34279K [0x00000000eaa80000, 0x00000000eed80000, 0x0000000100000000)
  eden space 31744K, 100% used [0x00000000eaa80000,0x00000000ec980000,0x00000000ec980000)
  from space 2560K, 99% used [0x00000000ec980000,0x00000000ecbf9eb0,0x00000000ecc00000)
  to   space 2560K, 0% used [0x00000000eeb00000,0x00000000eeb00000,0x00000000eed80000)
 ParOldGen       total 40960K, used 8350K [0x00000000c0000000, 0x00000000c2800000, 0x00000000eaa80000)
  object space 40960K, 20% used [0x00000000c0000000,0x00000000c08278e8,0x00000000c2800000)
 PSPermGen       total 21504K, used 6289K [0x00000000b5a00000, 0x00000000b6f00000, 0x00000000c0000000)
  object space 21504K, 29% used [0x00000000b5a00000,0x00000000b6024408,0x00000000b6f00000)
Event: 8.701 GC heap after
Heap after GC invocations=4 (full 0):
 PSYoungGen      total 66048K, used 2548K [0x00000000eaa80000, 0x00000000eed80000, 0x0000000100000000)
  eden space 63488K, 0% used [0x00000000eaa80000,0x00000000eaa80000,0x00000000ee880000)
  from space 2560K, 99% used [0x00000000eeb00000,0x00000000eed7d2f0,0x00000000eed80000)
  to   space 2560K, 0% used [0x00000000ee880000,0x00000000ee880000,0x00000000eeb00000)
 ParOldGen       total 40960K, used 12918K [0x00000000c0000000, 0x00000000c2800000, 0x00000000eaa80000)
  object space 40960K, 31% used [0x00000000c0000000,0x00000000c0c9da70,0x00000000c2800000)
 PSPermGen       total 21504K, used 6289K [0x00000000b5a00000, 0x00000000b6f00000, 0x00000000c0000000)
  object space 21504K, 29% used [0x00000000b5a00000,0x00000000b6024408,0x00000000b6f00000)
}
Event: 13.169 GC heap before
{Heap before GC invocations=5 (full 0):
 PSYoungGen      total 66048K, used 66036K [0x00000000eaa80000, 0x00000000eed80000, 0x0000000100000000)
  eden space 63488K, 100% used [0x00000000eaa80000,0x00000000ee880000,0x00000000ee880000)
  from space 2560K, 99% used [0x00000000eeb00000,0x00000000eed7d2f0,0x00000000eed80000)
  to   space 2560K, 0% used [0x00000000ee880000,0x00000000ee880000,0x00000000eeb00000)
 ParOldGen       total 40960K, used 12918K [0x00000000c0000000, 0x00000000c2800000, 0x00000000eaa80000)
  object space 40960K, 31% used [0x00000000c0000000,0x00000000c0c9da70,0x00000000c2800000)
 PSPermGen       total 21504K, used 6333K [0x00000000b5a00000, 0x00000000b6f00000, 0x00000000c0000000)
  object space 21504K, 29% used [0x00000000b5a00000,0x00000000b602f530,0x00000000b6f00000)

Deoptimization events (10 events):
Event: 0.946 Thread 0x00007f4304195000 Uncommon trap: reason=null_check action=make_not_entrant pc=0x00007f430107a638 method=com.android.dx.rop.code.LocalItem.equals(Ljava/lang/Object;)Z @ 1
Event: 1.013 Thread 0x00007f430418d000 Uncommon trap: reason=null_check action=make_not_entrant pc=0x00007f4301081628 method=com.android.dx.rop.code.LocalItem.equals(Ljava/lang/Object;)Z @ 1
Event: 2.064 Thread 0x00007f4304195000 Uncommon trap: reason=unstable_if action=reinterpret pc=0x00007f430109a544 method=com.android.dx.rop.cst.Constant.compareTo(Lcom/android/dx/rop/cst/Constant;)I @ 12
Event: 2.396 Thread 0x00007f4304192000 Uncommon trap: reason=unstable_if action=reinterpret pc=0x00007f4301098a48 method=com.android.dx.rop.code.RegisterSpec.equals(ILcom/android/dx/rop/type/TypeBearer;Lcom/android/dx/rop/code/LocalItem;)Z @ 42
Event: 5.490 Thread 0x00007f4304194000 Uncommon trap: reason=null_check action=make_not_entrant pc=0x00007f430108f9f0 method=com.android.dx.ssa.SsaRenamer.getLocalForNewReg(I)Lcom/android/dx/rop/code/LocalItem; @ 19
Event: 6.134 Thread 0x00007f430418d000 Uncommon trap: reason=unstable_if action=reinterpret pc=0x00007f43010e9734 method=com.android.dx.ssa.SCCP.simulateBranch(Lcom/android/dx/ssa/SsaInsn;)V @ 64
Event: 6.468 Thread 0x00007f4304195000 Uncommon trap: reason=null_check action=make_not_entrant pc=0x00007f430108cec4 method=com.android.dx.ssa.SsaRenamer.getLocalForNewReg(I)Lcom/android/dx/rop/code/LocalItem; @ 19
Event: 7.017 Thread 0x00007f430418d000 Uncommon trap: reason=unstable_if action=reinterpret pc=0x00007f43010b48f4 method=com.android.dx.util.IntList.binarysearch(I)I @ 105
Event: 7.042 Thread 0x00007f430400a800 Uncommon trap: reason=unstable_if action=reinterpret pc=0x00007f43010ab550 method=java.util.HashMap.put(Ljava/lang/Object;Ljava/lang/Object;)Ljava/lang/Object; @ 86
Event: 7.506 Thread 0x00007f430418d000 Uncommon trap: reason=unstable_if action=reinterpret pc=0x00007f43010f18f4 method=com.android.dx.rop.code.BasicBlock.hasExceptionHandlers()Z @ 17

Internal exceptions (10 events):
Event: 1.659 Thread 0x00007f430400a800 Threw 0x00000000eaf1a8d8 at /home/jmm/jdk4/openjdk-7-7u101-2.6.6/build/openjdk/hotspot/src/share/vm/prims/jvm.cpp:1322
Event: 1.659 Thread 0x00007f430400a800 Threw 0x00000000eaf4a318 at /home/jmm/jdk4/openjdk-7-7u101-2.6.6/build/openjdk/hotspot/src/share/vm/prims/jvm.cpp:1322
Event: 4.294 Thread 0x00007f430418d000 Threw 0x00000000ebc44298 at /home/jmm/jdk4/openjdk-7-7u101-2.6.6/build/openjdk/hotspot/src/share/vm/prims/jvm.cpp:1322
Event: 4.326 Thread 0x00007f430418d000 Threw 0x00000000ebc4a508 at /home/jmm/jdk4/openjdk-7-7u101-2.6.6/build/openjdk/hotspot/src/share/vm/prims/jvm.cpp:1322
Event: 4.327 Thread 0x00007f430418d000 Threw 0x00000000ebc505e0 at /home/jmm/jdk4/openjdk-7-7u101-2.6.6/build/openjdk/hotspot/src/share/vm/prims/jvm.cpp:1322
Event: 5.490 Thread 0x00007f4304194000 Implicit null exception at 0x00007f430108ee03 to 0x00007f430108f9d5
Event: 5.833 Thread 0x00007f430400a800 Threw 0x00000000ec6b6b98 at /home/jmm/jdk4/openjdk-7-7u101-2.6.6/build/openjdk/hotspot/src/share/vm/prims/jvm.cpp:1322
Event: 5.834 Thread 0x00007f430400a800 Threw 0x00000000ec6b9cd0 at /home/jmm/jdk4/openjdk-7-7u101-2.6.6/build/openjdk/hotspot/src/share/vm/prims/jvm.cpp:1322
Event: 6.468 Thread 0x00007f4304195000 Implicit null exception at 0x00007f430108c416 to 0x00007f430108cead
Event: 9.938 Thread 0x00007f4304192000 Threw 0x00000000eb64e2e8 at /home/jmm/jdk4/openjdk-7-7u101-2.6.6/build/openjdk/hotspot/src/share/vm/prims/jvm.cpp:1322

Events (10 events):
Event: 8.726 Executing VM operation: RevokeBias done
Event: 8.726 Executing VM operation: RevokeBias
Event: 8.726 Executing VM operation: RevokeBias done
Event: 8.726 Executing VM operation: RevokeBias
Event: 8.726 Executing VM operation: RevokeBias done
Event: 8.726 Executing VM operation: BulkRevokeBias
Event: 8.726 Executing VM operation: BulkRevokeBias done
Event: 9.938 loading class 0x00007f42b8001c60
Event: 9.938 loading class 0x00007f42b8001c60 done
Event: 13.151 Executing VM operation: ParallelGCFailedAllocation


Dynamic libraries:
00400000-00401000 r-xp 00000000 08:0a 5115756                            /usr/lib/jvm/java-7-openjdk-amd64/jre/bin/java
00600000-00601000 r--p 00000000 08:0a 5115756                            /usr/lib/jvm/java-7-openjdk-amd64/jre/bin/java
00601000-00602000 rw-p 00001000 08:0a 5115756                            /usr/lib/jvm/java-7-openjdk-amd64/jre/bin/java
0070c000-0072d000 rw-p 00000000 00:00 0                                  [heap]
b5a00000-b6f00000 rw-p 00000000 00:00 0 
b6f00000-c0000000 rw-p 00000000 00:00 0 
c0000000-c2800000 rw-p 00000000 00:00 0 
c2800000-eaa80000 rw-p 00000000 00:00 0 
eaa80000-eed80000 rw-p 00000000 00:00 0 
f3f80000-100000000 rw-p 00000000 00:00 0 
7f42b8000000-7f42b8021000 rw-p 00000000 00:00 0 
7f42b8021000-7f42bc000000 ---p 00000000 00:00 0 
7f42bc000000-7f42bc021000 rw-p 00000000 00:00 0 
7f42bc021000-7f42c0000000 ---p 00000000 00:00 0 
7f42c0000000-7f42c0021000 rw-p 00000000 00:00 0 
7f42c0021000-7f42c4000000 ---p 00000000 00:00 0 
7f42c4000000-7f42c4023000 rw-p 00000000 00:00 0 
7f42c4023000-7f42c8000000 ---p 00000000 00:00 0 
7f42c8000000-7f42c8021000 rw-p 00000000 00:00 0 
7f42c8021000-7f42cc000000 ---p 00000000 00:00 0 
7f42cc000000-7f42cc051000 rw-p 00000000 00:00 0 
7f42cc051000-7f42d0000000 ---p 00000000 00:00 0 
7f42d0000000-7f42d1254000 rw-p 00000000 00:00 0 
7f42d1254000-7f42d4000000 ---p 00000000 00:00 0 
7f42d4000000-7f42d4021000 rw-p 00000000 00:00 0 
7f42d4021000-7f42d8000000 ---p 00000000 00:00 0 
7f42d8000000-7f42d8021000 rw-p 00000000 00:00 0 
7f42d8021000-7f42dc000000 ---p 00000000 00:00 0 
7f42dc000000-7f42dd6e9000 rw-p 00000000 00:00 0 
7f42dd6e9000-7f42e0000000 ---p 00000000 00:00 0 
7f42e0000000-7f42e0021000 rw-p 00000000 00:00 0 
7f42e0021000-7f42e4000000 ---p 00000000 00:00 0 
7f42e4000000-7f42e4021000 rw-p 00000000 00:00 0 
7f42e4021000-7f42e8000000 ---p 00000000 00:00 0 
7f42e8000000-7f42e8021000 rw-p 00000000 00:00 0 
7f42e8021000-7f42ec000000 ---p 00000000 00:00 0 
7f42ec000000-7f42ec021000 rw-p 00000000 00:00 0 
7f42ec021000-7f42f0000000 ---p 00000000 00:00 0 
7f42f0000000-7f42f0021000 rw-p 00000000 00:00 0 
7f42f0021000-7f42f4000000 ---p 00000000 00:00 0 
7f42f4000000-7f42f4021000 rw-p 00000000 00:00 0 
7f42f4021000-7f42f8000000 ---p 00000000 00:00 0 
7f42f8000000-7f42f8021000 rw-p 00000000 00:00 0 
7f42f8021000-7f42fc000000 ---p 00000000 00:00 0 
7f42fce20000-7f42fce23000 ---p 00000000 00:00 0 
7f42fce23000-7f42fcf21000 rw-p 00000000 00:00 0                          [stack:17885]
7f42fcf21000-7f42fcf24000 ---p 00000000 00:00 0 
7f42fcf24000-7f42fd022000 rw-p 00000000 00:00 0                          [stack:17883]
7f42fd022000-7f42fd025000 ---p 00000000 00:00 0 
7f42fd025000-7f42fd123000 rw-p 00000000 00:00 0                          [stack:17881]
7f42fd123000-7f42fd126000 ---p 00000000 00:00 0 
7f42fd126000-7f42fd525000 rw-p 00000000 00:00 0                          [stack:17880]
7f42fd525000-7f42fd591000 r-xp 00000000 08:0a 4849710                    /lib/x86_64-linux-gnu/libpcre.so.3.13.1
7f42fd591000-7f42fd791000 ---p 0006c000 08:0a 4849710                    /lib/x86_64-linux-gnu/libpcre.so.3.13.1
7f42fd791000-7f42fd792000 r--p 0006c000 08:0a 4849710                    /lib/x86_64-linux-gnu/libpcre.so.3.13.1
7f42fd792000-7f42fd793000 rw-p 0006d000 08:0a 4849710                    /lib/x86_64-linux-gnu/libpcre.so.3.13.1
7f42fd793000-7f42fd79a000 r-xp 00000000 08:0a 4198832                    /usr/lib/x86_64-linux-gnu/libffi.so.6.0.2
7f42fd79a000-7f42fd999000 ---p 00007000 08:0a 4198832                    /usr/lib/x86_64-linux-gnu/libffi.so.6.0.2
7f42fd999000-7f42fd99a000 r--p 00006000 08:0a 4198832                    /usr/lib/x86_64-linux-gnu/libffi.so.6.0.2
7f42fd99a000-7f42fd99b000 rw-p 00007000 08:0a 4198832                    /usr/lib/x86_64-linux-gnu/libffi.so.6.0.2
7f42fd99b000-7f42fd9af000 r-xp 00000000 08:0a 4849686                    /lib/x86_64-linux-gnu/libresolv-2.19.so
7f42fd9af000-7f42fdbae000 ---p 00014000 08:0a 4849686                    /lib/x86_64-linux-gnu/libresolv-2.19.so
7f42fdbae000-7f42fdbaf000 r--p 00013000 08:0a 4849686                    /lib/x86_64-linux-gnu/libresolv-2.19.so
7f42fdbaf000-7f42fdbb0000 rw-p 00014000 08:0a 4849686                    /lib/x86_64-linux-gnu/libresolv-2.19.so
7f42fdbb0000-7f42fdbb2000 rw-p 00000000 00:00 0 
7f42fdbb2000-7f42fdbd3000 r-xp 00000000 08:0a 4849763                    /lib/x86_64-linux-gnu/libselinux.so.1
7f42fdbd3000-7f42fddd3000 ---p 00021000 08:0a 4849763                    /lib/x86_64-linux-gnu/libselinux.so.1
7f42fddd3000-7f42fddd4000 r--p 00021000 08:0a 4849763                    /lib/x86_64-linux-gnu/libselinux.so.1
7f42fddd4000-7f42fddd5000 rw-p 00022000 08:0a 4849763                    /lib/x86_64-linux-gnu/libselinux.so.1
7f42fddd5000-7f42fddd7000 rw-p 00000000 00:00 0 
7f42fddd7000-7f42fddda000 r-xp 00000000 08:0a 4201883                    /usr/lib/x86_64-linux-gnu/libgmodule-2.0.so.0.4200.1
7f42fddda000-7f42fdfd9000 ---p 00003000 08:0a 4201883                    /usr/lib/x86_64-linux-gnu/libgmodule-2.0.so.0.4200.1
7f42fdfd9000-7f42fdfda000 r--p 00002000 08:0a 4201883                    /usr/lib/x86_64-linux-gnu/libgmodule-2.0.so.0.4200.1
7f42fdfda000-7f42fdfdb000 rw-p 00003000 08:0a 4201883                    /usr/lib/x86_64-linux-gnu/libgmodule-2.0.so.0.4200.1
7f42fdfdb000-7f42fe0e7000 r-xp 00000000 08:0a 4850183                    /lib/x86_64-linux-gnu/libglib-2.0.so.0.4200.1
7f42fe0e7000-7f42fe2e7000 ---p 0010c000 08:0a 4850183                    /lib/x86_64-linux-gnu/libglib-2.0.so.0.4200.1
7f42fe2e7000-7f42fe2e8000 r--p 0010c000 08:0a 4850183                    /lib/x86_64-linux-gnu/libglib-2.0.so.0.4200.1
7f42fe2e8000-7f42fe2e9000 rw-p 0010d000 08:0a 4850183                    /lib/x86_64-linux-gnu/libglib-2.0.so.0.4200.1
7f42fe2e9000-7f42fe2ea000 rw-p 00000000 00:00 0 
7f42fe2ea000-7f42fe33b000 r-xp 00000000 08:0a 4201882                    /usr/lib/x86_64-linux-gnu/libgobject-2.0.so.0.4200.1
7f42fe33b000-7f42fe53b000 ---p 00051000 08:0a 4201882                    /usr/lib/x86_64-linux-gnu/libgobject-2.0.so.0.4200.1
7f42fe53b000-7f42fe53c000 r--p 00051000 08:0a 4201882                    /usr/lib/x86_64-linux-gnu/libgobject-2.0.so.0.4200.1
7f42fe53c000-7f42fe53d000 rw-p 00052000 08:0a 4201882                    /usr/lib/x86_64-linux-gnu/libgobject-2.0.so.0.4200.1
7f42fe53d000-7f42fe6af000 r-xp 00000000 08:0a 4201885                    /usr/lib/x86_64-linux-gnu/libgio-2.0.so.0.4200.1
7f42fe6af000-7f42fe8af000 ---p 00172000 08:0a 4201885                    /usr/lib/x86_64-linux-gnu/libgio-2.0.so.0.4200.1
7f42fe8af000-7f42fe8b3000 r--p 00172000 08:0a 4201885                    /usr/lib/x86_64-linux-gnu/libgio-2.0.so.0.4200.1
7f42fe8b3000-7f42fe8b5000 rw-p 00176000 08:0a 4201885                    /usr/lib/x86_64-linux-gnu/libgio-2.0.so.0.4200.1
7f42fe8b5000-7f42fe8b7000 rw-p 00000000 00:00 0 
7f42fe8b7000-7f42fe8cf000 r-xp 00000000 08:0a 4986150                    /usr/lib/jvm/java-7-openjdk-amd64/jre/lib/amd64/libnet.so
7f42fe8cf000-7f42feace000 ---p 00018000 08:0a 4986150                    /usr/lib/jvm/java-7-openjdk-amd64/jre/lib/amd64/libnet.so
7f42feace000-7f42feacf000 r--p 00017000 08:0a 4986150                    /usr/lib/jvm/java-7-openjdk-amd64/jre/lib/amd64/libnet.so
7f42feacf000-7f42fead0000 rw-p 00018000 08:0a 4986150                    /usr/lib/jvm/java-7-openjdk-amd64/jre/lib/amd64/libnet.so
7f42fead0000-7f4301000000 rw-p 00000000 00:00 0 
7f4301000000-7f4301270000 rwxp 00000000 00:00 0 
7f4301270000-7f43041c9000 rw-p 00000000 00:00 0 
7f43041c9000-7f4308000000 ---p 00000000 00:00 0 
7f430803c000-7f430803f000 ---p 00000000 00:00 0 
7f430803f000-7f430813d000 rw-p 00000000 00:00 0                          [stack:17879]
7f430813d000-7f430814e000 r-xp 00000000 08:0a 4986137                    /usr/lib/jvm/java-7-openjdk-amd64/jre/lib/amd64/libnio.so
7f430814e000-7f430834d000 ---p 00011000 08:0a 4986137                    /usr/lib/jvm/java-7-openjdk-amd64/jre/lib/amd64/libnio.so
7f430834d000-7f430834e000 r--p 00010000 08:0a 4986137                    /usr/lib/jvm/java-7-openjdk-amd64/jre/lib/amd64/libnio.so
7f430834e000-7f430834f000 rw-p 00011000 08:0a 4986137                    /usr/lib/jvm/java-7-openjdk-amd64/jre/lib/amd64/libnio.so
7f430834f000-7f4308353000 r--s 00045000 08:0a 3804106                    /home/kamalnrf/Projects/AndroidApplications/Wallet/app/build/intermediates/exploded-aar/com.android.support/recyclerview-v7/23.2.1/jars/classes.jar
7f4308353000-7f4308362000 r--s 000df000 08:0a 918663                     /home/kamalnrf/Software/DevlopmentKit/android-sdk-linux/build-tools/23.0.2/lib/dx.jar
7f4308362000-7f4308363000 ---p 00000000 00:00 0 
7f4308363000-7f4308463000 rw-p 00000000 00:00 0                          [stack:17863]
7f4308463000-7f4308466000 ---p 00000000 00:00 0 
7f4308466000-7f4308564000 rw-p 00000000 00:00 0                          [stack:17862]
7f4308564000-7f4308567000 ---p 00000000 00:00 0 
7f4308567000-7f4308665000 rw-p 00000000 00:00 0                          [stack:17861]
7f4308665000-7f4308668000 ---p 00000000 00:00 0 
7f4308668000-7f4308766000 rw-p 00000000 00:00 0                          [stack:17860]
7f4308766000-7f4308769000 ---p 00000000 00:00 0 
7f4308769000-7f4308867000 rw-p 00000000 00:00 0                          [stack:17859]
7f4308867000-7f43089f0000 r--p 00000000 08:0a 4198184                    /usr/lib/locale/locale-archive
7f43089f0000-7f43089f3000 ---p 00000000 00:00 0 
7f43089f3000-7f4308af1000 rw-p 00000000 00:00 0                          [stack:17850]
7f4308af1000-7f4308af4000 ---p 00000000 00:00 0 
7f4308af4000-7f4308bf2000 rw-p 00000000 00:00 0                          [stack:17849]
7f4308bf2000-7f4308bf3000 ---p 00000000 00:00 0 
7f4308bf3000-7f4309cf0000 rw-p 00000000 00:00 0                          [stack:17842]
7f4309cf0000-7f4309ea2000 r--s 01d32000 08:0a 4726050                    /usr/lib/jvm/java-7-openjdk-amd64/jre/lib/rt.jar
7f4309ea2000-7f430a1ee000 rw-p 00000000 00:00 0 
7f430a1ee000-7f430a1ef000 ---p 00000000 00:00 0 
7f430a1ef000-7f430a2ef000 rw-p 00000000 00:00 0                          [stack:17821]
7f430a2ef000-7f430a2f0000 ---p 00000000 00:00 0 
7f430a2f0000-7f430a3f0000 rw-p 00000000 00:00 0                          [stack:17820]
7f430a3f0000-7f430a3f1000 ---p 00000000 00:00 0 
7f430a3f1000-7f430a4f1000 rw-p 00000000 00:00 0                          [stack:17817]
7f430a4f1000-7f430a4f2000 ---p 00000000 00:00 0 
7f430a4f2000-7f430a5fd000 rw-p 00000000 00:00 0                          [stack:17816]
7f430a5fd000-7f430a645000 rw-p 00000000 00:00 0 
7f430a645000-7f430a659000 rw-p 00000000 00:00 0 
7f430a659000-7f430a79b000 rw-p 00000000 00:00 0 
7f430a79b000-7f430a7a6000 rw-p 00000000 00:00 0 
7f430a7a6000-7f430a7ee000 rw-p 00000000 00:00 0 
7f430a7ee000-7f430a802000 rw-p 00000000 00:00 0 
7f430a802000-7f430a943000 rw-p 00000000 00:00 0 
7f430a943000-7f430a965000 rw-p 00000000 00:00 0 
7f430a965000-7f430a9ee000 rw-p 00000000 00:00 0 
7f430a9ee000-7f430a9ef000 rw-p 00000000 00:00 0 
7f430a9ef000-7f430a9f7000 r-xp 00000000 08:0a 4986132                    /usr/lib/jvm/java-7-openjdk-amd64/jre/lib/amd64/libzip.so
7f430a9f7000-7f430abf6000 ---p 00008000 08:0a 4986132                    /usr/lib/jvm/java-7-openjdk-amd64/jre/lib/amd64/libzip.so
7f430abf6000-7f430abf7000 r--p 00007000 08:0a 4986132                    /usr/lib/jvm/java-7-openjdk-amd64/jre/lib/amd64/libzip.so
7f430abf7000-7f430abf8000 rw-p 00008000 08:0a 4986132                    /usr/lib/jvm/java-7-openjdk-amd64/jre/lib/amd64/libzip.so
7f430abf8000-7f430ac03000 r-xp 00000000 08:0a 4849681                    /lib/x86_64-linux-gnu/libnss_files-2.19.so
7f430ac03000-7f430ae02000 ---p 0000b000 08:0a 4849681                    /lib/x86_64-linux-gnu/libnss_files-2.19.so
7f430ae02000-7f430ae03000 r--p 0000a000 08:0a 4849681                    /lib/x86_64-linux-gnu/libnss_files-2.19.so
7f430ae03000-7f430ae04000 rw-p 0000b000 08:0a 4849681                    /lib/x86_64-linux-gnu/libnss_files-2.19.so
7f430ae04000-7f430ae0e000 r-xp 00000000 08:0a 4849683                    /lib/x86_64-linux-gnu/libnss_nis-2.19.so
7f430ae0e000-7f430b00d000 ---p 0000a000 08:0a 4849683                    /lib/x86_64-linux-gnu/libnss_nis-2.19.so
7f430b00d000-7f430b00e000 r--p 00009000 08:0a 4849683                    /lib/x86_64-linux-gnu/libnss_nis-2.19.so
7f430b00e000-7f430b00f000 rw-p 0000a000 08:0a 4849683                    /lib/x86_64-linux-gnu/libnss_nis-2.19.so
7f430b00f000-7f430b024000 r-xp 00000000 08:0a 4849678                    /lib/x86_64-linux-gnu/libnsl-2.19.so
7f430b024000-7f430b223000 ---p 00015000 08:0a 4849678                    /lib/x86_64-linux-gnu/libnsl-2.19.so
7f430b223000-7f430b224000 r--p 00014000 08:0a 4849678                    /lib/x86_64-linux-gnu/libnsl-2.19.so
7f430b224000-7f430b225000 rw-p 00015000 08:0a 4849678                    /lib/x86_64-linux-gnu/libnsl-2.19.so
7f430b225000-7f430b227000 rw-p 00000000 00:00 0 
7f430b227000-7f430b22e000 r-xp 00000000 08:0a 4849679                    /lib/x86_64-linux-gnu/libnss_compat-2.19.so
7f430b22e000-7f430b42d000 ---p 00007000 08:0a 4849679                    /lib/x86_64-linux-gnu/libnss_compat-2.19.so
7f430b42d000-7f430b42e000 r--p 00006000 08:0a 4849679                    /lib/x86_64-linux-gnu/libnss_compat-2.19.so
7f430b42e000-7f430b42f000 rw-p 00007000 08:0a 4849679                    /lib/x86_64-linux-gnu/libnss_compat-2.19.so
7f430b42f000-7f430b45c000 r-xp 00000000 08:0a 4986159                    /usr/lib/jvm/java-7-openjdk-amd64/jre/lib/amd64/libjava.so
7f430b45c000-7f430b65b000 ---p 0002d000 08:0a 4986159                    /usr/lib/jvm/java-7-openjdk-amd64/jre/lib/amd64/libjava.so
7f430b65b000-7f430b65c000 r--p 0002c000 08:0a 4986159                    /usr/lib/jvm/java-7-openjdk-amd64/jre/lib/amd64/libjava.so
7f430b65c000-7f430b65e000 rw-p 0002d000 08:0a 4986159                    /usr/lib/jvm/java-7-openjdk-amd64/jre/lib/amd64/libjava.so
7f430b65e000-7f430b66d000 r-xp 00000000 08:0a 4986127                    /usr/lib/jvm/java-7-openjdk-amd64/jre/lib/amd64/libverify.so
7f430b66d000-7f430b86c000 ---p 0000f000 08:0a 4986127                    /usr/lib/jvm/java-7-openjdk-amd64/jre/lib/amd64/libverify.so
7f430b86c000-7f430b86f000 r--p 0000e000 08:0a 4986127                    /usr/lib/jvm/java-7-openjdk-amd64/jre/lib/amd64/libverify.so
7f430b86f000-7f430b870000 rw-p 00011000 08:0a 4986127                    /usr/lib/jvm/java-7-openjdk-amd64/jre/lib/amd64/libverify.so
7f430b870000-7f430b877000 r-xp 00000000 08:0a 4849687                    /lib/x86_64-linux-gnu/librt-2.19.so
7f430b877000-7f430ba76000 ---p 00007000 08:0a 4849687                    /lib/x86_64-linux-gnu/librt-2.19.so
7f430ba76000-7f430ba77000 r--p 00006000 08:0a 4849687                    /lib/x86_64-linux-gnu/librt-2.19.so
7f430ba77000-7f430ba78000 rw-p 00007000 08:0a 4849687                    /lib/x86_64-linux-gnu/librt-2.19.so
7f430ba78000-7f430ba8e000 r-xp 00000000 08:0a 4849668                    /lib/x86_64-linux-gnu/libgcc_s.so.1
7f430ba8e000-7f430bc8d000 ---p 00016000 08:0a 4849668                    /lib/x86_64-linux-gnu/libgcc_s.so.1
7f430bc8d000-7f430bc8e000 rw-p 00015000 08:0a 4849668                    /lib/x86_64-linux-gnu/libgcc_s.so.1
7f430bc8e000-7f430bd8e000 r-xp 00000000 08:0a 4849676                    /lib/x86_64-linux-gnu/libm-2.19.so
7f430bd8e000-7f430bf8d000 ---p 00100000 08:0a 4849676                    /lib/x86_64-linux-gnu/libm-2.19.so
7f430bf8d000-7f430bf8e000 r--p 000ff000 08:0a 4849676                    /lib/x86_64-linux-gnu/libm-2.19.so
7f430bf8e000-7f430bf8f000 rw-p 00100000 08:0a 4849676                    /lib/x86_64-linux-gnu/libm-2.19.so
7f430bf8f000-7f430c07b000 r-xp 00000000 08:0a 4199245                    /usr/lib/x86_64-linux-gnu/libstdc++.so.6.0.20
7f430c07b000-7f430c27b000 ---p 000ec000 08:0a 4199245                    /usr/lib/x86_64-linux-gnu/libstdc++.so.6.0.20
7f430c27b000-7f430c283000 r--p 000ec000 08:0a 4199245                    /usr/lib/x86_64-linux-gnu/libstdc++.so.6.0.20
7f430c283000-7f430c285000 rw-p 000f4000 08:0a 4199245                    /usr/lib/x86_64-linux-gnu/libstdc++.so.6.0.20
7f430c285000-7f430c29a000 rw-p 00000000 00:00 0 
7f430c29a000-7f430cdf1000 r-xp 00000000 08:0a 5115728                    /usr/lib/jvm/java-7-openjdk-amd64/jre/lib/amd64/server/libjvm.so
7f430cdf1000-7f430cff1000 ---p 00b57000 08:0a 5115728                    /usr/lib/jvm/java-7-openjdk-amd64/jre/lib/amd64/server/libjvm.so
7f430cff1000-7f430d090000 r--p 00b57000 08:0a 5115728                    /usr/lib/jvm/java-7-openjdk-amd64/jre/lib/amd64/server/libjvm.so
7f430d090000-7f430d0b3000 rw-p 00bf6000 08:0a 5115728                    /usr/lib/jvm/java-7-openjdk-amd64/jre/lib/amd64/server/libjvm.so
7f430d0b3000-7f430d0e1000 rw-p 00000000 00:00 0 
7f430d0e1000-7f430d0fb000 r-xp 00000000 08:0a 4849764                    /lib/x86_64-linux-gnu/libz.so.1.2.8
7f430d0fb000-7f430d2fa000 ---p 0001a000 08:0a 4849764                    /lib/x86_64-linux-gnu/libz.so.1.2.8
7f430d2fa000-7f430d2fb000 r--p 00019000 08:0a 4849764                    /lib/x86_64-linux-gnu/libz.so.1.2.8
7f430d2fb000-7f430d2fc000 rw-p 0001a000 08:0a 4849764                    /lib/x86_64-linux-gnu/libz.so.1.2.8
7f430d2fc000-7f430d49e000 r-xp 00000000 08:0a 4849672                    /lib/x86_64-linux-gnu/libc-2.19.so
7f430d49e000-7f430d69d000 ---p 001a2000 08:0a 4849672                    /lib/x86_64-linux-gnu/libc-2.19.so
7f430d69d000-7f430d6a1000 r--p 001a1000 08:0a 4849672                    /lib/x86_64-linux-gnu/libc-2.19.so
7f430d6a1000-7f430d6a3000 rw-p 001a5000 08:0a 4849672                    /lib/x86_64-linux-gnu/libc-2.19.so
7f430d6a3000-7f430d6a7000 rw-p 00000000 00:00 0 
7f430d6a7000-7f430d6aa000 r-xp 00000000 08:0a 4849675                    /lib/x86_64-linux-gnu/libdl-2.19.so
7f430d6aa000-7f430d8a9000 ---p 00003000 08:0a 4849675                    /lib/x86_64-linux-gnu/libdl-2.19.so
7f430d8a9000-7f430d8aa000 r--p 00002000 08:0a 4849675                    /lib/x86_64-linux-gnu/libdl-2.19.so
7f430d8aa000-7f430d8ab000 rw-p 00003000 08:0a 4849675                    /lib/x86_64-linux-gnu/libdl-2.19.so
7f430d8ab000-7f430d8b8000 r-xp 00000000 08:0a 4986130                    /usr/lib/jvm/java-7-openjdk-amd64/jre/lib/amd64/jli/libjli.so
7f430d8b8000-7f430dab7000 ---p 0000d000 08:0a 4986130                    /usr/lib/jvm/java-7-openjdk-amd64/jre/lib/amd64/jli/libjli.so
7f430dab7000-7f430dab8000 r--p 0000c000 08:0a 4986130                    /usr/lib/jvm/java-7-openjdk-amd64/jre/lib/amd64/jli/libjli.so
7f430dab8000-7f430dab9000 rw-p 0000d000 08:0a 4986130                    /usr/lib/jvm/java-7-openjdk-amd64/jre/lib/amd64/jli/libjli.so
7f430dab9000-7f430dad1000 r-xp 00000000 08:0a 4849667                    /lib/x86_64-linux-gnu/libpthread-2.19.so
7f430dad1000-7f430dcd0000 ---p 00018000 08:0a 4849667                    /lib/x86_64-linux-gnu/libpthread-2.19.so
7f430dcd0000-7f430dcd1000 r--p 00017000 08:0a 4849667                    /lib/x86_64-linux-gnu/libpthread-2.19.so
7f430dcd1000-7f430dcd2000 rw-p 00018000 08:0a 4849667                    /lib/x86_64-linux-gnu/libpthread-2.19.so
7f430dcd2000-7f430dcd6000 rw-p 00000000 00:00 0 
7f430dcd6000-7f430dcf6000 r-xp 00000000 08:0a 4849669                    /lib/x86_64-linux-gnu/ld-2.19.so
7f430dcf7000-7f430dd1a000 rw-p 00000000 00:00 0 
7f430dd1a000-7f430ddd0000 rw-p 00000000 00:00 0 
7f430ddd0000-7f430ddd3000 ---p 00000000 00:00 0 
7f430ddd3000-7f430ded6000 rw-p 00000000 00:00 0                          [stack:17812]
7f430ded6000-7f430deda000 r--s 00034000 08:0a 4850854                    /usr/lib/jvm/java-7-openjdk-amd64/jre/lib/ext/sunjce_provider.jar
7f430deda000-7f430dedc000 r--s 00012000 08:0a 4850848                    /usr/lib/jvm/java-7-openjdk-amd64/jre/lib/ext/zipfs.jar
7f430dedc000-7f430dede000 r--s 00006000 08:0a 4724788                    /usr/share/java/java-atk-wrapper.jar
7f430dede000-7f430dee2000 r--s 00085000 08:0a 4850849                    /usr/lib/jvm/java-7-openjdk-amd64/jre/lib/ext/localedata.jar
7f430dee2000-7f430dee3000 r--s 00002000 08:0a 4850850                    /usr/lib/jvm/java-7-openjdk-amd64/jre/lib/ext/dnsns.jar
7f430dee3000-7f430dee7000 r--s 0003c000 08:0a 4850852                    /usr/lib/jvm/java-7-openjdk-amd64/jre/lib/ext/sunpkcs11.jar
7f430dee7000-7f430deea000 r--s 0000f000 08:0a 4850851                    /usr/lib/jvm/java-7-openjdk-amd64/jre/lib/ext/icedtea-sound.jar
7f430deea000-7f430def2000 rw-s 00000000 08:0a 4466797                    /tmp/hsperfdata_kamalnrf/17807
7f430def2000-7f430def3000 rw-p 00000000 00:00 0 
7f430def3000-7f430def4000 ---p 00000000 00:00 0 
7f430def4000-7f430def6000 rw-p 00000000 00:00 0 
7f430def6000-7f430def7000 r--p 00020000 08:0a 4849669                    /lib/x86_64-linux-gnu/ld-2.19.so
7f430def7000-7f430def8000 rw-p 00021000 08:0a 4849669                    /lib/x86_64-linux-gnu/ld-2.19.so
7f430def8000-7f430def9000 rw-p 00000000 00:00 0 
7ffd16a27000-7ffd16a48000 rw-p 00000000 00:00 0                          [stack]
7ffd16ba8000-7ffd16baa000 r-xp 00000000 00:00 0                          [vdso]
7ffd16baa000-7ffd16bac000 r--p 00000000 00:00 0                          [vvar]
ffffffffff600000-ffffffffff601000 r-xp 00000000 00:00 0                  [vsyscall]

VM Arguments:
jvm_args: -Djava.awt.headless=true -Xmx1024M -Dfile.encoding=UTF-8 -Duser.country=IN -Duser.language=en -Duser.variant 
java_command: com.android.dx.command.Main --dex --num-threads=4 --output /home/kamalnrf/Projects/AndroidApplications/Wallet/app/build/intermediates/pre-dexed/release/com.android.support-recyclerview-v7-23.2.1_04ca22312667d1460ea1217073a153a61d5ad331.jar /home/kamalnrf/Projects/AndroidApplications/Wallet/app/build/intermediates/exploded-aar/com.android.support/recyclerview-v7/23.2.1/jars/classes.jar
Launcher Type: SUN_STANDARD

Environment Variables:
JAVA_HOME=/home/kamalnrf/Software/DevlopmentKit/usr/java/jdk1.8.0_91
PATH=/usr/local/bin:/usr/bin:/bin:/usr/local/games:/usr/games:/home/kamalnrf/bin:/usr/local/java/jdk1.8.0_92/bin
USERNAME=kamalnrf
LD_LIBRARY_PATH=./Software/IDE/android-studio/bin:
SHELL=/bin/bash
DISPLAY=:0

Signal Handlers:
SIGSEGV: [libjvm.so+0x989ea0], sa_mask[0]=0x7ffbfeff, sa_flags=0x10000004
SIGBUS: [libjvm.so+0x989ea0], sa_mask[0]=0x7ffbfeff, sa_flags=0x10000004
SIGFPE: [libjvm.so+0x7f6820], sa_mask[0]=0x7ffbfeff, sa_flags=0x10000004
SIGPIPE: [libjvm.so+0x7f6820], sa_mask[0]=0x7ffbfeff, sa_flags=0x10000004
SIGXFSZ: [libjvm.so+0x7f6820], sa_mask[0]=0x7ffbfeff, sa_flags=0x10000004
SIGILL: [libjvm.so+0x7f6820], sa_mask[0]=0x7ffbfeff, sa_flags=0x10000004
SIGUSR1: SIG_DFL, sa_mask[0]=0x00000000, sa_flags=0x00000000
SIGUSR2: [libjvm.so+0x7f66a0], sa_mask[0]=0x00000004, sa_flags=0x10000004
SIGHUP: [libjvm.so+0x7f68a0], sa_mask[0]=0x7ffbfeff, sa_flags=0x10000004
SIGINT: [libjvm.so+0x7f68a0], sa_mask[0]=0x7ffbfeff, sa_flags=0x10000004
SIGTERM: [libjvm.so+0x7f68a0], sa_mask[0]=0x7ffbfeff, sa_flags=0x10000004
SIGQUIT: [libjvm.so+0x7f68a0], sa_mask[0]=0x7ffbfeff, sa_flags=0x10000004
SIGTRAP: SIG_DFL, sa_mask[0]=0x00000000, sa_flags=0x00000000


---------------  S Y S T E M  ---------------

OS:8.4

uname:Linux 3.16.0-4-amd64 #1 SMP Debian 3.16.7-ckt25-2 (2016-04-08) x86_64
libc:glibc 2.19 NPTL 2.19 
rlimit: STACK 8192k, CORE 0k, NPROC 15083, NOFILE 65536, AS infinity
load average:3.48 1.23 1.56

/proc/meminfo:
MemTotal:        3948420 kB
MemFree:          125680 kB
MemAvailable:      77308 kB
Buffers:            2428 kB
Cached:           382004 kB
SwapCached:            0 kB
Active:          3301440 kB
Inactive:         360584 kB
Active(anon):    3281572 kB
Inactive(anon):   340412 kB
Active(file):      19868 kB
Inactive(file):    20172 kB
Unevictable:         176 kB
Mlocked:             176 kB
SwapTotal:             0 kB
SwapFree:              0 kB
Dirty:              3624 kB
Writeback:          8564 kB
AnonPages:       3278096 kB
Mapped:           204868 kB
Shmem:            344252 kB
Slab:              77304 kB
SReclaimable:      32140 kB
SUnreclaim:        45164 kB
KernelStack:       10912 kB
PageTables:        39004 kB
NFS_Unstable:          0 kB
Bounce:                0 kB
WritebackTmp:          0 kB
CommitLimit:     1974208 kB
Committed_AS:    7821840 kB
VmallocTotal:   34359738367 kB
VmallocUsed:      543528 kB
VmallocChunk:   34359111480 kB
HardwareCorrupted:     0 kB
AnonHugePages:         0 kB
HugePages_Total:       0
HugePages_Free:        0
HugePages_Rsvd:        0
HugePages_Surp:        0
Hugepagesize:       2048 kB
DirectMap4k:       64256 kB
DirectMap2M:     1923072 kB
DirectMap1G:     2097152 kB


CPU:total 4 (2 cores per cpu, 2 threads per core) family 6 model 69 stepping 1, cmov, cx8, fxsr, mmx, sse, sse2, sse3, ssse3, sse4.1, sse4.2, popcnt, avx, avx2, aes, erms, ht, tsc, tscinvbit

/proc/cpuinfo:
processor	: 0
vendor_id	: GenuineIntel
cpu family	: 6
model		: 69
model name	: Intel(R) Core(TM) i5-4210U CPU @ 1.70GHz
stepping	: 1
microcode	: 0x17
cpu MHz		: 2400.000
cache size	: 3072 KB
physical id	: 0
siblings	: 4
core id		: 0
cpu cores	: 2
apicid		: 0
initial apicid	: 0
fpu		: yes
fpu_exception	: yes
cpuid level	: 13
wp		: yes
flags		: fpu vme de pse tsc msr pae mce cx8 apic sep mtrr pge mca cmov pat pse36 clflush dts acpi mmx fxsr sse sse2 ss ht tm pbe syscall nx pdpe1gb rdtscp lm constant_tsc arch_perfmon pebs bts rep_good nopl xtopology nonstop_tsc aperfmperf eagerfpu pni pclmulqdq dtes64 monitor ds_cpl vmx est tm2 ssse3 fma cx16 xtpr pdcm pcid sse4_1 sse4_2 movbe popcnt tsc_deadline_timer aes xsave avx f16c rdrand lahf_lm abm ida arat epb xsaveopt pln pts dtherm tpr_shadow vnmi flexpriority ept vpid fsgsbase tsc_adjust bmi1 avx2 smep bmi2 erms invpcid
bogomips	: 4788.82
clflush size	: 64
cache_alignment	: 64
address sizes	: 39 bits physical, 48 bits virtual
power management:

processor	: 1
vendor_id	: GenuineIntel
cpu family	: 6
model		: 69
model name	: Intel(R) Core(TM) i5-4210U CPU @ 1.70GHz
stepping	: 1
microcode	: 0x17
cpu MHz		: 2400.000
cache size	: 3072 KB
physical id	: 0
siblings	: 4
core id		: 0
cpu cores	: 2
apicid		: 1
initial apicid	: 1
fpu		: yes
fpu_exception	: yes
cpuid level	: 13
wp		: yes
flags		: fpu vme de pse tsc msr pae mce cx8 apic sep mtrr pge mca cmov pat pse36 clflush dts acpi mmx fxsr sse sse2 ss ht tm pbe syscall nx pdpe1gb rdtscp lm constant_tsc arch_perfmon pebs bts rep_good nopl xtopology nonstop_tsc aperfmperf eagerfpu pni pclmulqdq dtes64 monitor ds_cpl vmx est tm2 ssse3 fma cx16 xtpr pdcm pcid sse4_1 sse4_2 movbe popcnt tsc_deadline_timer aes xsave avx f16c rdrand lahf_lm abm ida arat epb xsaveopt pln pts dtherm tpr_shadow vnmi flexpriority ept vpid fsgsbase tsc_adjust bmi1 avx2 smep bmi2 erms invpcid
bogomips	: 4788.82
clflush size	: 64
cache_alignment	: 64
address sizes	: 39 bits physical, 48 bits virtual
power management:

processor	: 2
vendor_id	: GenuineIntel
cpu family	: 6
model		: 69
model name	: Intel(R) Core(TM) i5-4210U CPU @ 1.70GHz
stepping	: 1
microcode	: 0x17
cpu MHz		: 2400.000
cache size	: 3072 KB
physical id	: 0
siblings	: 4
core id		: 1
cpu cores	: 2
apicid		: 2
initial apicid	: 2
fpu		: yes
fpu_exception	: yes
cpuid level	: 13
wp		: yes
flags		: fpu vme de pse tsc msr pae mce cx8 apic sep mtrr pge mca cmov pat pse36 clflush dts acpi mmx fxsr sse sse2 ss ht tm pbe syscall nx pdpe1gb rdtscp lm constant_tsc arch_perfmon pebs bts rep_good nopl xtopology nonstop_tsc aperfmperf eagerfpu pni pclmulqdq dtes64 monitor ds_cpl vmx est tm2 ssse3 fma cx16 xtpr pdcm pcid sse4_1 sse4_2 movbe popcnt tsc_deadline_timer aes xsave avx f16c rdrand lahf_lm abm ida arat epb xsaveopt pln pts dtherm tpr_shadow vnmi flexpriority ept vpid fsgsbase tsc_adjust bmi1 avx2 smep bmi2 erms invpcid
bogomips	: 4788.82
clflush size	: 64
cache_alignment	: 64
address sizes	: 39 bits physical, 48 bits virtual
power management:

processor	: 3
vendor_id	: GenuineIntel
cpu family	: 6
model		: 69
model name	: Intel(R) Core(TM) i5-4210U CPU @ 1.70GHz
stepping	: 1
microcode	: 0x17
cpu MHz		: 2400.000
cache size	: 3072 KB
physical id	: 0
siblings	: 4
core id		: 1
cpu cores	: 2
apicid		: 3
initial apicid	: 3
fpu		: yes
fpu_exception	: yes
cpuid level	: 13
wp		: yes
flags		: fpu vme de pse tsc msr pae mce cx8 apic sep mtrr pge mca cmov pat pse36 clflush dts acpi mmx fxsr sse sse2 ss ht tm pbe syscall nx pdpe1gb rdtscp lm constant_tsc arch_perfmon pebs bts rep_good nopl xtopology nonstop_tsc aperfmperf eagerfpu pni pclmulqdq dtes64 monitor ds_cpl vmx est tm2 ssse3 fma cx16 xtpr pdcm pcid sse4_1 sse4_2 movbe popcnt tsc_deadline_timer aes xsave avx f16c rdrand lahf_lm abm ida arat epb xsaveopt pln pts dtherm tpr_shadow vnmi flexpriority ept vpid fsgsbase tsc_adjust bmi1 avx2 smep bmi2 erms invpcid
bogomips	: 4788.82
clflush size	: 64
cache_alignment	: 64
address sizes	: 39 bits physical, 48 bits virtual
power management:



Memory: 4k page, physical 3948420k(125680k free), swap 0k(0k free)

vm_info: OpenJDK 64-Bit Server VM (24.95-b01) for linux-amd64 JRE (1.7.0_101-b00), built on Apr 25 2016 09:53:23 by "jmm" with gcc 4.9.2

time: Mon Jun 13 04:39:51 2016
elapsed time: 14 seconds

