#
# There is insufficient memory for the Java Runtime Environment to continue.
# Native memory allocation (malloc) failed to allocate 146800640 bytes for committing reserved memory.
# Possible reasons:
#   The system is out of physical RAM or swap space
#   In 32 bit mode, the process size limit was hit
# Possible solutions:
#   Reduce memory load on the system
#   Increase physical memory or swap space
#   Check if swap backing store is full
#   Use 64 bit Java on a 64 bit OS
#   Decrease Java heap size (-Xmx/-Xms)
#   Decrease number of Java threads
#   Decrease Java thread stack sizes (-Xss)
#   Set larger code cache with -XX:ReservedCodeCacheSize=
# This output file may be truncated or incomplete.
#
#  Out of Memory Error (os_linux.cpp:2827), pid=7307, tid=139779649832704
#
# JRE version: OpenJDK Runtime Environment (7.0_101) (build 1.7.0_101-b00)
# Java VM: OpenJDK 64-Bit Server VM (24.95-b01 mixed mode linux-amd64 compressed oops)
# Derivative: IcedTea 2.6.6
# Distribution: Debian GNU/Linux 8.2 (jessie), package 7u101-2.6.6-1~deb8u1
# Failed to write core dump. Core dumps have been disabled. To enable core dumping, try "ulimit -c unlimited" before starting Java again
#

---------------  T H R E A D  ---------------

Current thread (0x00007f20f8076000):  VMThread [stack: 0x00007f20fc500000,0x00007f20fc601000] [id=7336]

Stack: [0x00007f20fc500000,0x00007f20fc601000],  sp=0x00007f20fc5ff4e0,  free space=1021k
Native frames: (J=compiled Java code, j=interpreted, Vv=VM code, C=native code)
V  [libjvm.so+0x9893b6]
V  [libjvm.so+0x493832]
V  [libjvm.so+0x7fb2db]
V  [libjvm.so+0x7f59be]
V  [libjvm.so+0x86937b]
V  [libjvm.so+0x86a233]
V  [libjvm.so+0x86a94b]
V  [libjvm.so+0x8662b1]
V  [libjvm.so+0x866b28]
V  [libjvm.so+0x81e603]
V  [libjvm.so+0x98ac82]
V  [libjvm.so+0x98f107]
V  [libjvm.so+0x98d87b]
V  [libjvm.so+0x98df26]
V  [libjvm.so+0x98e3f1]
V  [libjvm.so+0x7f8202]

VM_Operation (0x00007f21017dc770): ParallelGCFailedAllocation, mode: safepoint, requested by thread 0x00007f20f800a800


---------------  P R O C E S S  ---------------

Java Threads: ( => current thread )
  0x00007f20f8197800 JavaThread "pool-2-thread-4" [_thread_blocked, id=7377, stack(0x00007f20f0709000,0x00007f20f080a000)]
  0x00007f20f8196000 JavaThread "pool-2-thread-3" [_thread_blocked, id=7376, stack(0x00007f20f080a000,0x00007f20f090b000)]
  0x00007f20f8194800 JavaThread "pool-2-thread-2" [_thread_blocked, id=7374, stack(0x00007f20f090b000,0x00007f20f0a0c000)]
  0x00007f20f8191800 JavaThread "pool-3-thread-1" [_thread_blocked, id=7372, stack(0x00007f20f0a0c000,0x00007f20f0b0d000)]
  0x00007f20f8190000 JavaThread "pool-2-thread-1" [_thread_blocked, id=7371, stack(0x00007f20f0b0d000,0x00007f20f0c0e000)]
  0x00007f20f80b0800 JavaThread "Service Thread" daemon [_thread_blocked, id=7359, stack(0x00007f20f27cd000,0x00007f20f28ce000)]
  0x00007f20f80ae000 JavaThread "C2 CompilerThread1" daemon [_thread_blocked, id=7358, stack(0x00007f20f28ce000,0x00007f20f29cf000)]
  0x00007f20f80ab000 JavaThread "C2 CompilerThread0" daemon [_thread_blocked, id=7357, stack(0x00007f20f29cf000,0x00007f20f2ad0000)]
  0x00007f20f80a9000 JavaThread "Signal Dispatcher" daemon [_thread_blocked, id=7356, stack(0x00007f20fc074000,0x00007f20fc175000)]
  0x00007f20f807c800 JavaThread "Finalizer" daemon [_thread_blocked, id=7343, stack(0x00007f20fc2fe000,0x00007f20fc3ff000)]
  0x00007f20f807a800 JavaThread "Reference Handler" daemon [_thread_blocked, id=7342, stack(0x00007f20fc3ff000,0x00007f20fc500000)]
  0x00007f20f800a800 JavaThread "main" [_thread_blocked, id=7323, stack(0x00007f21016de000,0x00007f21017df000)]

Other Threads:
=>0x00007f20f8076000 VMThread [stack: 0x00007f20fc500000,0x00007f20fc601000] [id=7336]
  0x00007f20f80bb000 WatcherThread [stack: 0x00007f20f26cc000,0x00007f20f27cd000] [id=7360]

VM state:at safepoint (normal execution)

VM Mutex/Monitor currently owned by a thread:  ([mutex/lock_event])
[0x00007f20f8006b80] Threads_lock - owner thread: 0x00007f20f8076000
[0x00007f20f8007080] Heap_lock - owner thread: 0x00007f20f800a800

Heap
 PSYoungGen      total 142848K, used 19448K [0x00000000eaa80000, 0x00000000f4c80000, 0x0000000100000000)
  eden space 123392K, 0% used [0x00000000eaa80000,0x00000000eaa80000,0x00000000f2300000)
  from space 19456K, 99% used [0x00000000f2300000,0x00000000f35fe388,0x00000000f3600000)
  to   space 15872K, 0% used [0x00000000f3600000,0x00000000f3600000,0x00000000f4580000)
 ParOldGen       total 40960K, used 39805K [0x00000000c0000000, 0x00000000c2800000, 0x00000000eaa80000)
  object space 40960K, 97% used [0x00000000c0000000,0x00000000c26df7f8,0x00000000c2800000)
 PSPermGen       total 21504K, used 6377K [0x00000000b5a00000, 0x00000000b6f00000, 0x00000000c0000000)
  object space 21504K, 29% used [0x00000000b5a00000,0x00000000b603a760,0x00000000b6f00000)

Card table byte_map: [0x00007f20fe0a9000,0x00007f20fe2fd000] byte_map_base: 0x00007f20fdafc000

Polling page: 0x00007f2101801000

Code Cache  [0x00007f20f5000000, 0x00007f20f5270000, 0x00007f20f8000000)
 total_blobs=584 nmethods=354 adapters=183 free_code_cache=47669Kb largest_free_block=48769408

Compilation events (10 events):
Event: 17.406 Thread 0x00007f20f80ae000 nmethod 358 0x00007f20f507ea50 code [0x00007f20f507eb80, 0x00007f20f507ebd8]
Event: 17.406 Thread 0x00007f20f80ae000  359             com.android.dx.ssa.SCCP::simulatePhi (169 bytes)
Event: 17.500 Thread 0x00007f20f80ab000 nmethod 349 0x00007f20f50e0990 code [0x00007f20f50e0d20, 0x00007f20f50e20a8]
Event: 17.500 Thread 0x00007f20f80ab000  360             com.android.dx.ssa.DeadCodeRemover::run (194 bytes)
Event: 17.543 Thread 0x00007f20f80ae000 nmethod 359 0x00007f20f50d0190 code [0x00007f20f50d03e0, 0x00007f20f50d12a8]
Event: 17.543 Thread 0x00007f20f80ae000  361             com.android.dx.ssa.PhiInsn::getSources (95 bytes)
Event: 17.580 Thread 0x00007f20f80ae000 nmethod 361 0x00007f20f5179310 code [0x00007f20f5179480, 0x00007f20f5179898]
Event: 17.580 Thread 0x00007f20f80ae000  362             com.android.dx.cf.code.BasicBlocker::addWorkIfNecessary (32 bytes)
Event: 17.582 Thread 0x00007f20f80ae000 nmethod 362 0x00007f20f507e610 code [0x00007f20f507e760, 0x00007f20f507e898]
Event: 17.582 Thread 0x00007f20f80ae000  363             com.android.dx.ssa.back.FirstFitLocalCombiningAllocator::handleNormalUnassociated (99 bytes)

GC Heap History (10 events):
Event: 1.946 GC heap after
Heap after GC invocations=2 (full 0):
 PSYoungGen      total 34304K, used 2554K [0x00000000eaa80000, 0x00000000ece80000, 0x0000000100000000)
  eden space 31744K, 0% used [0x00000000eaa80000,0x00000000eaa80000,0x00000000ec980000)
  from space 2560K, 99% used [0x00000000ecc00000,0x00000000ece7eab8,0x00000000ece80000)
  to   space 2560K, 0% used [0x00000000ec980000,0x00000000ec980000,0x00000000ecc00000)
 ParOldGen       total 40960K, used 1254K [0x00000000c0000000, 0x00000000c2800000, 0x00000000eaa80000)
  object space 40960K, 3% used [0x00000000c0000000,0x00000000c01399c8,0x00000000c2800000)
 PSPermGen       total 21504K, used 6090K [0x00000000b5a00000, 0x00000000b6f00000, 0x00000000c0000000)
  object space 21504K, 28% used [0x00000000b5a00000,0x00000000b5ff2a08,0x00000000b6f00000)
}
Event: 3.687 GC heap before
{Heap before GC invocations=3 (full 0):
 PSYoungGen      total 34304K, used 34298K [0x00000000eaa80000, 0x00000000ece80000, 0x0000000100000000)
  eden space 31744K, 100% used [0x00000000eaa80000,0x00000000ec980000,0x00000000ec980000)
  from space 2560K, 99% used [0x00000000ecc00000,0x00000000ece7eab8,0x00000000ece80000)
  to   space 2560K, 0% used [0x00000000ec980000,0x00000000ec980000,0x00000000ecc00000)
 ParOldGen       total 40960K, used 1254K [0x00000000c0000000, 0x00000000c2800000, 0x00000000eaa80000)
  object space 40960K, 3% used [0x00000000c0000000,0x00000000c01399c8,0x00000000c2800000)
 PSPermGen       total 21504K, used 6231K [0x00000000b5a00000, 0x00000000b6f00000, 0x00000000c0000000)
  object space 21504K, 28% used [0x00000000b5a00000,0x00000000b6015e40,0x00000000b6f00000)
Event: 3.727 GC heap after
Heap after GC invocations=3 (full 0):
 PSYoungGen      total 34304K, used 2528K [0x00000000eaa80000, 0x00000000eed80000, 0x0000000100000000)
  eden space 31744K, 0% used [0x00000000eaa80000,0x00000000eaa80000,0x00000000ec980000)
  from space 2560K, 98% used [0x00000000ec980000,0x00000000ecbf8028,0x00000000ecc00000)
  to   space 2560K, 0% used [0x00000000eeb00000,0x00000000eeb00000,0x00000000eed80000)
 ParOldGen       total 40960K, used 6340K [0x00000000c0000000, 0x00000000c2800000, 0x00000000eaa80000)
  object space 40960K, 15% used [0x00000000c0000000,0x00000000c0631320,0x00000000c2800000)
 PSPermGen       total 21504K, used 6231K [0x00000000b5a00000, 0x00000000b6f00000, 0x00000000c0000000)
  object space 21504K, 28% used [0x00000000b5a00000,0x00000000b6015e40,0x00000000b6f00000)
}
Event: 6.262 GC heap before
{Heap before GC invocations=4 (full 0):
 PSYoungGen      total 34304K, used 34272K [0x00000000eaa80000, 0x00000000eed80000, 0x0000000100000000)
  eden space 31744K, 100% used [0x00000000eaa80000,0x00000000ec980000,0x00000000ec980000)
  from space 2560K, 98% used [0x00000000ec980000,0x00000000ecbf8028,0x00000000ecc00000)
  to   space 2560K, 0% used [0x00000000eeb00000,0x00000000eeb00000,0x00000000eed80000)
 ParOldGen       total 40960K, used 6340K [0x00000000c0000000, 0x00000000c2800000, 0x00000000eaa80000)
  object space 40960K, 15% used [0x00000000c0000000,0x00000000c0631320,0x00000000c2800000)
 PSPermGen       total 21504K, used 6258K [0x00000000b5a00000, 0x00000000b6f00000, 0x00000000c0000000)
  object space 21504K, 29% used [0x00000000b5a00000,0x00000000b601c878,0x00000000b6f00000)
Event: 6.343 GC heap after
Heap after GC invocations=4 (full 0):
 PSYoungGen      total 66048K, used 2528K [0x00000000eaa80000, 0x00000000eed80000, 0x0000000100000000)
  eden space 63488K, 0% used [0x00000000eaa80000,0x00000000eaa80000,0x00000000ee880000)
  from space 2560K, 98% used [0x00000000eeb00000,0x00000000eed78028,0x00000000eed80000)
  to   space 2560K, 0% used [0x00000000ee880000,0x00000000ee880000,0x00000000eeb00000)
 ParOldGen       total 40960K, used 11521K [0x00000000c0000000, 0x00000000c2800000, 0x00000000eaa80000)
  object space 40960K, 28% used [0x00000000c0000000,0x00000000c0b404e8,0x00000000c2800000)
 PSPermGen       total 21504K, used 6258K [0x00000000b5a00000, 0x00000000b6f00000, 0x00000000c0000000)
  object space 21504K, 29% used [0x00000000b5a00000,0x00000000b601c878,0x00000000b6f00000)
}
Event: 10.298 GC heap before
{Heap before GC invocations=5 (full 0):
 PSYoungGen      total 66048K, used 66016K [0x00000000eaa80000, 0x00000000eed80000, 0x0000000100000000)
  eden space 63488K, 100% used [0x00000000eaa80000,0x00000000ee880000,0x00000000ee880000)
  from space 2560K, 98% used [0x00000000eeb00000,0x00000000eed78028,0x00000000eed80000)
  to   space 2560K, 0% used [0x00000000ee880000,0x00000000ee880000,0x00000000eeb00000)
 ParOldGen       total 40960K, used 11521K [0x00000000c0000000, 0x00000000c2800000, 0x00000000eaa80000)
  object space 40960K, 28% used [0x00000000c0000000,0x00000000c0b404e8,0x00000000c2800000)
 PSPermGen       total 21504K, used 6316K [0x00000000b5a00000, 0x00000000b6f00000, 0x00000000c0000000)
  object space 21504K, 29% used [0x00000000b5a00000,0x00000000b602b0e8,0x00000000b6f00000)
Event: 10.443 GC heap after
Heap after GC invocations=5 (full 0):
 PSYoungGen      total 66048K, used 2528K [0x00000000eaa80000, 0x00000000f4580000, 0x0000000100000000)
  eden space 63488K, 0% used [0x00000000eaa80000,0x00000000eaa80000,0x00000000ee880000)
  from space 2560K, 98% used [0x00000000ee880000,0x00000000eeaf8028,0x00000000eeb00000)
  to   space 15872K, 0% used [0x00000000f3600000,0x00000000f3600000,0x00000000f4580000)
 ParOldGen       total 40960K, used 24096K [0x00000000c0000000, 0x00000000c2800000, 0x00000000eaa80000)
  object space 40960K, 58% used [0x00000000c0000000,0x00000000c17880e0,0x00000000c2800000)
 PSPermGen       total 21504K, used 6316K [0x00000000b5a00000, 0x00000000b6f00000, 0x00000000c0000000)
  object space 21504K, 29% used [0x00000000b5a00000,0x00000000b602b0e8,0x00000000b6f00000)
}
Event: 13.611 GC heap before
{Heap before GC invocations=6 (full 0):
 PSYoungGen      total 66048K, used 66016K [0x00000000eaa80000, 0x00000000f4580000, 0x0000000100000000)
  eden space 63488K, 100% used [0x00000000eaa80000,0x00000000ee880000,0x00000000ee880000)
  from space 2560K, 98% used [0x00000000ee880000,0x00000000eeaf8028,0x00000000eeb00000)
  to   space 15872K, 0% used [0x00000000f3600000,0x00000000f3600000,0x00000000f4580000)
 ParOldGen       total 40960K, used 24096K [0x00000000c0000000, 0x00000000c2800000, 0x00000000eaa80000)
  object space 40960K, 58% used [0x00000000c0000000,0x00000000c17880e0,0x00000000c2800000)
 PSPermGen       total 21504K, used 6340K [0x00000000b5a00000, 0x00000000b6f00000, 0x00000000c0000000)
  object space 21504K, 29% used [0x00000000b5a00000,0x00000000b60310a8,0x00000000b6f00000)
Event: 13.736 GC heap after
Heap after GC invocations=6 (full 0):
 PSYoungGen      total 139264K, used 15658K [0x00000000eaa80000, 0x00000000f4c80000, 0x0000000100000000)
  eden space 123392K, 0% used [0x00000000eaa80000,0x00000000eaa80000,0x00000000f2300000)
  from space 15872K, 98% used [0x00000000f3600000,0x00000000f454aab0,0x00000000f4580000)
  to   space 19456K, 0% used [0x00000000f2300000,0x00000000f2300000,0x00000000f3600000)
 ParOldGen       total 40960K, used 24096K [0x00000000c0000000, 0x00000000c2800000, 0x00000000eaa80000)
  object space 40960K, 58% used [0x00000000c0000000,0x00000000c17880e0,0x00000000c2800000)
 PSPermGen       total 21504K, used 6340K [0x00000000b5a00000, 0x00000000b6f00000, 0x00000000c0000000)
  object space 21504K, 29% used [0x00000000b5a00000,0x00000000b60310a8,0x00000000b6f00000)
}
Event: 17.874 GC heap before
{Heap before GC invocations=7 (full 0):
 PSYoungGen      total 139264K, used 139050K [0x00000000eaa80000, 0x00000000f4c80000, 0x0000000100000000)
  eden space 123392K, 100% used [0x00000000eaa80000,0x00000000f2300000,0x00000000f2300000)
  from space 15872K, 98% used [0x00000000f3600000,0x00000000f454aab0,0x00000000f4580000)
  to   space 19456K, 0% used [0x00000000f2300000,0x00000000f2300000,0x00000000f3600000)
 ParOldGen       total 40960K, used 24096K [0x00000000c0000000, 0x00000000c2800000, 0x00000000eaa80000)
  object space 40960K, 58% used [0x00000000c0000000,0x00000000c17880e0,0x00000000c2800000)
 PSPermGen       total 21504K, used 6377K [0x00000000b5a00000, 0x00000000b6f00000, 0x00000000c0000000)
  object space 21504K, 29% used [0x00000000b5a00000,0x00000000b603a760,0x00000000b6f00000)

Deoptimization events (10 events):
Event: 1.751 Thread 0x00007f20f8190000 Uncommon trap: reason=unstable_if action=reinterpret pc=0x00007f20f50823c4 method=com.android.dx.rop.cst.Constant.compareTo(Lcom/android/dx/rop/cst/Constant;)I @ 12
Event: 2.912 Thread 0x00007f20f8194800 Uncommon trap: reason=null_check action=make_not_entrant pc=0x00007f20f508cbd8 method=com.android.dx.rop.type.Type.equals(Ljava/lang/Object;)Z @ 8
Event: 5.760 Thread 0x00007f20f8190000 Uncommon trap: reason=unstable_if action=reinterpret pc=0x00007f20f50de5f0 method=com.android.dx.ssa.SCCP.simulateBranch(Lcom/android/dx/ssa/SsaInsn;)V @ 548
Event: 6.615 Thread 0x00007f20f8197800 Uncommon trap: reason=unstable_if action=reinterpret pc=0x00007f20f50c72d8 method=com.android.dx.ssa.DeadCodeRemover.pruneDeadInstructions()V @ 49
Event: 6.615 Thread 0x00007f20f8197800 Uncommon trap: reason=unstable_if action=reinterpret pc=0x00007f20f507ec8c method=com.android.dx.ssa.SsaMethod.deleteInsns(Ljava/util/Set;)V @ 130
Event: 6.862 Thread 0x00007f20f8190000 Uncommon trap: reason=unstable_if action=reinterpret pc=0x00007f20f50cfcdc method=com.android.dx.ssa.Dominators.run()V @ 346
Event: 8.335 Thread 0x00007f20f800a800 Uncommon trap: reason=null_check action=make_not_entrant pc=0x00007f20f51030d0 method=com.android.dx.rop.type.Type.putIntern(Lcom/android/dx/rop/type/Type;)Lcom/android/dx/rop/type/Type; @ 18
Event: 11.250 Thread 0x00007f20f800a800 Uncommon trap: reason=null_check action=make_not_entrant pc=0x00007f20f511493c method=com.android.dx.cf.code.Ropper$CatchInfo.getSetup(Lcom/android/dx/rop/type/Type;)Lcom/android/dx/cf/code/Ropper$ExceptionHandlerSetup; @ 10
Event: 12.813 Thread 0x00007f20f800a800 Uncommon trap: reason=unstable_if action=reinterpret pc=0x00007f20f5131e98 method=java.util.BitSet.ensureCapacity(I)V @ 6
Event: 16.041 Thread 0x00007f20f8190000 Uncommon trap: reason=unstable_if action=reinterpret pc=0x00007f20f5143774 method=com.android.dx.ssa.SCCP.run()V @ 179

Internal exceptions (10 events):
Event: 1.019 Thread 0x00007f20f800a800 Threw 0x00000000eaec9b80 at /home/jmm/jdk4/openjdk-7-7u101-2.6.6/build/openjdk/hotspot/src/share/vm/prims/jvm.cpp:1322
Event: 1.038 Thread 0x00007f20f8196000 Threw 0x00000000eafbadd0 at /home/jmm/jdk4/openjdk-7-7u101-2.6.6/build/openjdk/hotspot/src/share/vm/prims/jvm.cpp:1322
Event: 1.314 Thread 0x00007f20f8196000 Threw 0x00000000eb196c88 at /home/jmm/jdk4/openjdk-7-7u101-2.6.6/build/openjdk/hotspot/src/share/vm/prims/jvm.cpp:1322
Event: 2.912 Thread 0x00007f20f8194800 Implicit null exception at 0x00007f20f508cad2 to 0x00007f20f508cbcb
Event: 3.282 Thread 0x00007f20f800a800 Threw 0x00000000ec1cab08 at /home/jmm/jdk4/openjdk-7-7u101-2.6.6/build/openjdk/hotspot/src/share/vm/prims/jvm.cpp:1322
Event: 7.314 Thread 0x00007f20f8197800 Threw 0x00000000ebbaf2b0 at /home/jmm/jdk4/openjdk-7-7u101-2.6.6/build/openjdk/hotspot/src/share/vm/prims/jvm.cpp:1322
Event: 8.335 Thread 0x00007f20f800a800 Implicit null exception at 0x00007f20f51029df to 0x00007f20f51030c1
Event: 9.875 Thread 0x00007f20f8197800 Threw 0x00000000ee014598 at /home/jmm/jdk4/openjdk-7-7u101-2.6.6/build/openjdk/hotspot/src/share/vm/prims/jvm.cpp:1322
Event: 11.250 Thread 0x00007f20f800a800 Implicit null exception at 0x00007f20f5110bdd to 0x00007f20f51148f5
Event: 12.285 Thread 0x00007f20f800a800 Threw 0x00000000ecfd0b50 at /home/jmm/jdk4/openjdk-7-7u101-2.6.6/build/openjdk/hotspot/src/share/vm/prims/jvm.cpp:1322

Events (10 events):
Event: 13.759 Executing VM operation: BulkRevokeBias done
Event: 16.041 Thread 0x00007f20f8190000 Uncommon trap: trap_request=0xffffff75 fr.pc=0x00007f20f5143774
Event: 16.041 Thread 0x00007f20f8190000 DEOPT PACKING pc=0x00007f20f5143774 sp=0x00007f20f0c0c270
Event: 16.042 Thread 0x00007f20f8190000 DEOPT UNPACKING pc=0x00007f20f5039445 sp=0x00007f20f0c0c280 mode 2
Event: 16.817 Thread 0x00007f20f80ab000 flushing nmethod 0x00007f20f507e450
Event: 16.911 Thread 0x00007f20f80ab000 flushing nmethod 0x00007f20f50c6d10
Event: 16.912 Thread 0x00007f20f80ab000 flushing nmethod 0x00007f20f50cd290
Event: 16.930 Thread 0x00007f20f80ab000 flushing nmethod 0x00007f20f50dd010
Event: 16.930 Thread 0x00007f20f80ab000 flushing nmethod 0x00007f20f5102190
Event: 17.854 Executing VM operation: ParallelGCFailedAllocation


Dynamic libraries:
00400000-00401000 r-xp 00000000 08:0a 5115756                            /usr/lib/jvm/java-7-openjdk-amd64/jre/bin/java
00600000-00601000 r--p 00000000 08:0a 5115756                            /usr/lib/jvm/java-7-openjdk-amd64/jre/bin/java
00601000-00602000 rw-p 00001000 08:0a 5115756                            /usr/lib/jvm/java-7-openjdk-amd64/jre/bin/java
01633000-01654000 rw-p 00000000 00:00 0                                  [heap]
b5a00000-b6f00000 rw-p 00000000 00:00 0 
b6f00000-c0000000 rw-p 00000000 00:00 0 
c0000000-c2800000 rw-p 00000000 00:00 0 
c2800000-eaa80000 rw-p 00000000 00:00 0 
eaa80000-f4c80000 rw-p 00000000 00:00 0 
fd880000-100000000 rw-p 00000000 00:00 0 
7f20ac000000-7f20ac021000 rw-p 00000000 00:00 0 
7f20ac021000-7f20b0000000 ---p 00000000 00:00 0 
7f20b0000000-7f20b0036000 rw-p 00000000 00:00 0 
7f20b0036000-7f20b4000000 ---p 00000000 00:00 0 
7f20b4000000-7f20b4021000 rw-p 00000000 00:00 0 
7f20b4021000-7f20b8000000 ---p 00000000 00:00 0 
7f20b8000000-7f20b8029000 rw-p 00000000 00:00 0 
7f20b8029000-7f20bc000000 ---p 00000000 00:00 0 
7f20bc000000-7f20bc021000 rw-p 00000000 00:00 0 
7f20bc021000-7f20c0000000 ---p 00000000 00:00 0 
7f20c0000000-7f20c003c000 rw-p 00000000 00:00 0 
7f20c003c000-7f20c4000000 ---p 00000000 00:00 0 
7f20c4000000-7f20c5b77000 rw-p 00000000 00:00 0 
7f20c5b77000-7f20c8000000 ---p 00000000 00:00 0 
7f20c8000000-7f20c8021000 rw-p 00000000 00:00 0 
7f20c8021000-7f20cc000000 ---p 00000000 00:00 0 
7f20cc000000-7f20cc021000 rw-p 00000000 00:00 0 
7f20cc021000-7f20d0000000 ---p 00000000 00:00 0 
7f20d0000000-7f20d17d9000 rw-p 00000000 00:00 0 
7f20d17d9000-7f20d4000000 ---p 00000000 00:00 0 
7f20d4000000-7f20d4021000 rw-p 00000000 00:00 0 
7f20d4021000-7f20d8000000 ---p 00000000 00:00 0 
7f20d8000000-7f20d8021000 rw-p 00000000 00:00 0 
7f20d8021000-7f20dc000000 ---p 00000000 00:00 0 
7f20dc000000-7f20dc021000 rw-p 00000000 00:00 0 
7f20dc021000-7f20e0000000 ---p 00000000 00:00 0 
7f20e0000000-7f20e0021000 rw-p 00000000 00:00 0 
7f20e0021000-7f20e4000000 ---p 00000000 00:00 0 
7f20e4000000-7f20e4023000 rw-p 00000000 00:00 0 
7f20e4023000-7f20e8000000 ---p 00000000 00:00 0 
7f20e8000000-7f20e8021000 rw-p 00000000 00:00 0 
7f20e8021000-7f20ec000000 ---p 00000000 00:00 0 
7f20ec000000-7f20ec021000 rw-p 00000000 00:00 0 
7f20ec021000-7f20f0000000 ---p 00000000 00:00 0 
7f20f0709000-7f20f070c000 ---p 00000000 00:00 0 
7f20f070c000-7f20f080a000 rw-p 00000000 00:00 0                          [stack:7377]
7f20f080a000-7f20f080d000 ---p 00000000 00:00 0 
7f20f080d000-7f20f090b000 rw-p 00000000 00:00 0                          [stack:7376]
7f20f090b000-7f20f090e000 ---p 00000000 00:00 0 
7f20f090e000-7f20f0a0c000 rw-p 00000000 00:00 0                          [stack:7374]
7f20f0a0c000-7f20f0a0f000 ---p 00000000 00:00 0 
7f20f0a0f000-7f20f0b0d000 rw-p 00000000 00:00 0                          [stack:7372]
7f20f0b0d000-7f20f0b10000 ---p 00000000 00:00 0 
7f20f0b10000-7f20f0f0f000 rw-p 00000000 00:00 0                          [stack:7371]
7f20f0f0f000-7f20f0f7b000 r-xp 00000000 08:0a 4849710                    /lib/x86_64-linux-gnu/libpcre.so.3.13.1
7f20f0f7b000-7f20f117b000 ---p 0006c000 08:0a 4849710                    /lib/x86_64-linux-gnu/libpcre.so.3.13.1
7f20f117b000-7f20f117c000 r--p 0006c000 08:0a 4849710                    /lib/x86_64-linux-gnu/libpcre.so.3.13.1
7f20f117c000-7f20f117d000 rw-p 0006d000 08:0a 4849710                    /lib/x86_64-linux-gnu/libpcre.so.3.13.1
7f20f117d000-7f20f1184000 r-xp 00000000 08:0a 4198832                    /usr/lib/x86_64-linux-gnu/libffi.so.6.0.2
7f20f1184000-7f20f1383000 ---p 00007000 08:0a 4198832                    /usr/lib/x86_64-linux-gnu/libffi.so.6.0.2
7f20f1383000-7f20f1384000 r--p 00006000 08:0a 4198832                    /usr/lib/x86_64-linux-gnu/libffi.so.6.0.2
7f20f1384000-7f20f1385000 rw-p 00007000 08:0a 4198832                    /usr/lib/x86_64-linux-gnu/libffi.so.6.0.2
7f20f1385000-7f20f1399000 r-xp 00000000 08:0a 4849686                    /lib/x86_64-linux-gnu/libresolv-2.19.so
7f20f1399000-7f20f1598000 ---p 00014000 08:0a 4849686                    /lib/x86_64-linux-gnu/libresolv-2.19.so
7f20f1598000-7f20f1599000 r--p 00013000 08:0a 4849686                    /lib/x86_64-linux-gnu/libresolv-2.19.so
7f20f1599000-7f20f159a000 rw-p 00014000 08:0a 4849686                    /lib/x86_64-linux-gnu/libresolv-2.19.so
7f20f159a000-7f20f159c000 rw-p 00000000 00:00 0 
7f20f159c000-7f20f15bd000 r-xp 00000000 08:0a 4849763                    /lib/x86_64-linux-gnu/libselinux.so.1
7f20f15bd000-7f20f17bd000 ---p 00021000 08:0a 4849763                    /lib/x86_64-linux-gnu/libselinux.so.1
7f20f17bd000-7f20f17be000 r--p 00021000 08:0a 4849763                    /lib/x86_64-linux-gnu/libselinux.so.1
7f20f17be000-7f20f17bf000 rw-p 00022000 08:0a 4849763                    /lib/x86_64-linux-gnu/libselinux.so.1
7f20f17bf000-7f20f17c1000 rw-p 00000000 00:00 0 
7f20f17c1000-7f20f17c4000 r-xp 00000000 08:0a 4201883                    /usr/lib/x86_64-linux-gnu/libgmodule-2.0.so.0.4200.1
7f20f17c4000-7f20f19c3000 ---p 00003000 08:0a 4201883                    /usr/lib/x86_64-linux-gnu/libgmodule-2.0.so.0.4200.1
7f20f19c3000-7f20f19c4000 r--p 00002000 08:0a 4201883                    /usr/lib/x86_64-linux-gnu/libgmodule-2.0.so.0.4200.1
7f20f19c4000-7f20f19c5000 rw-p 00003000 08:0a 4201883                    /usr/lib/x86_64-linux-gnu/libgmodule-2.0.so.0.4200.1
7f20f19c5000-7f20f1ad1000 r-xp 00000000 08:0a 4850183                    /lib/x86_64-linux-gnu/libglib-2.0.so.0.4200.1
7f20f1ad1000-7f20f1cd1000 ---p 0010c000 08:0a 4850183                    /lib/x86_64-linux-gnu/libglib-2.0.so.0.4200.1
7f20f1cd1000-7f20f1cd2000 r--p 0010c000 08:0a 4850183                    /lib/x86_64-linux-gnu/libglib-2.0.so.0.4200.1
7f20f1cd2000-7f20f1cd3000 rw-p 0010d000 08:0a 4850183                    /lib/x86_64-linux-gnu/libglib-2.0.so.0.4200.1
7f20f1cd3000-7f20f1cd4000 rw-p 00000000 00:00 0 
7f20f1cd4000-7f20f1d25000 r-xp 00000000 08:0a 4201882                    /usr/lib/x86_64-linux-gnu/libgobject-2.0.so.0.4200.1
7f20f1d25000-7f20f1f25000 ---p 00051000 08:0a 4201882                    /usr/lib/x86_64-linux-gnu/libgobject-2.0.so.0.4200.1
7f20f1f25000-7f20f1f26000 r--p 00051000 08:0a 4201882                    /usr/lib/x86_64-linux-gnu/libgobject-2.0.so.0.4200.1
7f20f1f26000-7f20f1f27000 rw-p 00052000 08:0a 4201882                    /usr/lib/x86_64-linux-gnu/libgobject-2.0.so.0.4200.1
7f20f1f27000-7f20f2099000 r-xp 00000000 08:0a 4201885                    /usr/lib/x86_64-linux-gnu/libgio-2.0.so.0.4200.1
7f20f2099000-7f20f2299000 ---p 00172000 08:0a 4201885                    /usr/lib/x86_64-linux-gnu/libgio-2.0.so.0.4200.1
7f20f2299000-7f20f229d000 r--p 00172000 08:0a 4201885                    /usr/lib/x86_64-linux-gnu/libgio-2.0.so.0.4200.1
7f20f229d000-7f20f229f000 rw-p 00176000 08:0a 4201885                    /usr/lib/x86_64-linux-gnu/libgio-2.0.so.0.4200.1
7f20f229f000-7f20f22a1000 rw-p 00000000 00:00 0 
7f20f22a1000-7f20f22b9000 r-xp 00000000 08:0a 4986150                    /usr/lib/jvm/java-7-openjdk-amd64/jre/lib/amd64/libnet.so
7f20f22b9000-7f20f24b8000 ---p 00018000 08:0a 4986150                    /usr/lib/jvm/java-7-openjdk-amd64/jre/lib/amd64/libnet.so
7f20f24b8000-7f20f24b9000 r--p 00017000 08:0a 4986150                    /usr/lib/jvm/java-7-openjdk-amd64/jre/lib/amd64/libnet.so
7f20f24b9000-7f20f24ba000 rw-p 00018000 08:0a 4986150                    /usr/lib/jvm/java-7-openjdk-amd64/jre/lib/amd64/libnet.so
7f20f24ba000-7f20f24cb000 r-xp 00000000 08:0a 4986137                    /usr/lib/jvm/java-7-openjdk-amd64/jre/lib/amd64/libnio.so
7f20f24cb000-7f20f26ca000 ---p 00011000 08:0a 4986137                    /usr/lib/jvm/java-7-openjdk-amd64/jre/lib/amd64/libnio.so
7f20f26ca000-7f20f26cb000 r--p 00010000 08:0a 4986137                    /usr/lib/jvm/java-7-openjdk-amd64/jre/lib/amd64/libnio.so
7f20f26cb000-7f20f26cc000 rw-p 00011000 08:0a 4986137                    /usr/lib/jvm/java-7-openjdk-amd64/jre/lib/amd64/libnio.so
7f20f26cc000-7f20f26cd000 ---p 00000000 00:00 0 
7f20f26cd000-7f20f27cd000 rw-p 00000000 00:00 0                          [stack:7360]
7f20f27cd000-7f20f27d0000 ---p 00000000 00:00 0 
7f20f27d0000-7f20f28ce000 rw-p 00000000 00:00 0                          [stack:7359]
7f20f28ce000-7f20f28d1000 ---p 00000000 00:00 0 
7f20f28d1000-7f20f29cf000 rw-p 00000000 00:00 0                          [stack:7358]
7f20f29cf000-7f20f29d2000 ---p 00000000 00:00 0 
7f20f29d2000-7f20f5000000 rw-p 00000000 00:00 0                          [stack:7357]
7f20f5000000-7f20f5270000 rwxp 00000000 00:00 0 
7f20f5270000-7f20f81dc000 rw-p 00000000 00:00 0 
7f20f81dc000-7f20fc000000 ---p 00000000 00:00 0 
7f20fc057000-7f20fc065000 r--s 00081000 08:0a 3803950                    /home/kamalnrf/Projects/AndroidApplications/Wallet/app/build/intermediates/exploded-aar/com.google.android.gms/play-services-basement/9.0.0/jars/classes.jar
7f20fc065000-7f20fc074000 r--s 000df000 08:0a 918663                     /home/kamalnrf/Software/DevlopmentKit/android-sdk-linux/build-tools/23.0.2/lib/dx.jar
7f20fc074000-7f20fc077000 ---p 00000000 00:00 0 
7f20fc077000-7f20fc175000 rw-p 00000000 00:00 0                          [stack:7356]
7f20fc175000-7f20fc2fe000 r--p 00000000 08:0a 4198184                    /usr/lib/locale/locale-archive
7f20fc2fe000-7f20fc301000 ---p 00000000 00:00 0 
7f20fc301000-7f20fc3ff000 rw-p 00000000 00:00 0                          [stack:7343]
7f20fc3ff000-7f20fc402000 ---p 00000000 00:00 0 
7f20fc402000-7f20fc500000 rw-p 00000000 00:00 0                          [stack:7342]
7f20fc500000-7f20fc501000 ---p 00000000 00:00 0 
7f20fc501000-7f20fd5fe000 rw-p 00000000 00:00 0                          [stack:7336]
7f20fd5fe000-7f20fd7b0000 r--s 01d32000 08:0a 4726050                    /usr/lib/jvm/java-7-openjdk-amd64/jre/lib/rt.jar
7f20fd7b0000-7f20fdafc000 rw-p 00000000 00:00 0 
7f20fdafc000-7f20fdafd000 ---p 00000000 00:00 0 
7f20fdafd000-7f20fdbfd000 rw-p 00000000 00:00 0                          [stack:7332]
7f20fdbfd000-7f20fdbfe000 ---p 00000000 00:00 0 
7f20fdbfe000-7f20fdcfe000 rw-p 00000000 00:00 0                          [stack:7329]
7f20fdcfe000-7f20fdcff000 ---p 00000000 00:00 0 
7f20fdcff000-7f20fddff000 rw-p 00000000 00:00 0                          [stack:7327]
7f20fddff000-7f20fde00000 ---p 00000000 00:00 0 
7f20fde00000-7f20fdf0b000 rw-p 00000000 00:00 0                          [stack:7326]
7f20fdf0b000-7f20fdf53000 rw-p 00000000 00:00 0 
7f20fdf53000-7f20fdf67000 rw-p 00000000 00:00 0 
7f20fdf67000-7f20fe0a9000 rw-p 00000000 00:00 0 
7f20fe0a9000-7f20fe0b4000 rw-p 00000000 00:00 0 
7f20fe0b4000-7f20fe0fc000 rw-p 00000000 00:00 0 
7f20fe0fc000-7f20fe110000 rw-p 00000000 00:00 0 
7f20fe110000-7f20fe251000 rw-p 00000000 00:00 0 
7f20fe251000-7f20fe2a3000 rw-p 00000000 00:00 0 
7f20fe2a3000-7f20fe2fc000 rw-p 00000000 00:00 0 
7f20fe2fc000-7f20fe2fd000 rw-p 00000000 00:00 0 
7f20fe2fd000-7f20fe305000 r-xp 00000000 08:0a 4986132                    /usr/lib/jvm/java-7-openjdk-amd64/jre/lib/amd64/libzip.so
7f20fe305000-7f20fe504000 ---p 00008000 08:0a 4986132                    /usr/lib/jvm/java-7-openjdk-amd64/jre/lib/amd64/libzip.so
7f20fe504000-7f20fe505000 r--p 00007000 08:0a 4986132                    /usr/lib/jvm/java-7-openjdk-amd64/jre/lib/amd64/libzip.so
7f20fe505000-7f20fe506000 rw-p 00008000 08:0a 4986132                    /usr/lib/jvm/java-7-openjdk-amd64/jre/lib/amd64/libzip.so
7f20fe506000-7f20fe511000 r-xp 00000000 08:0a 4849681                    /lib/x86_64-linux-gnu/libnss_files-2.19.so
7f20fe511000-7f20fe710000 ---p 0000b000 08:0a 4849681                    /lib/x86_64-linux-gnu/libnss_files-2.19.so
7f20fe710000-7f20fe711000 r--p 0000a000 08:0a 4849681                    /lib/x86_64-linux-gnu/libnss_files-2.19.so
7f20fe711000-7f20fe712000 rw-p 0000b000 08:0a 4849681                    /lib/x86_64-linux-gnu/libnss_files-2.19.so
7f20fe712000-7f20fe71c000 r-xp 00000000 08:0a 4849683                    /lib/x86_64-linux-gnu/libnss_nis-2.19.so
7f20fe71c000-7f20fe91b000 ---p 0000a000 08:0a 4849683                    /lib/x86_64-linux-gnu/libnss_nis-2.19.so
7f20fe91b000-7f20fe91c000 r--p 00009000 08:0a 4849683                    /lib/x86_64-linux-gnu/libnss_nis-2.19.so
7f20fe91c000-7f20fe91d000 rw-p 0000a000 08:0a 4849683                    /lib/x86_64-linux-gnu/libnss_nis-2.19.so
7f20fe91d000-7f20fe932000 r-xp 00000000 08:0a 4849678                    /lib/x86_64-linux-gnu/libnsl-2.19.so
7f20fe932000-7f20feb31000 ---p 00015000 08:0a 4849678                    /lib/x86_64-linux-gnu/libnsl-2.19.so
7f20feb31000-7f20feb32000 r--p 00014000 08:0a 4849678                    /lib/x86_64-linux-gnu/libnsl-2.19.so
7f20feb32000-7f20feb33000 rw-p 00015000 08:0a 4849678                    /lib/x86_64-linux-gnu/libnsl-2.19.so
7f20feb33000-7f20feb35000 rw-p 00000000 00:00 0 
7f20feb35000-7f20feb3c000 r-xp 00000000 08:0a 4849679                    /lib/x86_64-linux-gnu/libnss_compat-2.19.so
7f20feb3c000-7f20fed3b000 ---p 00007000 08:0a 4849679                    /lib/x86_64-linux-gnu/libnss_compat-2.19.so
7f20fed3b000-7f20fed3c000 r--p 00006000 08:0a 4849679                    /lib/x86_64-linux-gnu/libnss_compat-2.19.so
7f20fed3c000-7f20fed3d000 rw-p 00007000 08:0a 4849679                    /lib/x86_64-linux-gnu/libnss_compat-2.19.so
7f20fed3d000-7f20fed6a000 r-xp 00000000 08:0a 4986159                    /usr/lib/jvm/java-7-openjdk-amd64/jre/lib/amd64/libjava.so
7f20fed6a000-7f20fef69000 ---p 0002d000 08:0a 4986159                    /usr/lib/jvm/java-7-openjdk-amd64/jre/lib/amd64/libjava.so
7f20fef69000-7f20fef6a000 r--p 0002c000 08:0a 4986159                    /usr/lib/jvm/java-7-openjdk-amd64/jre/lib/amd64/libjava.so
7f20fef6a000-7f20fef6c000 rw-p 0002d000 08:0a 4986159                    /usr/lib/jvm/java-7-openjdk-amd64/jre/lib/amd64/libjava.so
7f20fef6c000-7f20fef7b000 r-xp 00000000 08:0a 4986127                    /usr/lib/jvm/java-7-openjdk-amd64/jre/lib/amd64/libverify.so
7f20fef7b000-7f20ff17a000 ---p 0000f000 08:0a 4986127                    /usr/lib/jvm/java-7-openjdk-amd64/jre/lib/amd64/libverify.so
7f20ff17a000-7f20ff17d000 r--p 0000e000 08:0a 4986127                    /usr/lib/jvm/java-7-openjdk-amd64/jre/lib/amd64/libverify.so
7f20ff17d000-7f20ff17e000 rw-p 00011000 08:0a 4986127                    /usr/lib/jvm/java-7-openjdk-amd64/jre/lib/amd64/libverify.so
7f20ff17e000-7f20ff185000 r-xp 00000000 08:0a 4849687                    /lib/x86_64-linux-gnu/librt-2.19.so
7f20ff185000-7f20ff384000 ---p 00007000 08:0a 4849687                    /lib/x86_64-linux-gnu/librt-2.19.so
7f20ff384000-7f20ff385000 r--p 00006000 08:0a 4849687                    /lib/x86_64-linux-gnu/librt-2.19.so
7f20ff385000-7f20ff386000 rw-p 00007000 08:0a 4849687                    /lib/x86_64-linux-gnu/librt-2.19.so
7f20ff386000-7f20ff39c000 r-xp 00000000 08:0a 4849668                    /lib/x86_64-linux-gnu/libgcc_s.so.1
7f20ff39c000-7f20ff59b000 ---p 00016000 08:0a 4849668                    /lib/x86_64-linux-gnu/libgcc_s.so.1
7f20ff59b000-7f20ff59c000 rw-p 00015000 08:0a 4849668                    /lib/x86_64-linux-gnu/libgcc_s.so.1
7f20ff59c000-7f20ff69c000 r-xp 00000000 08:0a 4849676                    /lib/x86_64-linux-gnu/libm-2.19.so
7f20ff69c000-7f20ff89b000 ---p 00100000 08:0a 4849676                    /lib/x86_64-linux-gnu/libm-2.19.so
7f20ff89b000-7f20ff89c000 r--p 000ff000 08:0a 4849676                    /lib/x86_64-linux-gnu/libm-2.19.so
7f20ff89c000-7f20ff89d000 rw-p 00100000 08:0a 4849676                    /lib/x86_64-linux-gnu/libm-2.19.so
7f20ff89d000-7f20ff989000 r-xp 00000000 08:0a 4199245                    /usr/lib/x86_64-linux-gnu/libstdc++.so.6.0.20
7f20ff989000-7f20ffb89000 ---p 000ec000 08:0a 4199245                    /usr/lib/x86_64-linux-gnu/libstdc++.so.6.0.20
7f20ffb89000-7f20ffb91000 r--p 000ec000 08:0a 4199245                    /usr/lib/x86_64-linux-gnu/libstdc++.so.6.0.20
7f20ffb91000-7f20ffb93000 rw-p 000f4000 08:0a 4199245                    /usr/lib/x86_64-linux-gnu/libstdc++.so.6.0.20
7f20ffb93000-7f20ffba8000 rw-p 00000000 00:00 0 
7f20ffba8000-7f21006ff000 r-xp 00000000 08:0a 5115728                    /usr/lib/jvm/java-7-openjdk-amd64/jre/lib/amd64/server/libjvm.so
7f21006ff000-7f21008ff000 ---p 00b57000 08:0a 5115728                    /usr/lib/jvm/java-7-openjdk-amd64/jre/lib/amd64/server/libjvm.so
7f21008ff000-7f210099e000 r--p 00b57000 08:0a 5115728                    /usr/lib/jvm/java-7-openjdk-amd64/jre/lib/amd64/server/libjvm.so
7f210099e000-7f21009c1000 rw-p 00bf6000 08:0a 5115728                    /usr/lib/jvm/java-7-openjdk-amd64/jre/lib/amd64/server/libjvm.so
7f21009c1000-7f21009ef000 rw-p 00000000 00:00 0 
7f21009ef000-7f2100a09000 r-xp 00000000 08:0a 4849764                    /lib/x86_64-linux-gnu/libz.so.1.2.8
7f2100a09000-7f2100c08000 ---p 0001a000 08:0a 4849764                    /lib/x86_64-linux-gnu/libz.so.1.2.8
7f2100c08000-7f2100c09000 r--p 00019000 08:0a 4849764                    /lib/x86_64-linux-gnu/libz.so.1.2.8
7f2100c09000-7f2100c0a000 rw-p 0001a000 08:0a 4849764                    /lib/x86_64-linux-gnu/libz.so.1.2.8
7f2100c0a000-7f2100dac000 r-xp 00000000 08:0a 4849672                    /lib/x86_64-linux-gnu/libc-2.19.so
7f2100dac000-7f2100fab000 ---p 001a2000 08:0a 4849672                    /lib/x86_64-linux-gnu/libc-2.19.so
7f2100fab000-7f2100faf000 r--p 001a1000 08:0a 4849672                    /lib/x86_64-linux-gnu/libc-2.19.so
7f2100faf000-7f2100fb1000 rw-p 001a5000 08:0a 4849672                    /lib/x86_64-linux-gnu/libc-2.19.so
7f2100fb1000-7f2100fb5000 rw-p 00000000 00:00 0 
7f2100fb5000-7f2100fb8000 r-xp 00000000 08:0a 4849675                    /lib/x86_64-linux-gnu/libdl-2.19.so
7f2100fb8000-7f21011b7000 ---p 00003000 08:0a 4849675                    /lib/x86_64-linux-gnu/libdl-2.19.so
7f21011b7000-7f21011b8000 r--p 00002000 08:0a 4849675                    /lib/x86_64-linux-gnu/libdl-2.19.so
7f21011b8000-7f21011b9000 rw-p 00003000 08:0a 4849675                    /lib/x86_64-linux-gnu/libdl-2.19.so
7f21011b9000-7f21011c6000 r-xp 00000000 08:0a 4986130                    /usr/lib/jvm/java-7-openjdk-amd64/jre/lib/amd64/jli/libjli.so
7f21011c6000-7f21013c5000 ---p 0000d000 08:0a 4986130                    /usr/lib/jvm/java-7-openjdk-amd64/jre/lib/amd64/jli/libjli.so
7f21013c5000-7f21013c6000 r--p 0000c000 08:0a 4986130                    /usr/lib/jvm/java-7-openjdk-amd64/jre/lib/amd64/jli/libjli.so
7f21013c6000-7f21013c7000 rw-p 0000d000 08:0a 4986130                    /usr/lib/jvm/java-7-openjdk-amd64/jre/lib/amd64/jli/libjli.so
7f21013c7000-7f21013df000 r-xp 00000000 08:0a 4849667                    /lib/x86_64-linux-gnu/libpthread-2.19.so
7f21013df000-7f21015de000 ---p 00018000 08:0a 4849667                    /lib/x86_64-linux-gnu/libpthread-2.19.so
7f21015de000-7f21015df000 r--p 00017000 08:0a 4849667                    /lib/x86_64-linux-gnu/libpthread-2.19.so
7f21015df000-7f21015e0000 rw-p 00018000 08:0a 4849667                    /lib/x86_64-linux-gnu/libpthread-2.19.so
7f21015e0000-7f21015e4000 rw-p 00000000 00:00 0 
7f21015e4000-7f2101604000 r-xp 00000000 08:0a 4849669                    /lib/x86_64-linux-gnu/ld-2.19.so
7f2101605000-7f2101628000 rw-p 00000000 00:00 0 
7f2101628000-7f21016de000 rw-p 00000000 00:00 0 
7f21016de000-7f21016e1000 ---p 00000000 00:00 0 
7f21016e1000-7f21017e4000 rw-p 00000000 00:00 0                          [stack:7323]
7f21017e4000-7f21017e8000 r--s 00034000 08:0a 4850854                    /usr/lib/jvm/java-7-openjdk-amd64/jre/lib/ext/sunjce_provider.jar
7f21017e8000-7f21017ea000 r--s 00012000 08:0a 4850848                    /usr/lib/jvm/java-7-openjdk-amd64/jre/lib/ext/zipfs.jar
7f21017ea000-7f21017ec000 r--s 00006000 08:0a 4724788                    /usr/share/java/java-atk-wrapper.jar
7f21017ec000-7f21017f0000 r--s 00085000 08:0a 4850849                    /usr/lib/jvm/java-7-openjdk-amd64/jre/lib/ext/localedata.jar
7f21017f0000-7f21017f1000 r--s 00002000 08:0a 4850850                    /usr/lib/jvm/java-7-openjdk-amd64/jre/lib/ext/dnsns.jar
7f21017f1000-7f21017f5000 r--s 0003c000 08:0a 4850852                    /usr/lib/jvm/java-7-openjdk-amd64/jre/lib/ext/sunpkcs11.jar
7f21017f5000-7f21017f8000 r--s 0000f000 08:0a 4850851                    /usr/lib/jvm/java-7-openjdk-amd64/jre/lib/ext/icedtea-sound.jar
7f21017f8000-7f2101800000 rw-s 00000000 08:0a 4466800                    /tmp/hsperfdata_kamalnrf/7307
7f2101800000-7f2101801000 rw-p 00000000 00:00 0 
7f2101801000-7f2101802000 ---p 00000000 00:00 0 
7f2101802000-7f2101804000 rw-p 00000000 00:00 0 
7f2101804000-7f2101805000 r--p 00020000 08:0a 4849669                    /lib/x86_64-linux-gnu/ld-2.19.so
7f2101805000-7f2101806000 rw-p 00021000 08:0a 4849669                    /lib/x86_64-linux-gnu/ld-2.19.so
7f2101806000-7f2101807000 rw-p 00000000 00:00 0 
7ffdac97c000-7ffdac99d000 rw-p 00000000 00:00 0                          [stack]
7ffdac9c9000-7ffdac9cb000 r-xp 00000000 00:00 0                          [vdso]
7ffdac9cb000-7ffdac9cd000 r--p 00000000 00:00 0                          [vvar]
ffffffffff600000-ffffffffff601000 r-xp 00000000 00:00 0                  [vsyscall]

VM Arguments:
jvm_args: -Djava.awt.headless=true -Xmx1024M -Dfile.encoding=UTF-8 -Duser.country=IN -Duser.language=en -Duser.variant 
java_command: com.android.dx.command.Main --dex --force-jumbo --num-threads=4 --multi-dex --output /home/kamalnrf/Projects/AndroidApplications/Wallet/app/build/intermediates/transforms/dex/debug/folders/1000/10/com.google.android.gms-play-services-basement-9.0.0_502b013ce7a789f45092cfd506b6a0d6b906ddfb /home/kamalnrf/Projects/AndroidApplications/Wallet/app/build/intermediates/exploded-aar/com.google.android.gms/play-services-basement/9.0.0/jars/classes.jar
Launcher Type: SUN_STANDARD

Environment Variables:
JAVA_HOME=/home/kamalnrf/Software/DevlopmentKit/usr/java/jdk1.8.0_91
PATH=/usr/local/bin:/usr/bin:/bin:/usr/local/games:/usr/games:/home/kamalnrf/bin:/usr/local/java/jdk1.8.0_92/bin
USERNAME=kamalnrf
LD_LIBRARY_PATH=./Software/IDE/android-studio/bin:
SHELL=/bin/bash
DISPLAY=:0

Signal Handlers:
SIGSEGV: [libjvm.so+0x989ea0], sa_mask[0]=0x7ffbfeff, sa_flags=0x10000004
SIGBUS: [libjvm.so+0x989ea0], sa_mask[0]=0x7ffbfeff, sa_flags=0x10000004
SIGFPE: [libjvm.so+0x7f6820], sa_mask[0]=0x7ffbfeff, sa_flags=0x10000004
SIGPIPE: [libjvm.so+0x7f6820], sa_mask[0]=0x7ffbfeff, sa_flags=0x10000004
SIGXFSZ: [libjvm.so+0x7f6820], sa_mask[0]=0x7ffbfeff, sa_flags=0x10000004
SIGILL: [libjvm.so+0x7f6820], sa_mask[0]=0x7ffbfeff, sa_flags=0x10000004
SIGUSR1: SIG_DFL, sa_mask[0]=0x00000000, sa_flags=0x00000000
SIGUSR2: [libjvm.so+0x7f66a0], sa_mask[0]=0x00000004, sa_flags=0x10000004
SIGHUP: [libjvm.so+0x7f68a0], sa_mask[0]=0x7ffbfeff, sa_flags=0x10000004
SIGINT: [libjvm.so+0x7f68a0], sa_mask[0]=0x7ffbfeff, sa_flags=0x10000004
SIGTERM: [libjvm.so+0x7f68a0], sa_mask[0]=0x7ffbfeff, sa_flags=0x10000004
SIGQUIT: [libjvm.so+0x7f68a0], sa_mask[0]=0x7ffbfeff, sa_flags=0x10000004
SIGTRAP: SIG_DFL, sa_mask[0]=0x00000000, sa_flags=0x00000000


---------------  S Y S T E M  ---------------

OS:8.4

uname:Linux 3.16.0-4-amd64 #1 SMP Debian 3.16.7-ckt25-2 (2016-04-08) x86_64
libc:glibc 2.19 NPTL 2.19 
rlimit: STACK 8192k, CORE 0k, NPROC 15083, NOFILE 65536, AS infinity
load average:7.96 4.17 8.35

/proc/meminfo:
MemTotal:        3948420 kB
MemFree:          108428 kB
MemAvailable:      53096 kB
Buffers:            1824 kB
Cached:           694708 kB
SwapCached:            0 kB
Active:          3017676 kB
Inactive:         667908 kB
Active(anon):    3002080 kB
Inactive(anon):   654416 kB
Active(file):      15596 kB
Inactive(file):    13492 kB
Unevictable:         304 kB
Mlocked:             304 kB
SwapTotal:             0 kB
SwapFree:              0 kB
Dirty:               160 kB
Writeback:           988 kB
AnonPages:       2990100 kB
Mapped:           543316 kB
Shmem:            666648 kB
Slab:              70976 kB
SReclaimable:      29172 kB
SUnreclaim:        41804 kB
KernelStack:       11024 kB
PageTables:        39140 kB
NFS_Unstable:          0 kB
Bounce:                0 kB
WritebackTmp:          0 kB
CommitLimit:     1974208 kB
Committed_AS:    8011500 kB
VmallocTotal:   34359738367 kB
VmallocUsed:      543496 kB
VmallocChunk:   34359177800 kB
HardwareCorrupted:     0 kB
AnonHugePages:         0 kB
HugePages_Total:       0
HugePages_Free:        0
HugePages_Rsvd:        0
HugePages_Surp:        0
Hugepagesize:       2048 kB
DirectMap4k:       88832 kB
DirectMap2M:     2947072 kB
DirectMap1G:     1048576 kB


CPU:total 4 (2 cores per cpu, 2 threads per core) family 6 model 69 stepping 1, cmov, cx8, fxsr, mmx, sse, sse2, sse3, ssse3, sse4.1, sse4.2, popcnt, avx, avx2, aes, erms, ht, tsc, tscinvbit

/proc/cpuinfo:
processor	: 0
vendor_id	: GenuineIntel
cpu family	: 6
model		: 69
model name	: Intel(R) Core(TM) i5-4210U CPU @ 1.70GHz
stepping	: 1
microcode	: 0x17
cpu MHz		: 2400.000
cache size	: 3072 KB
physical id	: 0
siblings	: 4
core id		: 0
cpu cores	: 2
apicid		: 0
initial apicid	: 0
fpu		: yes
fpu_exception	: yes
cpuid level	: 13
wp		: yes
flags		: fpu vme de pse tsc msr pae mce cx8 apic sep mtrr pge mca cmov pat pse36 clflush dts acpi mmx fxsr sse sse2 ss ht tm pbe syscall nx pdpe1gb rdtscp lm constant_tsc arch_perfmon pebs bts rep_good nopl xtopology nonstop_tsc aperfmperf eagerfpu pni pclmulqdq dtes64 monitor ds_cpl vmx est tm2 ssse3 fma cx16 xtpr pdcm pcid sse4_1 sse4_2 movbe popcnt tsc_deadline_timer aes xsave avx f16c rdrand lahf_lm abm ida arat epb xsaveopt pln pts dtherm tpr_shadow vnmi flexpriority ept vpid fsgsbase tsc_adjust bmi1 avx2 smep bmi2 erms invpcid
bogomips	: 4789.24
clflush size	: 64
cache_alignment	: 64
address sizes	: 39 bits physical, 48 bits virtual
power management:

processor	: 1
vendor_id	: GenuineIntel
cpu family	: 6
model		: 69
model name	: Intel(R) Core(TM) i5-4210U CPU @ 1.70GHz
stepping	: 1
microcode	: 0x17
cpu MHz		: 2400.000
cache size	: 3072 KB
physical id	: 0
siblings	: 4
core id		: 0
cpu cores	: 2
apicid		: 1
initial apicid	: 1
fpu		: yes
fpu_exception	: yes
cpuid level	: 13
wp		: yes
flags		: fpu vme de pse tsc msr pae mce cx8 apic sep mtrr pge mca cmov pat pse36 clflush dts acpi mmx fxsr sse sse2 ss ht tm pbe syscall nx pdpe1gb rdtscp lm constant_tsc arch_perfmon pebs bts rep_good nopl xtopology nonstop_tsc aperfmperf eagerfpu pni pclmulqdq dtes64 monitor ds_cpl vmx est tm2 ssse3 fma cx16 xtpr pdcm pcid sse4_1 sse4_2 movbe popcnt tsc_deadline_timer aes xsave avx f16c rdrand lahf_lm abm ida arat epb xsaveopt pln pts dtherm tpr_shadow vnmi flexpriority ept vpid fsgsbase tsc_adjust bmi1 avx2 smep bmi2 erms invpcid
bogomips	: 4789.24
clflush size	: 64
cache_alignment	: 64
address sizes	: 39 bits physical, 48 bits virtual
power management:

processor	: 2
vendor_id	: GenuineIntel
cpu family	: 6
model		: 69
model name	: Intel(R) Core(TM) i5-4210U CPU @ 1.70GHz
stepping	: 1
microcode	: 0x17
cpu MHz		: 2400.000
cache size	: 3072 KB
physical id	: 0
siblings	: 4
core id		: 1
cpu cores	: 2
apicid		: 2
initial apicid	: 2
fpu		: yes
fpu_exception	: yes
cpuid level	: 13
wp		: yes
flags		: fpu vme de pse tsc msr pae mce cx8 apic sep mtrr pge mca cmov pat pse36 clflush dts acpi mmx fxsr sse sse2 ss ht tm pbe syscall nx pdpe1gb rdtscp lm constant_tsc arch_perfmon pebs bts rep_good nopl xtopology nonstop_tsc aperfmperf eagerfpu pni pclmulqdq dtes64 monitor ds_cpl vmx est tm2 ssse3 fma cx16 xtpr pdcm pcid sse4_1 sse4_2 movbe popcnt tsc_deadline_timer aes xsave avx f16c rdrand lahf_lm abm ida arat epb xsaveopt pln pts dtherm tpr_shadow vnmi flexpriority ept vpid fsgsbase tsc_adjust bmi1 avx2 smep bmi2 erms invpcid
bogomips	: 4789.24
clflush size	: 64
cache_alignment	: 64
address sizes	: 39 bits physical, 48 bits virtual
power management:

processor	: 3
vendor_id	: GenuineIntel
cpu family	: 6
model		: 69
model name	: Intel(R) Core(TM) i5-4210U CPU @ 1.70GHz
stepping	: 1
microcode	: 0x17
cpu MHz		: 2400.000
cache size	: 3072 KB
physical id	: 0
siblings	: 4
core id		: 1
cpu cores	: 2
apicid		: 3
initial apicid	: 3
fpu		: yes
fpu_exception	: yes
cpuid level	: 13
wp		: yes
flags		: fpu vme de pse tsc msr pae mce cx8 apic sep mtrr pge mca cmov pat pse36 clflush dts acpi mmx fxsr sse sse2 ss ht tm pbe syscall nx pdpe1gb rdtscp lm constant_tsc arch_perfmon pebs bts rep_good nopl xtopology nonstop_tsc aperfmperf eagerfpu pni pclmulqdq dtes64 monitor ds_cpl vmx est tm2 ssse3 fma cx16 xtpr pdcm pcid sse4_1 sse4_2 movbe popcnt tsc_deadline_timer aes xsave avx f16c rdrand lahf_lm abm ida arat epb xsaveopt pln pts dtherm tpr_shadow vnmi flexpriority ept vpid fsgsbase tsc_adjust bmi1 avx2 smep bmi2 erms invpcid
bogomips	: 4789.24
clflush size	: 64
cache_alignment	: 64
address sizes	: 39 bits physical, 48 bits virtual
power management:



Memory: 4k page, physical 3948420k(108428k free), swap 0k(0k free)

vm_info: OpenJDK 64-Bit Server VM (24.95-b01) for linux-amd64 JRE (1.7.0_101-b00), built on Apr 25 2016 09:53:23 by "jmm" with gcc 4.9.2

time: Mon Jun 13 14:54:02 2016
elapsed time: 20 seconds

